mode: set
project/cmd/app/main.go:22.49,24.16 2 0
project/cmd/app/main.go:24.16,26.3 1 0
project/cmd/app/main.go:28.2,28.34 1 0
project/cmd/app/main.go:28.34,30.3 1 0
project/cmd/app/main.go:32.2,32.11 1 0
project/cmd/app/main.go:35.49,38.16 3 0
project/cmd/app/main.go:38.16,40.3 1 0
project/cmd/app/main.go:42.2,43.16 2 0
project/cmd/app/main.go:43.16,45.3 1 0
project/cmd/app/main.go:47.2,48.18 2 0
project/cmd/app/main.go:51.51,56.13 5 0
project/cmd/app/main.go:56.13,65.3 3 0
project/cmd/app/main.go:65.8,73.3 2 0
project/cmd/app/main.go:75.2,76.16 2 0
project/cmd/app/main.go:76.16,78.3 1 0
project/cmd/app/main.go:79.2,79.15 1 0
project/cmd/app/main.go:82.112,158.2 63 0
project/cmd/app/main.go:167.13,170.18 2 0
project/cmd/app/main.go:170.18,172.3 1 0
project/cmd/app/main.go:173.2,183.64 8 0
project/cmd/app/main.go:183.64,185.3 1 0
project/cmd/migration/migrate.go:14.13,16.18 2 0
project/cmd/migration/migrate.go:16.18,18.3 1 0
project/cmd/migration/migrate.go:20.2,24.16 2 0
project/cmd/migration/migrate.go:24.16,26.3 1 0
project/cmd/migration/migrate.go:28.2,28.22 1 0
project/cmd/migration/migrate.go:28.22,29.21 1 0
project/cmd/migration/migrate.go:30.15,31.74 1 0
project/cmd/migration/migrate.go:31.74,33.5 1 0
project/cmd/migration/migrate.go:34.4,34.55 1 0
project/cmd/migration/migrate.go:36.11,37.72 1 0
project/cmd/migration/migrate.go:37.72,39.5 1 0
project/cmd/migration/migrate.go:40.4,40.51 1 0
project/cmd/migration/migrate.go:43.8,44.71 1 0
project/cmd/migration/migrate.go:44.71,46.4 1 0
project/cmd/migration/migrate.go:47.3,47.50 1 0
project/config/config.go:21.26,23.46 1 0
project/config/config.go:23.46,25.3 1 0
project/config/config.go:27.2,56.15 17 0
project/docs/docs.go:1800.13,1802.2 1 0
project/domain/errors.go:60.46,61.9 1 1
project/domain/errors.go:62.70,63.39 1 1
project/domain/errors.go:64.39,65.41 1 0
project/domain/errors.go:66.34,67.51 1 0
project/domain/errors.go:68.39,69.44 1 1
project/domain/errors.go:70.35,71.44 1 0
project/domain/errors.go:72.40,73.43 1 0
project/domain/errors.go:74.29,75.51 1 1
project/domain/errors.go:76.10,77.51 1 0
project/domain/loghelper.go:10.39,12.29 2 0
project/domain/loghelper.go:12.29,14.3 1 0
project/domain/loghelper.go:15.2,15.17 1 0
project/domain/loghelper.go:18.51,19.53 1 1
project/domain/loghelper.go:19.53,21.3 1 0
project/domain/loghelper.go:22.2,22.21 1 1
project/domain/loghelper.go:25.65,27.2 1 1
project/domain/loghelper.go:29.77,32.2 2 0
project/domain/loghelper.go:34.65,36.2 1 1
project/domain/loghelper.go:38.61,45.2 2 0
project/domain/paginate.go:11.70,12.21 1 0
project/domain/paginate.go:12.21,14.3 1 0
project/domain/paginate.go:15.2,15.49 1 0
project/domain/paginate.go:15.49,17.3 1 0
project/domain/paginate.go:18.2,19.29 2 0
project/internal/handler/JSONHelper.go:18.78,25.17 3 1
project/internal/handler/JSONHelper.go:25.17,27.3 1 0
project/internal/handler/JSONHelper.go:30.54,33.2 2 1
project/internal/handler/JSONHelper.go:35.87,38.56 2 1
project/internal/handler/JSONHelper.go:38.56,42.3 3 0
project/internal/handler/JSONHelper.go:43.2,43.12 1 1
project/internal/handler/JSONHelper.go:46.68,48.2 1 0
project/internal/handler/auth.go:18.89,23.2 1 0
project/internal/handler/auth.go:25.78,27.16 2 0
project/internal/handler/auth.go:27.16,30.3 2 0
project/internal/handler/auth.go:31.2,33.21 2 0
project/internal/handler/auth.go:49.83,52.16 3 1
project/internal/handler/auth.go:52.16,55.3 2 1
project/internal/handler/auth.go:56.2,57.16 2 1
project/internal/handler/auth.go:57.16,60.3 2 1
project/internal/handler/auth.go:62.2,66.55 2 1
project/internal/handler/auth.go:66.55,68.3 1 0
project/internal/handler/auth.go:69.2,69.62 1 1
project/internal/handler/auth.go:72.94,74.16 2 1
project/internal/handler/auth.go:74.16,76.3 1 1
project/internal/handler/auth.go:77.2,94.12 5 1
project/internal/handler/auth.go:108.71,110.61 2 1
project/internal/handler/auth.go:110.61,114.3 3 0
project/internal/handler/auth.go:115.2,116.16 2 1
project/internal/handler/auth.go:116.16,119.3 2 1
project/internal/handler/auth.go:121.2,122.16 2 1
project/internal/handler/auth.go:122.16,125.3 2 1
project/internal/handler/auth.go:127.2,128.83 2 1
project/internal/handler/auth.go:140.72,143.16 2 1
project/internal/handler/auth.go:143.16,147.3 3 1
project/internal/handler/auth.go:148.2,149.16 2 1
project/internal/handler/auth.go:149.16,152.3 2 1
project/internal/handler/auth.go:154.2,174.58 7 1
project/internal/handler/auth.go:189.74,191.61 2 1
project/internal/handler/auth.go:191.61,195.3 3 0
project/internal/handler/auth.go:196.2,197.16 2 1
project/internal/handler/auth.go:197.16,200.3 2 1
project/internal/handler/auth.go:202.2,203.16 2 1
project/internal/handler/auth.go:203.16,206.3 2 1
project/internal/handler/auth.go:208.2,209.104 2 1
project/internal/handler/chat.go:18.66,22.2 1 0
project/internal/handler/chat.go:39.89,43.16 4 1
project/internal/handler/chat.go:43.16,47.3 3 1
project/internal/handler/chat.go:48.2,51.16 3 1
project/internal/handler/chat.go:51.16,54.3 2 0
project/internal/handler/chat.go:56.2,57.82 2 1
project/internal/handler/chat.go:57.82,59.3 1 0
project/internal/handler/chat.go:61.2,61.129 1 1
project/internal/handler/chat.go:77.85,81.16 4 1
project/internal/handler/chat.go:81.16,85.3 3 1
project/internal/handler/chat.go:87.2,90.76 3 1
project/internal/handler/chat.go:90.76,94.3 3 0
project/internal/handler/chat.go:96.2,97.16 2 1
project/internal/handler/chat.go:97.16,99.3 1 0
project/internal/handler/chat.go:101.2,101.71 1 1
project/internal/handler/chat.go:101.71,104.3 2 0
project/internal/handler/chat.go:106.2,106.164 1 1
project/internal/handler/chat.go:125.79,129.16 4 1
project/internal/handler/chat.go:129.16,133.3 3 1
project/internal/handler/chat.go:135.2,136.65 2 1
project/internal/handler/chat.go:136.65,140.3 3 0
project/internal/handler/chat.go:142.2,145.16 3 1
project/internal/handler/chat.go:145.16,147.3 1 0
project/internal/handler/chat.go:149.2,150.16 2 1
project/internal/handler/chat.go:150.16,152.3 1 1
project/internal/handler/chat.go:171.78,175.76 3 1
project/internal/handler/chat.go:175.76,179.3 3 0
project/internal/handler/chat.go:181.2,182.16 2 1
project/internal/handler/chat.go:182.16,184.3 1 0
project/internal/handler/chat.go:186.2,187.16 2 1
project/internal/handler/chat.go:187.16,189.3 1 1
project/internal/handler/friend.go:18.74,22.2 1 0
project/internal/handler/friend.go:44.83,47.16 3 0
project/internal/handler/friend.go:47.16,51.3 3 0
project/internal/handler/friend.go:53.2,54.9 2 0
project/internal/handler/friend.go:54.9,58.3 3 0
project/internal/handler/friend.go:60.2,61.16 2 0
project/internal/handler/friend.go:61.16,64.3 2 0
project/internal/handler/friend.go:66.2,66.62 1 0
project/internal/handler/friend.go:82.85,85.16 3 0
project/internal/handler/friend.go:85.16,89.3 3 0
project/internal/handler/friend.go:91.2,92.9 2 0
project/internal/handler/friend.go:92.9,96.3 3 0
project/internal/handler/friend.go:98.2,99.16 2 0
project/internal/handler/friend.go:99.16,102.3 2 0
project/internal/handler/friend.go:104.2,104.66 1 0
project/internal/handler/friend.go:120.85,123.16 3 0
project/internal/handler/friend.go:123.16,127.3 3 0
project/internal/handler/friend.go:129.2,130.9 2 0
project/internal/handler/friend.go:130.9,134.3 3 0
project/internal/handler/friend.go:136.2,137.16 2 0
project/internal/handler/friend.go:137.16,140.3 2 0
project/internal/handler/friend.go:142.2,142.66 1 0
project/internal/handler/friend.go:158.78,161.16 3 0
project/internal/handler/friend.go:161.16,165.3 3 0
project/internal/handler/friend.go:167.2,168.9 2 0
project/internal/handler/friend.go:168.9,172.3 3 0
project/internal/handler/friend.go:174.2,175.16 2 0
project/internal/handler/friend.go:175.16,178.3 2 0
project/internal/handler/friend.go:180.2,180.58 1 0
project/internal/handler/friend.go:194.76,196.76 2 0
project/internal/handler/friend.go:196.76,200.3 3 0
project/internal/handler/friend.go:202.2,203.9 2 0
project/internal/handler/friend.go:203.9,207.3 3 0
project/internal/handler/friend.go:209.2,210.16 2 0
project/internal/handler/friend.go:210.16,213.3 2 0
project/internal/handler/friend.go:215.2,215.62 1 0
project/internal/handler/friend.go:215.62,217.3 1 0
project/internal/handler/friend.go:232.83,234.76 2 0
project/internal/handler/friend.go:234.76,238.3 3 0
project/internal/handler/friend.go:240.2,241.9 2 0
project/internal/handler/friend.go:241.9,245.3 3 0
project/internal/handler/friend.go:247.2,248.16 2 0
project/internal/handler/friend.go:248.16,251.3 2 0
project/internal/handler/friend.go:253.2,253.63 1 0
project/internal/handler/friend.go:253.63,255.3 1 0
project/internal/handler/friend.go:270.81,272.76 2 0
project/internal/handler/friend.go:272.76,276.3 3 0
project/internal/handler/friend.go:278.2,279.9 2 0
project/internal/handler/friend.go:279.9,283.3 3 0
project/internal/handler/friend.go:285.2,286.16 2 0
project/internal/handler/friend.go:286.16,289.3 2 0
project/internal/handler/friend.go:291.2,291.63 1 0
project/internal/handler/friend.go:291.63,293.3 1 0
project/internal/handler/friend.go:307.85,310.16 3 0
project/internal/handler/friend.go:310.16,314.3 3 0
project/internal/handler/friend.go:316.2,317.9 2 0
project/internal/handler/friend.go:317.9,321.3 3 0
project/internal/handler/friend.go:323.2,324.16 2 0
project/internal/handler/friend.go:324.16,327.3 2 0
project/internal/handler/friend.go:329.2,333.63 2 0
project/internal/handler/friend.go:333.63,335.3 1 0
project/internal/handler/middleware.go:23.69,27.2 1 0
project/internal/handler/middleware.go:29.78,30.71 1 0
project/internal/handler/middleware.go:30.71,36.28 5 0
project/internal/handler/middleware.go:36.28,39.4 2 0
project/internal/handler/middleware.go:41.3,41.23 1 0
project/internal/handler/middleware.go:45.80,46.71 1 0
project/internal/handler/middleware.go:46.71,55.3 7 0
project/internal/handler/middleware.go:69.72,70.71 1 0
project/internal/handler/middleware.go:70.71,71.37 1 0
project/internal/handler/middleware.go:71.37,74.4 2 0
project/internal/handler/middleware.go:76.3,79.17 4 0
project/internal/handler/middleware.go:79.17,80.42 1 0
project/internal/handler/middleware.go:80.42,82.5 1 0
project/internal/handler/middleware.go:82.10,86.5 3 0
project/internal/handler/middleware.go:88.3,88.17 1 0
project/internal/handler/middleware.go:88.17,89.36 1 0
project/internal/handler/middleware.go:89.36,93.5 3 0
project/internal/handler/middleware.go:93.10,99.52 5 0
project/internal/handler/middleware.go:99.52,102.59 3 0
project/internal/handler/middleware.go:102.59,106.7 3 0
project/internal/handler/middleware.go:109.5,110.11 2 0
project/internal/handler/middleware.go:112.9,113.38 1 0
project/internal/handler/middleware.go:113.38,117.5 3 0
project/internal/handler/middleware.go:119.3,120.9 2 0
project/internal/handler/middleware.go:129.49,132.2 2 0
project/internal/handler/middleware.go:133.73,135.9 2 0
project/internal/handler/middleware.go:135.9,137.3 1 0
project/internal/handler/middleware.go:138.2,138.20 1 0
project/internal/handler/middleware.go:140.88,141.46 1 0
project/internal/handler/middleware.go:141.46,142.72 1 0
project/internal/handler/middleware.go:142.72,161.4 9 0
project/internal/handler/post.go:18.68,22.2 1 1
project/internal/handler/post.go:49.78,51.76 2 1
project/internal/handler/post.go:51.76,55.3 3 1
project/internal/handler/post.go:57.2,58.16 2 1
project/internal/handler/post.go:58.16,61.3 2 1
project/internal/handler/post.go:63.2,63.60 1 1
project/internal/handler/post.go:63.60,65.3 1 0
project/internal/handler/post.go:80.72,83.16 3 1
project/internal/handler/post.go:83.16,87.3 3 1
project/internal/handler/post.go:89.2,90.16 2 1
project/internal/handler/post.go:90.16,93.3 2 1
project/internal/handler/post.go:95.2,95.59 1 1
project/internal/handler/post.go:95.59,97.3 1 0
project/internal/handler/post.go:115.75,117.16 2 1
project/internal/handler/post.go:117.16,121.3 3 0
project/internal/handler/post.go:123.2,124.16 2 1
project/internal/handler/post.go:124.16,128.3 3 1
project/internal/handler/post.go:130.2,131.9 2 1
project/internal/handler/post.go:131.9,135.3 3 1
project/internal/handler/post.go:137.2,138.64 2 1
project/internal/handler/post.go:138.64,140.3 1 0
project/internal/handler/post.go:141.2,141.54 1 1
project/internal/handler/post.go:141.54,143.3 1 0
project/internal/handler/post.go:145.2,146.16 2 1
project/internal/handler/post.go:146.16,149.3 2 0
project/internal/handler/post.go:151.2,152.84 2 1
project/internal/handler/post.go:173.75,176.16 3 1
project/internal/handler/post.go:176.16,180.3 3 1
project/internal/handler/post.go:182.2,183.16 2 1
project/internal/handler/post.go:183.16,187.3 3 0
project/internal/handler/post.go:189.2,190.16 2 1
project/internal/handler/post.go:190.16,194.3 3 0
project/internal/handler/post.go:196.2,197.9 2 1
project/internal/handler/post.go:197.9,201.3 3 0
project/internal/handler/post.go:203.2,204.64 2 1
project/internal/handler/post.go:204.64,206.3 1 0
project/internal/handler/post.go:207.2,207.54 1 1
project/internal/handler/post.go:207.54,209.3 1 0
project/internal/handler/post.go:211.2,212.16 2 1
project/internal/handler/post.go:212.16,215.3 2 0
project/internal/handler/post.go:217.2,217.65 1 1
project/internal/handler/post.go:235.75,238.16 3 1
project/internal/handler/post.go:238.16,242.3 3 1
project/internal/handler/post.go:244.2,245.9 2 1
project/internal/handler/post.go:245.9,249.3 3 1
project/internal/handler/post.go:251.2,252.16 2 1
project/internal/handler/post.go:252.16,255.3 2 0
project/internal/handler/post.go:257.2,257.65 1 1
project/internal/handler/post.go:274.77,277.16 3 1
project/internal/handler/post.go:277.16,281.3 3 1
project/internal/handler/post.go:283.2,284.76 2 1
project/internal/handler/post.go:284.76,288.3 3 1
project/internal/handler/post.go:290.2,291.16 2 1
project/internal/handler/post.go:291.16,294.3 2 0
project/internal/handler/post.go:296.2,296.60 1 1
project/internal/handler/post.go:296.60,298.3 1 0
project/internal/handler/profile.go:18.78,22.2 1 0
project/internal/handler/profile.go:38.82,40.16 2 1
project/internal/handler/profile.go:40.16,44.3 3 0
project/internal/handler/profile.go:46.2,47.23 2 1
project/internal/handler/profile.go:47.23,51.3 3 1
project/internal/handler/profile.go:53.2,54.85 2 1
project/internal/handler/profile.go:54.85,58.3 3 0
project/internal/handler/profile.go:60.2,64.16 4 1
project/internal/handler/profile.go:64.16,67.3 2 0
project/internal/handler/profile.go:69.2,70.70 2 1
project/internal/handler/profile.go:86.81,89.16 2 1
project/internal/handler/profile.go:89.16,93.3 3 0
project/internal/handler/profile.go:95.2,100.16 4 1
project/internal/handler/profile.go:100.16,103.3 2 0
project/internal/handler/profile.go:105.2,106.69 2 1
project/internal/handler/profile.go:122.81,124.16 2 1
project/internal/handler/profile.go:124.16,128.3 3 0
project/internal/handler/profile.go:130.2,134.16 4 1
project/internal/handler/profile.go:134.16,137.3 2 0
project/internal/handler/profile.go:139.2,140.69 2 1
project/internal/handler/profile.go:155.87,159.16 4 1
project/internal/handler/profile.go:159.16,163.3 3 1
project/internal/handler/profile.go:165.2,166.16 2 1
project/internal/handler/profile.go:166.16,168.3 1 0
project/internal/handler/profile.go:170.2,171.16 2 1
project/internal/handler/profile.go:171.16,173.3 1 1
project/internal/handler/serveWs.go:15.50,19.2 1 0
project/internal/handler/serveWs.go:24.42,26.3 1 0
project/internal/handler/serveWs.go:39.71,41.16 2 0
project/internal/handler/serveWs.go:41.16,44.3 2 0
project/internal/handler/serveWs.go:46.2,47.48 2 0
project/internal/handler/uploads.go:10.67,12.37 1 0
project/internal/handler/uploads.go:12.37,14.3 1 0
project/internal/handler/uploads.go:16.2,17.16 2 0
project/internal/handler/uploads.go:17.16,18.45 1 0
project/internal/handler/uploads.go:21.2,21.71 1 0
project/internal/handler/uploads.go:21.71,23.17 2 0
project/internal/handler/uploads.go:23.17,26.4 2 0
project/internal/handler/uploads.go:28.3,28.34 1 0
project/internal/repository/db/chat.go:19.50,21.2 1 0
project/internal/repository/db/chat.go:22.113,28.15 5 0
project/internal/repository/db/chat.go:28.15,31.3 2 0
project/internal/repository/db/chat.go:33.2,34.25 2 0
project/internal/repository/db/chat.go:34.25,36.3 1 0
project/internal/repository/db/chat.go:37.2,39.16 3 0
project/internal/repository/db/chat.go:39.16,41.3 1 0
project/internal/repository/db/chat.go:42.2,55.16 6 0
project/internal/repository/db/chat.go:55.16,59.3 3 0
project/internal/repository/db/chat.go:60.2,60.36 1 0
project/internal/repository/db/chat.go:60.36,63.3 2 0
project/internal/repository/db/chat.go:65.2,67.16 3 0
project/internal/repository/db/chat.go:67.16,70.3 2 0
project/internal/repository/db/chat.go:72.2,74.16 3 0
project/internal/repository/db/chat.go:74.16,77.3 2 0
project/internal/repository/db/chat.go:79.2,79.35 1 0
project/internal/repository/db/chat.go:79.35,82.3 2 0
project/internal/repository/db/chat.go:83.2,84.20 2 0
project/internal/repository/db/chat.go:87.101,92.15 5 0
project/internal/repository/db/chat.go:92.15,95.3 2 0
project/internal/repository/db/chat.go:96.2,100.16 5 0
project/internal/repository/db/chat.go:100.16,103.3 2 0
project/internal/repository/db/chat.go:105.2,106.21 2 0
project/internal/repository/db/chat.go:109.86,115.15 5 0
project/internal/repository/db/chat.go:115.15,118.3 2 0
project/internal/repository/db/chat.go:119.2,123.16 5 0
project/internal/repository/db/chat.go:123.16,126.3 2 0
project/internal/repository/db/chat.go:128.2,129.20 2 0
project/internal/repository/db/chat.go:133.123,140.15 5 0
project/internal/repository/db/chat.go:140.15,143.3 2 0
project/internal/repository/db/chat.go:144.2,194.16 4 0
project/internal/repository/db/chat.go:194.16,197.3 2 0
project/internal/repository/db/chat.go:198.2,201.18 3 0
project/internal/repository/db/chat.go:201.18,221.17 9 0
project/internal/repository/db/chat.go:221.17,224.4 2 0
project/internal/repository/db/chat.go:226.3,226.27 1 0
project/internal/repository/db/chat.go:229.2,229.35 1 0
project/internal/repository/db/chat.go:229.35,232.3 2 0
project/internal/repository/db/chat.go:234.2,235.19 2 0
project/internal/repository/db/chat.go:238.119,244.15 5 0
project/internal/repository/db/chat.go:244.15,247.3 2 0
project/internal/repository/db/chat.go:248.2,255.16 4 0
project/internal/repository/db/chat.go:255.16,258.3 2 0
project/internal/repository/db/chat.go:259.2,262.18 3 0
project/internal/repository/db/chat.go:262.18,267.17 3 0
project/internal/repository/db/chat.go:267.17,270.4 2 0
project/internal/repository/db/chat.go:272.3,272.42 1 0
project/internal/repository/db/chat.go:275.2,275.35 1 0
project/internal/repository/db/chat.go:275.35,278.3 2 0
project/internal/repository/db/chat.go:280.2,281.23 2 0
project/internal/repository/db/chat.go:284.125,290.15 5 0
project/internal/repository/db/chat.go:290.15,293.3 2 0
project/internal/repository/db/chat.go:295.2,360.16 8 0
project/internal/repository/db/chat.go:360.16,361.36 1 0
project/internal/repository/db/chat.go:361.36,363.4 1 0
project/internal/repository/db/chat.go:364.3,365.49 2 0
project/internal/repository/db/chat.go:368.2,374.16 6 0
project/internal/repository/db/friend.go:18.54,20.2 1 0
project/internal/repository/db/friend.go:23.55,24.23 1 0
project/internal/repository/db/friend.go:24.23,26.3 1 0
project/internal/repository/db/friend.go:27.2,27.25 1 0
project/internal/repository/db/friend.go:31.105,39.15 5 0
project/internal/repository/db/friend.go:39.15,42.3 2 0
project/internal/repository/db/friend.go:44.2,55.16 5 0
project/internal/repository/db/friend.go:55.16,58.3 2 0
project/internal/repository/db/friend.go:60.2,61.12 2 0
project/internal/repository/db/friend.go:65.114,71.15 5 0
project/internal/repository/db/friend.go:71.15,74.3 2 0
project/internal/repository/db/friend.go:76.2,95.35 6 0
project/internal/repository/db/friend.go:95.35,98.3 2 0
project/internal/repository/db/friend.go:100.2,100.16 1 0
project/internal/repository/db/friend.go:100.16,103.3 2 0
project/internal/repository/db/friend.go:105.2,106.25 2 0
project/internal/repository/db/friend.go:110.133,119.15 5 0
project/internal/repository/db/friend.go:119.15,122.3 2 0
project/internal/repository/db/friend.go:124.2,134.16 5 0
project/internal/repository/db/friend.go:134.16,137.3 2 0
project/internal/repository/db/friend.go:139.2,140.16 2 0
project/internal/repository/db/friend.go:140.16,143.3 2 0
project/internal/repository/db/friend.go:144.2,144.23 1 0
project/internal/repository/db/friend.go:144.23,147.3 2 0
project/internal/repository/db/friend.go:149.2,150.12 2 0
project/internal/repository/db/friend.go:154.127,160.15 5 0
project/internal/repository/db/friend.go:160.15,163.3 2 0
project/internal/repository/db/friend.go:166.2,184.16 4 0
project/internal/repository/db/friend.go:184.16,187.3 2 0
project/internal/repository/db/friend.go:188.2,191.18 3 0
project/internal/repository/db/friend.go:191.18,198.17 3 0
project/internal/repository/db/friend.go:198.17,201.4 2 0
project/internal/repository/db/friend.go:202.3,202.36 1 0
project/internal/repository/db/friend.go:205.2,205.34 1 0
project/internal/repository/db/friend.go:205.34,208.3 2 0
project/internal/repository/db/friend.go:210.2,213.21 2 0
project/internal/repository/db/friend.go:217.143,226.15 5 0
project/internal/repository/db/friend.go:226.15,229.3 2 0
project/internal/repository/db/friend.go:232.2,247.16 4 0
project/internal/repository/db/friend.go:247.16,250.3 2 0
project/internal/repository/db/friend.go:251.2,254.18 3 0
project/internal/repository/db/friend.go:254.18,267.17 3 0
project/internal/repository/db/friend.go:267.17,270.4 2 0
project/internal/repository/db/friend.go:271.3,271.39 1 0
project/internal/repository/db/friend.go:274.2,274.34 1 0
project/internal/repository/db/friend.go:274.34,277.3 2 0
project/internal/repository/db/friend.go:279.2,282.22 2 0
project/internal/repository/db/friend.go:286.137,295.15 5 0
project/internal/repository/db/friend.go:295.15,298.3 2 0
project/internal/repository/db/friend.go:301.2,317.16 4 0
project/internal/repository/db/friend.go:317.16,320.3 2 0
project/internal/repository/db/friend.go:321.2,324.18 3 0
project/internal/repository/db/friend.go:324.18,337.17 3 0
project/internal/repository/db/friend.go:337.17,340.4 2 0
project/internal/repository/db/friend.go:341.3,341.39 1 0
project/internal/repository/db/friend.go:344.2,344.34 1 0
project/internal/repository/db/friend.go:344.34,347.3 2 0
project/internal/repository/db/friend.go:349.2,352.22 2 0
project/internal/repository/db/friend.go:356.95,362.15 5 0
project/internal/repository/db/friend.go:362.15,365.3 2 0
project/internal/repository/db/friend.go:367.2,376.16 5 0
project/internal/repository/db/friend.go:376.16,379.3 2 0
project/internal/repository/db/friend.go:381.2,382.16 2 0
project/internal/repository/db/friend.go:382.16,385.3 2 0
project/internal/repository/db/friend.go:387.2,387.23 1 0
project/internal/repository/db/friend.go:387.23,390.3 2 0
project/internal/repository/db/friend.go:392.2,393.12 2 0
project/internal/repository/db/friend.go:397.97,403.15 5 0
project/internal/repository/db/friend.go:403.15,406.3 2 0
project/internal/repository/db/friend.go:408.2,420.16 6 0
project/internal/repository/db/friend.go:420.16,423.3 2 0
project/internal/repository/db/friend.go:425.2,426.20 2 0
project/internal/repository/db/friend.go:430.125,432.16 2 0
project/internal/repository/db/friend.go:432.16,433.51 1 0
project/internal/repository/db/friend.go:433.51,435.4 1 0
project/internal/repository/db/friend.go:436.3,436.17 1 0
project/internal/repository/db/friend.go:438.2,438.31 1 0
project/internal/repository/db/message.go:16.56,18.2 1 0
project/internal/repository/db/message.go:19.132,24.15 5 0
project/internal/repository/db/message.go:24.15,27.3 2 0
project/internal/repository/db/message.go:28.2,38.16 5 0
project/internal/repository/db/message.go:38.16,41.3 2 0
project/internal/repository/db/message.go:42.2,44.18 2 0
project/internal/repository/db/message.go:44.18,53.17 3 0
project/internal/repository/db/message.go:53.17,56.4 2 0
project/internal/repository/db/message.go:57.3,57.35 1 0
project/internal/repository/db/message.go:60.2,60.35 1 0
project/internal/repository/db/message.go:60.35,63.3 2 0
project/internal/repository/db/message.go:65.2,66.22 2 0
project/internal/repository/db/message.go:69.102,75.15 5 0
project/internal/repository/db/message.go:75.15,78.3 2 0
project/internal/repository/db/message.go:79.2,83.16 5 0
project/internal/repository/db/message.go:83.16,86.3 2 0
project/internal/repository/db/message.go:88.2,89.23 2 0
project/internal/repository/db/post.go:19.50,21.2 1 0
project/internal/repository/db/post.go:24.109,30.15 5 0
project/internal/repository/db/post.go:30.15,33.3 2 0
project/internal/repository/db/post.go:35.2,43.16 3 0
project/internal/repository/db/post.go:43.16,46.3 2 0
project/internal/repository/db/post.go:47.2,50.18 3 0
project/internal/repository/db/post.go:50.18,60.17 3 0
project/internal/repository/db/post.go:60.17,63.4 2 0
project/internal/repository/db/post.go:66.3,67.17 2 0
project/internal/repository/db/post.go:67.17,69.4 1 0
project/internal/repository/db/post.go:71.3,73.30 3 0
project/internal/repository/db/post.go:76.2,76.35 1 0
project/internal/repository/db/post.go:76.35,79.3 2 0
project/internal/repository/db/post.go:81.2,84.19 2 0
project/internal/repository/db/post.go:88.91,94.15 5 0
project/internal/repository/db/post.go:94.15,97.3 2 0
project/internal/repository/db/post.go:99.2,115.35 5 0
project/internal/repository/db/post.go:115.35,118.3 2 0
project/internal/repository/db/post.go:120.2,120.16 1 0
project/internal/repository/db/post.go:120.16,123.3 2 0
project/internal/repository/db/post.go:126.2,127.16 2 0
project/internal/repository/db/post.go:127.16,129.3 1 0
project/internal/repository/db/post.go:131.2,135.19 4 0
project/internal/repository/db/post.go:139.84,145.15 5 0
project/internal/repository/db/post.go:145.15,148.3 2 0
project/internal/repository/db/post.go:151.2,151.49 1 0
project/internal/repository/db/post.go:151.49,154.3 2 0
project/internal/repository/db/post.go:157.2,158.16 2 0
project/internal/repository/db/post.go:158.16,161.3 2 0
project/internal/repository/db/post.go:163.2,163.15 1 0
project/internal/repository/db/post.go:163.15,164.17 1 0
project/internal/repository/db/post.go:164.17,167.4 2 0
project/internal/repository/db/post.go:170.2,182.16 4 0
project/internal/repository/db/post.go:182.16,185.3 2 0
project/internal/repository/db/post.go:188.2,188.88 1 0
project/internal/repository/db/post.go:188.88,190.3 1 0
project/internal/repository/db/post.go:191.2,191.82 1 0
project/internal/repository/db/post.go:191.82,193.3 1 0
project/internal/repository/db/post.go:196.2,196.36 1 0
project/internal/repository/db/post.go:196.36,199.3 2 0
project/internal/repository/db/post.go:201.2,202.12 2 0
project/internal/repository/db/post.go:206.84,212.15 5 0
project/internal/repository/db/post.go:212.15,215.3 2 0
project/internal/repository/db/post.go:217.2,217.49 1 0
project/internal/repository/db/post.go:217.49,220.3 2 0
project/internal/repository/db/post.go:222.2,223.16 2 0
project/internal/repository/db/post.go:223.16,226.3 2 0
project/internal/repository/db/post.go:228.2,228.15 1 0
project/internal/repository/db/post.go:228.15,229.17 1 0
project/internal/repository/db/post.go:229.17,232.4 2 0
project/internal/repository/db/post.go:235.2,246.35 4 0
project/internal/repository/db/post.go:246.35,249.3 2 0
project/internal/repository/db/post.go:250.2,250.16 1 0
project/internal/repository/db/post.go:250.16,253.3 2 0
project/internal/repository/db/post.go:256.2,256.90 1 0
project/internal/repository/db/post.go:256.90,258.3 1 0
project/internal/repository/db/post.go:260.2,260.84 1 0
project/internal/repository/db/post.go:260.84,262.3 1 0
project/internal/repository/db/post.go:265.2,265.36 1 0
project/internal/repository/db/post.go:265.36,268.3 2 0
project/internal/repository/db/post.go:270.2,271.12 2 0
project/internal/repository/db/post.go:275.89,281.15 5 0
project/internal/repository/db/post.go:281.15,284.3 2 0
project/internal/repository/db/post.go:286.2,286.30 1 0
project/internal/repository/db/post.go:286.30,289.3 2 0
project/internal/repository/db/post.go:291.2,292.16 2 0
project/internal/repository/db/post.go:292.16,295.3 2 0
project/internal/repository/db/post.go:296.2,296.15 1 0
project/internal/repository/db/post.go:296.15,297.17 1 0
project/internal/repository/db/post.go:297.17,300.4 2 0
project/internal/repository/db/post.go:303.2,310.16 4 0
project/internal/repository/db/post.go:310.16,313.3 2 0
project/internal/repository/db/post.go:315.2,316.16 2 0
project/internal/repository/db/post.go:316.16,319.3 2 0
project/internal/repository/db/post.go:321.2,321.23 1 0
project/internal/repository/db/post.go:321.23,324.3 2 0
project/internal/repository/db/post.go:326.2,326.36 1 0
project/internal/repository/db/post.go:326.36,329.3 2 0
project/internal/repository/db/post.go:331.2,332.12 2 0
project/internal/repository/db/post.go:336.118,342.15 5 0
project/internal/repository/db/post.go:342.15,345.3 2 0
project/internal/repository/db/post.go:347.2,357.16 4 0
project/internal/repository/db/post.go:357.16,360.3 2 0
project/internal/repository/db/post.go:361.2,364.18 3 0
project/internal/repository/db/post.go:364.18,373.17 3 0
project/internal/repository/db/post.go:373.17,376.4 2 0
project/internal/repository/db/post.go:378.3,379.17 2 0
project/internal/repository/db/post.go:379.17,381.4 1 0
project/internal/repository/db/post.go:383.3,385.30 3 0
project/internal/repository/db/post.go:388.2,389.19 2 0
project/internal/repository/db/post.go:395.65,396.24 1 0
project/internal/repository/db/post.go:396.24,398.3 1 0
project/internal/repository/db/post.go:400.2,401.16 2 0
project/internal/repository/db/post.go:401.16,403.3 1 0
project/internal/repository/db/post.go:404.2,404.20 1 0
project/internal/repository/db/post.go:404.20,406.3 1 0
project/internal/repository/db/post.go:407.2,407.22 1 0
project/internal/repository/db/post.go:407.22,409.3 1 0
project/internal/repository/db/post.go:411.2,411.12 1 0
project/internal/repository/db/post.go:415.102,417.16 2 0
project/internal/repository/db/post.go:417.16,419.3 1 0
project/internal/repository/db/post.go:420.2,421.16 2 0
project/internal/repository/db/post.go:421.16,423.3 1 0
project/internal/repository/db/post.go:425.2,425.33 1 0
project/internal/repository/db/post.go:429.98,438.16 3 0
project/internal/repository/db/post.go:438.16,440.3 1 0
project/internal/repository/db/post.go:441.2,444.18 3 0
project/internal/repository/db/post.go:444.18,446.46 2 0
project/internal/repository/db/post.go:446.46,448.4 1 0
project/internal/repository/db/post.go:449.3,449.46 1 0
project/internal/repository/db/post.go:452.2,452.25 1 0
project/internal/repository/db/post.go:456.93,465.16 3 0
project/internal/repository/db/post.go:465.16,467.3 1 0
project/internal/repository/db/post.go:468.2,472.18 3 0
project/internal/repository/db/post.go:472.18,474.46 2 0
project/internal/repository/db/post.go:474.46,476.4 1 0
project/internal/repository/db/post.go:477.3,477.36 1 0
project/internal/repository/db/post.go:480.2,480.20 1 0
project/internal/repository/db/post.go:484.123,485.27 1 0
project/internal/repository/db/post.go:485.27,487.3 1 0
project/internal/repository/db/post.go:489.2,489.41 1 0
project/internal/repository/db/post.go:489.41,490.42 1 0
project/internal/repository/db/post.go:490.42,492.4 1 0
project/internal/repository/db/post.go:493.3,493.51 1 0
project/internal/repository/db/post.go:493.51,495.4 1 0
project/internal/repository/db/post.go:496.3,501.17 3 0
project/internal/repository/db/post.go:501.17,503.4 1 0
project/internal/repository/db/post.go:506.2,506.12 1 0
project/internal/repository/db/post.go:510.113,511.22 1 0
project/internal/repository/db/post.go:511.22,513.3 1 0
project/internal/repository/db/post.go:514.2,514.31 1 0
project/internal/repository/db/post.go:514.31,515.37 1 0
project/internal/repository/db/post.go:515.37,517.4 1 0
project/internal/repository/db/post.go:518.3,518.41 1 0
project/internal/repository/db/post.go:518.41,520.4 1 0
project/internal/repository/db/post.go:522.3,527.17 3 0
project/internal/repository/db/post.go:527.17,529.4 1 0
project/internal/repository/db/post.go:532.2,532.12 1 0
project/internal/repository/db/post.go:536.125,543.16 3 0
project/internal/repository/db/post.go:543.16,545.3 1 0
project/internal/repository/db/post.go:547.2,547.66 1 0
project/internal/repository/db/post.go:551.115,558.16 3 0
project/internal/repository/db/post.go:558.16,560.3 1 0
project/internal/repository/db/post.go:562.2,562.56 1 0
project/internal/repository/db/profile.go:18.56,20.2 1 0
project/internal/repository/db/profile.go:22.107,28.15 5 0
project/internal/repository/db/profile.go:28.15,31.3 2 0
project/internal/repository/db/profile.go:33.2,44.16 4 0
project/internal/repository/db/profile.go:44.16,46.3 1 0
project/internal/repository/db/profile.go:46.8,48.3 1 0
project/internal/repository/db/profile.go:49.2,49.12 1 0
project/internal/repository/db/profile.go:52.101,58.15 5 0
project/internal/repository/db/profile.go:58.15,61.3 2 0
project/internal/repository/db/profile.go:63.2,67.16 4 0
project/internal/repository/db/profile.go:67.16,69.3 1 0
project/internal/repository/db/profile.go:69.8,71.3 1 0
project/internal/repository/db/profile.go:73.2,73.12 1 0
project/internal/repository/db/profile.go:76.101,82.15 5 0
project/internal/repository/db/profile.go:82.15,85.3 2 0
project/internal/repository/db/profile.go:87.2,91.16 4 0
project/internal/repository/db/profile.go:91.16,93.3 1 0
project/internal/repository/db/profile.go:93.8,95.3 1 0
project/internal/repository/db/profile.go:97.2,97.12 1 0
project/internal/repository/db/profile.go:100.128,106.15 5 0
project/internal/repository/db/profile.go:106.15,109.3 2 0
project/internal/repository/db/profile.go:111.2,111.23 1 0
project/internal/repository/db/profile.go:111.23,113.3 1 0
project/internal/repository/db/profile.go:115.2,120.16 4 0
project/internal/repository/db/profile.go:120.16,123.3 2 0
project/internal/repository/db/profile.go:124.2,128.18 3 0
project/internal/repository/db/profile.go:128.18,131.17 3 0
project/internal/repository/db/profile.go:131.17,134.4 2 0
project/internal/repository/db/profile.go:135.3,135.25 1 0
project/internal/repository/db/profile.go:138.2,138.34 1 0
project/internal/repository/db/profile.go:138.34,141.3 2 0
project/internal/repository/db/profile.go:143.2,143.22 1 0
project/internal/repository/db/profile.go:146.106,152.15 5 0
project/internal/repository/db/profile.go:152.15,155.3 2 0
project/internal/repository/db/profile.go:157.2,171.16 5 0
project/internal/repository/db/profile.go:171.16,172.36 1 0
project/internal/repository/db/profile.go:172.36,175.4 2 0
project/internal/repository/db/profile.go:176.3,177.31 2 0
project/internal/repository/db/profile.go:180.2,181.21 2 0
project/internal/repository/db/profile.go:184.98,190.15 5 0
project/internal/repository/db/profile.go:190.15,193.3 2 0
project/internal/repository/db/profile.go:194.2,199.16 5 0
project/internal/repository/db/profile.go:199.16,200.36 1 0
project/internal/repository/db/profile.go:200.36,203.4 2 0
project/internal/repository/db/profile.go:204.3,205.18 2 0
project/internal/repository/db/profile.go:208.2,209.20 2 0
project/internal/repository/db/profile.go:212.98,218.15 5 0
project/internal/repository/db/profile.go:218.15,221.3 2 0
project/internal/repository/db/profile.go:222.2,227.16 5 0
project/internal/repository/db/profile.go:227.16,228.36 1 0
project/internal/repository/db/profile.go:228.36,231.4 2 0
project/internal/repository/db/profile.go:232.3,233.18 2 0
project/internal/repository/db/profile.go:236.2,237.20 2 0
project/internal/repository/db/user.go:18.50,20.2 1 0
project/internal/repository/db/user.go:22.114,28.15 5 0
project/internal/repository/db/user.go:28.15,31.3 2 0
project/internal/repository/db/user.go:33.2,34.16 2 0
project/internal/repository/db/user.go:34.16,36.3 1 0
project/internal/repository/db/user.go:38.2,38.15 1 0
project/internal/repository/db/user.go:38.15,39.17 1 0
project/internal/repository/db/user.go:39.17,42.4 2 0
project/internal/repository/db/user.go:42.9,45.4 2 0
project/internal/repository/db/user.go:48.2,51.16 4 0
project/internal/repository/db/user.go:51.16,54.3 2 0
project/internal/repository/db/user.go:56.2,60.16 3 0
project/internal/repository/db/user.go:60.16,63.3 2 0
project/internal/repository/db/user.go:65.2,65.20 1 0
project/internal/repository/db/user.go:68.99,74.15 5 0
project/internal/repository/db/user.go:74.15,77.3 2 0
project/internal/repository/db/user.go:78.2,83.16 5 0
project/internal/repository/db/user.go:83.16,84.36 1 0
project/internal/repository/db/user.go:84.36,87.4 2 0
project/internal/repository/db/user.go:88.3,89.18 2 0
project/internal/repository/db/user.go:92.2,93.19 2 0
project/internal/repository/db/user.go:95.93,101.15 5 0
project/internal/repository/db/user.go:101.15,104.3 2 0
project/internal/repository/db/user.go:106.2,111.16 5 0
project/internal/repository/db/user.go:111.16,112.36 1 0
project/internal/repository/db/user.go:112.36,115.4 2 0
project/internal/repository/db/user.go:116.3,117.28 2 0
project/internal/repository/db/user.go:120.2,121.18 2 0
project/internal/repository/db/user.go:124.87,130.15 5 0
project/internal/repository/db/user.go:130.15,133.3 2 0
project/internal/repository/db/user.go:135.2,139.16 5 0
project/internal/repository/db/user.go:139.16,142.3 2 0
project/internal/repository/db/user.go:144.2,145.20 2 0
project/internal/repository/dbRedis/sesssionRedis.go:21.64,25.2 1 0
project/internal/repository/dbRedis/sesssionRedis.go:29.44,34.16 4 0
project/internal/repository/dbRedis/sesssionRedis.go:34.16,36.3 1 0
project/internal/repository/dbRedis/sesssionRedis.go:38.2,38.39 1 0
project/internal/repository/dbRedis/sesssionRedis.go:41.110,47.15 5 0
project/internal/repository/dbRedis/sesssionRedis.go:47.15,50.3 2 0
project/internal/repository/dbRedis/sesssionRedis.go:51.2,52.16 2 0
project/internal/repository/dbRedis/sesssionRedis.go:52.16,55.3 2 0
project/internal/repository/dbRedis/sesssionRedis.go:56.2,57.16 2 0
project/internal/repository/dbRedis/sesssionRedis.go:57.16,60.3 2 0
project/internal/repository/dbRedis/sesssionRedis.go:61.2,63.16 3 0
project/internal/repository/dbRedis/sesssionRedis.go:63.16,66.3 2 0
project/internal/repository/dbRedis/sesssionRedis.go:67.2,69.16 3 0
project/internal/repository/dbRedis/sesssionRedis.go:69.16,72.3 2 0
project/internal/repository/dbRedis/sesssionRedis.go:74.2,74.20 1 0
project/internal/repository/dbRedis/sesssionRedis.go:74.20,77.3 2 0
project/internal/repository/dbRedis/sesssionRedis.go:78.2,83.21 3 0
project/internal/repository/dbRedis/sesssionRedis.go:86.119,92.15 5 0
project/internal/repository/dbRedis/sesssionRedis.go:92.15,95.3 2 0
project/internal/repository/dbRedis/sesssionRedis.go:97.2,99.16 3 0
project/internal/repository/dbRedis/sesssionRedis.go:99.16,100.35 1 0
project/internal/repository/dbRedis/sesssionRedis.go:100.35,103.4 2 0
project/internal/repository/dbRedis/sesssionRedis.go:104.3,105.18 2 0
project/internal/repository/dbRedis/sesssionRedis.go:107.2,109.16 3 0
project/internal/repository/dbRedis/sesssionRedis.go:109.16,112.3 2 0
project/internal/repository/dbRedis/sesssionRedis.go:113.2,113.18 1 0
project/internal/repository/dbRedis/sesssionRedis.go:116.92,122.15 5 0
project/internal/repository/dbRedis/sesssionRedis.go:122.15,125.3 2 0
project/internal/repository/dbRedis/sesssionRedis.go:126.2,128.16 3 0
project/internal/repository/dbRedis/sesssionRedis.go:128.16,131.3 2 0
project/internal/repository/dbRedis/sesssionRedis.go:132.2,132.12 1 0
project/internal/repository/mocks/mock_chat.go:27.67,31.2 3 0
project/internal/repository/mocks/mock_chat.go:34.65,36.2 1 0
project/internal/repository/mocks/mock_chat.go:39.119,45.2 5 0
project/internal/repository/mocks/mock_chat.go:48.109,51.2 2 0
project/internal/repository/mocks/mock_chat.go:54.160,60.2 5 0
project/internal/repository/mocks/mock_chat.go:63.114,66.2 2 0
project/internal/repository/mocks/mock_chat.go:69.109,75.2 5 0
project/internal/repository/mocks/mock_chat.go:78.114,81.2 2 0
project/internal/repository/mocks/mock_chat.go:84.135,90.2 5 0
project/internal/repository/mocks/mock_chat.go:93.99,96.2 2 0
project/internal/repository/mocks/mock_chat.go:110.63,114.2 3 0
project/internal/repository/mocks/mock_chat.go:117.61,119.2 1 0
project/internal/repository/mocks/mock_chat.go:122.119,128.2 5 0
project/internal/repository/mocks/mock_chat.go:131.111,134.2 2 0
project/internal/repository/mocks/mock_chat.go:137.107,143.2 5 0
project/internal/repository/mocks/mock_chat.go:146.112,149.2 2 0
project/internal/repository/mocks/mock_chat.go:152.113,158.2 5 0
project/internal/repository/mocks/mock_chat.go:161.116,164.2 2 0
project/internal/repository/mocks/mock_chat.go:167.117,173.2 5 0
project/internal/repository/mocks/mock_chat.go:176.108,179.2 2 0
project/internal/repository/mocks/mock_chat.go:182.84,188.2 5 0
project/internal/repository/mocks/mock_chat.go:191.88,194.2 2 0
project/internal/repository/mocks/mock_chat.go:197.95,203.2 5 0
project/internal/repository/mocks/mock_chat.go:206.99,209.2 2 0
project/internal/repository/mocks/mock_friend.go:27.71,31.2 3 0
project/internal/repository/mocks/mock_friend.go:34.69,36.2 1 0
project/internal/repository/mocks/mock_friend.go:39.98,44.2 4 0
project/internal/repository/mocks/mock_friend.go:47.110,50.2 2 0
project/internal/repository/mocks/mock_friend.go:53.138,60.2 6 0
project/internal/repository/mocks/mock_friend.go:63.111,66.2 2 0
project/internal/repository/mocks/mock_friend.go:69.122,76.2 6 0
project/internal/repository/mocks/mock_friend.go:79.104,82.2 2 0
project/internal/repository/mocks/mock_friend.go:85.125,91.2 5 0
project/internal/repository/mocks/mock_friend.go:94.110,97.2 2 0
project/internal/repository/mocks/mock_friend.go:100.136,107.2 6 0
project/internal/repository/mocks/mock_friend.go:110.109,113.2 2 0
project/internal/repository/mocks/mock_friend.go:116.98,121.2 4 0
project/internal/repository/mocks/mock_friend.go:124.110,127.2 2 0
project/internal/repository/mocks/mock_friend.go:130.91,135.2 4 0
project/internal/repository/mocks/mock_friend.go:138.103,141.2 2 0
project/internal/repository/mocks/mock_friend.go:144.96,149.2 4 0
project/internal/repository/mocks/mock_friend.go:152.108,155.2 2 0
project/internal/repository/mocks/mock_friend.go:169.67,173.2 3 0
project/internal/repository/mocks/mock_friend.go:176.65,178.2 1 0
project/internal/repository/mocks/mock_friend.go:181.95,187.2 5 0
project/internal/repository/mocks/mock_friend.go:190.99,193.2 2 0
project/internal/repository/mocks/mock_friend.go:196.103,201.2 4 0
project/internal/repository/mocks/mock_friend.go:204.115,207.2 2 0
project/internal/repository/mocks/mock_friend.go:210.93,215.2 4 0
project/internal/repository/mocks/mock_friend.go:218.105,221.2 2 0
project/internal/repository/mocks/mock_friend.go:224.112,230.2 5 0
project/internal/repository/mocks/mock_friend.go:233.102,236.2 2 0
project/internal/repository/mocks/mock_friend.go:239.140,246.2 6 0
project/internal/repository/mocks/mock_friend.go:249.113,252.2 2 0
project/internal/repository/mocks/mock_friend.go:255.123,261.2 5 0
project/internal/repository/mocks/mock_friend.go:264.108,267.2 2 0
project/internal/repository/mocks/mock_friend.go:270.134,277.2 6 0
project/internal/repository/mocks/mock_friend.go:280.107,283.2 2 0
project/internal/repository/mocks/mock_friend.go:286.124,293.2 6 0
project/internal/repository/mocks/mock_friend.go:296.106,299.2 2 0
project/internal/repository/mocks/mock_friend.go:302.131,307.2 4 0
project/internal/repository/mocks/mock_friend.go:310.119,313.2 2 0
project/internal/repository/mocks/mock_message.go:27.69,31.2 3 0
project/internal/repository/mocks/mock_message.go:34.67,36.2 1 0
project/internal/repository/mocks/mock_message.go:39.100,45.2 5 0
project/internal/repository/mocks/mock_message.go:48.94,51.2 2 0
project/internal/repository/mocks/mock_message.go:54.122,60.2 5 0
project/internal/repository/mocks/mock_message.go:63.114,66.2 2 0
project/internal/repository/mocks/mock_post.go:28.67,32.2 3 0
project/internal/repository/mocks/mock_post.go:35.65,37.2 1 0
project/internal/repository/mocks/mock_post.go:40.159,46.2 5 0
project/internal/repository/mocks/mock_post.go:49.124,52.2 2 0
project/internal/repository/mocks/mock_post.go:55.90,60.2 4 0
project/internal/repository/mocks/mock_post.go:63.97,66.2 2 0
project/internal/repository/mocks/mock_post.go:69.91,75.2 5 0
project/internal/repository/mocks/mock_post.go:78.86,81.2 2 0
project/internal/repository/mocks/mock_post.go:84.132,90.2 5 0
project/internal/repository/mocks/mock_post.go:93.99,96.2 2 0
project/internal/repository/mocks/mock_post.go:99.120,105.2 5 0
project/internal/repository/mocks/mock_post.go:108.92,111.2 2 0
project/internal/repository/mocks/mock_post.go:114.156,119.2 4 0
project/internal/repository/mocks/mock_post.go:122.132,125.2 2 0
project/internal/repository/mocks/mock_post.go:139.63,143.2 3 0
project/internal/repository/mocks/mock_post.go:146.61,148.2 1 0
project/internal/repository/mocks/mock_post.go:151.82,156.2 4 0
project/internal/repository/mocks/mock_post.go:159.85,162.2 2 0
project/internal/repository/mocks/mock_post.go:165.82,170.2 4 0
project/internal/repository/mocks/mock_post.go:173.93,176.2 2 0
project/internal/repository/mocks/mock_post.go:179.89,185.2 5 0
project/internal/repository/mocks/mock_post.go:188.84,191.2 2 0
project/internal/repository/mocks/mock_post.go:194.116,200.2 5 0
project/internal/repository/mocks/mock_post.go:203.106,206.2 2 0
project/internal/repository/mocks/mock_post.go:209.107,215.2 5 0
project/internal/repository/mocks/mock_post.go:218.102,221.2 2 0
project/internal/repository/mocks/mock_post.go:224.82,229.2 4 0
project/internal/repository/mocks/mock_post.go:232.85,235.2 2 0
project/internal/repository/mocks/mock_profile.go:28.73,32.2 3 0
project/internal/repository/mocks/mock_profile.go:35.71,37.2 1 0
project/internal/repository/mocks/mock_profile.go:40.107,46.2 5 0
project/internal/repository/mocks/mock_profile.go:49.100,52.2 2 0
project/internal/repository/mocks/mock_profile.go:55.113,60.2 4 0
project/internal/repository/mocks/mock_profile.go:63.101,66.2 2 0
project/internal/repository/mocks/mock_profile.go:69.113,74.2 4 0
project/internal/repository/mocks/mock_profile.go:77.101,80.2 2 0
project/internal/repository/mocks/mock_profile.go:83.138,88.2 4 0
project/internal/repository/mocks/mock_profile.go:91.111,94.2 2 0
project/internal/repository/mocks/mock_profile.go:108.69,112.2 3 0
project/internal/repository/mocks/mock_profile.go:115.67,117.2 1 0
project/internal/repository/mocks/mock_profile.go:120.96,126.2 5 0
project/internal/repository/mocks/mock_profile.go:129.97,132.2 2 0
project/internal/repository/mocks/mock_profile.go:135.96,141.2 5 0
project/internal/repository/mocks/mock_profile.go:144.97,147.2 2 0
project/internal/repository/mocks/mock_profile.go:150.104,156.2 5 0
project/internal/repository/mocks/mock_profile.go:159.98,162.2 2 0
project/internal/repository/mocks/mock_profile.go:165.126,171.2 5 0
project/internal/repository/mocks/mock_profile.go:174.105,177.2 2 0
project/internal/repository/mocks/mock_profile.go:180.99,185.2 4 0
project/internal/repository/mocks/mock_profile.go:188.104,191.2 2 0
project/internal/repository/mocks/mock_profile.go:194.99,199.2 4 0
project/internal/repository/mocks/mock_profile.go:202.104,205.2 2 0
project/internal/repository/mocks/mock_profile.go:208.105,213.2 4 0
project/internal/repository/mocks/mock_profile.go:216.102,219.2 2 0
project/internal/repository/mocks/mock_session.go:27.69,31.2 3 0
project/internal/repository/mocks/mock_session.go:34.67,36.2 1 0
project/internal/repository/mocks/mock_session.go:39.105,45.2 5 0
project/internal/repository/mocks/mock_session.go:48.90,51.2 2 0
project/internal/repository/mocks/mock_session.go:54.87,59.2 4 0
project/internal/repository/mocks/mock_session.go:62.96,65.2 2 0
project/internal/repository/mocks/mock_session.go:68.114,74.2 5 0
project/internal/repository/mocks/mock_session.go:77.104,80.2 2 0
project/internal/repository/mocks/mock_user.go:27.63,31.2 3 0
project/internal/repository/mocks/mock_user.go:34.61,36.2 1 0
project/internal/repository/mocks/mock_user.go:39.112,45.2 5 0
project/internal/repository/mocks/mock_user.go:48.94,51.2 2 0
project/internal/repository/mocks/mock_user.go:54.97,60.2 5 0
project/internal/repository/mocks/mock_user.go:63.90,66.2 2 0
project/internal/repository/mocks/mock_user.go:69.91,75.2 5 0
project/internal/repository/mocks/mock_user.go:78.88,81.2 2 0
project/internal/repository/mocks/mock_user.go:84.85,90.2 5 0
project/internal/repository/mocks/mock_user.go:93.89,96.2 2 0
project/internal/service/WSClient.go:24.28,28.2 1 0
project/internal/service/WSClient.go:30.61,34.41 3 0
project/internal/service/WSClient.go:34.41,38.3 3 0
project/internal/service/WSClient.go:39.2,39.55 1 0
project/internal/service/WSClient.go:42.80,56.2 6 0
project/internal/service/WSClient.go:58.99,60.16 2 0
project/internal/service/WSClient.go:60.16,62.3 1 0
project/internal/service/WSClient.go:64.2,70.16 3 0
project/internal/service/WSClient.go:70.16,73.3 2 0
project/internal/service/WSClient.go:75.2,76.12 2 0
project/internal/service/WSClient.go:79.75,83.8 4 0
project/internal/service/WSClient.go:83.8,86.3 2 0
project/internal/service/WSClient.go:87.2,87.58 1 0
project/internal/service/WSClient.go:109.59,111.15 2 0
project/internal/service/WSClient.go:111.15,115.3 3 0
project/internal/service/WSClient.go:117.2,117.6 1 0
project/internal/service/WSClient.go:117.6,118.10 1 0
project/internal/service/WSClient.go:119.32,121.18 2 0
project/internal/service/WSClient.go:121.18,123.5 1 0
project/internal/service/WSClient.go:124.4,124.11 1 0
project/internal/service/WSClient.go:124.11,126.19 2 0
project/internal/service/WSClient.go:126.19,128.6 1 0
project/internal/service/WSClient.go:129.5,130.11 2 0
project/internal/service/WSClient.go:133.4,134.18 2 0
project/internal/service/WSClient.go:134.18,138.5 3 0
project/internal/service/WSClient.go:140.19,142.18 2 0
project/internal/service/WSClient.go:142.18,144.5 1 0
project/internal/service/WSClient.go:145.4,145.74 1 0
project/internal/service/WSClient.go:145.74,148.5 2 0
project/internal/service/auth.go:19.102,24.2 1 0
project/internal/service/auth.go:26.110,29.16 2 0
project/internal/service/auth.go:29.16,30.41 1 0
project/internal/service/auth.go:30.41,33.4 2 0
project/internal/service/auth.go:34.3,35.18 2 0
project/internal/service/auth.go:38.2,39.21 2 0
project/internal/service/auth.go:42.102,44.16 2 0
project/internal/service/auth.go:44.16,47.3 2 0
project/internal/service/auth.go:49.2,49.20 1 0
project/internal/service/auth.go:52.82,55.16 2 0
project/internal/service/auth.go:55.16,56.41 1 0
project/internal/service/auth.go:56.41,59.4 2 0
project/internal/service/auth.go:59.9,62.4 2 0
project/internal/service/auth.go:66.2,66.99 1 0
project/internal/service/auth.go:66.99,69.3 2 0
project/internal/service/auth.go:71.2,72.21 2 0
project/internal/service/auth.go:75.81,78.16 2 0
project/internal/service/auth.go:78.16,81.3 2 0
project/internal/service/auth.go:83.2,84.12 2 0
project/internal/service/auth.go:87.96,90.23 2 0
project/internal/service/auth.go:90.23,93.3 2 0
project/internal/service/auth.go:95.2,96.16 2 0
project/internal/service/auth.go:96.16,97.42 1 0
project/internal/service/auth.go:97.42,100.4 2 0
project/internal/service/auth.go:101.8,104.3 2 0
project/internal/service/auth.go:106.2,106.41 1 0
project/internal/service/auth.go:106.41,109.3 2 0
project/internal/service/auth.go:111.2,112.16 2 0
project/internal/service/auth.go:112.16,115.3 2 0
project/internal/service/auth.go:116.2,127.16 4 0
project/internal/service/auth.go:127.16,130.3 2 0
project/internal/service/auth.go:132.2,133.20 2 0
project/internal/service/chat.go:19.184,27.2 1 0
project/internal/service/chat.go:29.111,32.16 2 0
project/internal/service/chat.go:32.16,35.3 2 0
project/internal/service/chat.go:36.2,36.18 1 0
project/internal/service/chat.go:36.18,39.3 2 0
project/internal/service/chat.go:40.2,40.26 1 0
project/internal/service/chat.go:40.26,43.3 2 0
project/internal/service/chat.go:44.2,45.16 2 0
project/internal/service/chat.go:45.16,48.3 2 0
project/internal/service/chat.go:50.2,51.20 2 0
project/internal/service/chat.go:54.162,57.16 2 0
project/internal/service/chat.go:57.16,60.3 2 0
project/internal/service/chat.go:61.2,61.15 1 0
project/internal/service/chat.go:61.15,64.3 2 0
project/internal/service/chat.go:65.2,67.16 3 0
project/internal/service/chat.go:67.16,70.3 2 0
project/internal/service/chat.go:72.2,73.31 2 0
project/internal/service/chat.go:73.31,75.3 1 0
project/internal/service/chat.go:77.2,78.25 2 0
project/internal/service/chat.go:78.25,80.3 1 0
project/internal/service/chat.go:82.2,83.16 2 0
project/internal/service/chat.go:83.16,86.3 2 0
project/internal/service/chat.go:88.2,93.34 3 0
project/internal/service/chat.go:96.121,98.16 2 0
project/internal/service/chat.go:98.16,101.3 2 0
project/internal/service/chat.go:103.2,103.12 1 0
project/internal/service/chat.go:103.12,106.3 2 0
project/internal/service/chat.go:107.2,110.16 4 0
project/internal/service/chat.go:110.16,113.3 2 0
project/internal/service/chat.go:114.2,115.55 2 0
project/internal/service/chat.go:115.55,117.17 2 0
project/internal/service/chat.go:117.17,120.4 2 0
project/internal/service/chat.go:121.3,122.17 2 0
project/internal/service/chat.go:122.17,125.4 2 0
project/internal/service/chat.go:126.3,127.17 2 0
project/internal/service/chat.go:127.17,130.4 2 0
project/internal/service/chat.go:131.3,137.17 3 0
project/internal/service/chat.go:137.17,140.4 2 0
project/internal/service/chat.go:142.3,142.40 1 0
project/internal/service/chat.go:142.40,144.4 1 0
project/internal/service/chat.go:146.3,146.61 1 0
project/internal/service/chat.go:149.2,150.23 2 0
project/internal/service/chat.go:153.133,157.16 3 0
project/internal/service/chat.go:157.16,160.3 2 0
project/internal/service/chat.go:162.2,163.19 2 0
project/internal/service/friend.go:16.104,21.2 1 0
project/internal/service/friend.go:24.92,26.24 1 0
project/internal/service/friend.go:26.24,29.3 2 0
project/internal/service/friend.go:31.2,37.16 3 0
project/internal/service/friend.go:37.16,38.41 1 0
project/internal/service/friend.go:38.41,41.4 2 0
project/internal/service/friend.go:42.3,43.22 2 0
project/internal/service/friend.go:47.2,48.55 2 0
project/internal/service/friend.go:48.55,51.3 2 0
project/internal/service/friend.go:54.2,54.23 1 0
project/internal/service/friend.go:55.33,57.33 2 0
project/internal/service/friend.go:58.32,61.17 2 0
project/internal/service/friend.go:61.17,64.4 2 0
project/internal/service/friend.go:66.3,66.39 1 0
project/internal/service/friend.go:66.39,69.4 2 0
project/internal/service/friend.go:69.9,72.4 2 0
project/internal/service/friend.go:73.32,75.32 2 0
project/internal/service/friend.go:79.2,80.16 2 0
project/internal/service/friend.go:80.16,83.3 2 0
project/internal/service/friend.go:85.2,86.12 2 0
project/internal/service/friend.go:90.94,97.16 3 0
project/internal/service/friend.go:97.16,98.41 1 0
project/internal/service/friend.go:98.41,101.4 2 0
project/internal/service/friend.go:102.3,103.22 2 0
project/internal/service/friend.go:107.2,107.88 1 0
project/internal/service/friend.go:107.88,110.3 2 0
project/internal/service/friend.go:112.2,113.16 2 0
project/internal/service/friend.go:113.16,116.3 2 0
project/internal/service/friend.go:118.2,119.12 2 0
project/internal/service/friend.go:123.94,130.16 3 0
project/internal/service/friend.go:130.16,131.41 1 0
project/internal/service/friend.go:131.41,134.4 2 0
project/internal/service/friend.go:135.3,136.22 2 0
project/internal/service/friend.go:140.2,140.88 1 0
project/internal/service/friend.go:140.88,143.3 2 0
project/internal/service/friend.go:146.2,147.16 2 0
project/internal/service/friend.go:147.16,150.3 2 0
project/internal/service/friend.go:152.2,153.12 2 0
project/internal/service/friend.go:157.87,164.16 3 0
project/internal/service/friend.go:164.16,167.3 2 0
project/internal/service/friend.go:169.2,169.17 1 0
project/internal/service/friend.go:169.17,172.3 2 0
project/internal/service/friend.go:174.2,175.16 2 0
project/internal/service/friend.go:175.16,178.3 2 0
project/internal/service/friend.go:180.2,181.12 2 0
project/internal/service/friend.go:185.135,195.16 4 0
project/internal/service/friend.go:195.16,198.3 2 0
project/internal/service/friend.go:200.2,200.21 1 0
project/internal/service/friend.go:204.151,214.16 4 0
project/internal/service/friend.go:214.16,217.3 2 0
project/internal/service/friend.go:219.2,219.22 1 0
project/internal/service/friend.go:223.149,233.16 4 0
project/internal/service/friend.go:233.16,236.3 2 0
project/internal/service/friend.go:238.2,238.22 1 0
project/internal/service/friend.go:242.121,248.55 3 0
project/internal/service/friend.go:248.55,251.3 2 0
project/internal/service/friend.go:253.2,254.20 2 0
project/internal/service/post.go:18.96,23.2 1 0
project/internal/service/post.go:26.116,31.16 4 0
project/internal/service/post.go:31.16,34.3 2 0
project/internal/service/post.go:36.2,36.19 1 0
project/internal/service/post.go:40.87,44.16 3 0
project/internal/service/post.go:44.16,45.45 1 0
project/internal/service/post.go:45.45,48.4 2 0
project/internal/service/post.go:49.3,50.27 2 0
project/internal/service/post.go:53.2,53.18 1 0
project/internal/service/post.go:57.179,66.23 3 0
project/internal/service/post.go:66.23,69.3 2 0
project/internal/service/post.go:71.2,75.30 3 0
project/internal/service/post.go:75.30,77.17 2 0
project/internal/service/post.go:77.17,80.4 2 0
project/internal/service/post.go:81.3,81.46 1 0
project/internal/service/post.go:85.2,86.25 2 0
project/internal/service/post.go:86.25,88.17 2 0
project/internal/service/post.go:88.17,89.32 1 0
project/internal/service/post.go:89.32,91.5 1 0
project/internal/service/post.go:92.4,93.33 2 0
project/internal/service/post.go:95.3,95.36 1 0
project/internal/service/post.go:99.2,107.58 2 0
project/internal/service/post.go:107.58,108.31 1 0
project/internal/service/post.go:108.31,110.4 1 0
project/internal/service/post.go:111.3,111.26 1 0
project/internal/service/post.go:111.26,113.4 1 0
project/internal/service/post.go:114.3,115.27 2 0
project/internal/service/post.go:118.2,124.18 2 0
project/internal/service/post.go:128.176,136.23 3 0
project/internal/service/post.go:136.23,139.3 2 0
project/internal/service/post.go:141.2,145.16 3 0
project/internal/service/post.go:145.16,146.45 1 0
project/internal/service/post.go:146.45,149.4 2 0
project/internal/service/post.go:150.3,151.22 2 0
project/internal/service/post.go:155.2,155.43 1 0
project/internal/service/post.go:155.43,161.3 2 0
project/internal/service/post.go:164.2,169.30 4 0
project/internal/service/post.go:169.30,171.43 1 0
project/internal/service/post.go:171.43,173.4 1 0
project/internal/service/post.go:174.3,175.17 2 0
project/internal/service/post.go:175.17,178.4 2 0
project/internal/service/post.go:179.3,179.49 1 0
project/internal/service/post.go:180.8,183.3 2 0
project/internal/service/post.go:186.2,187.25 2 0
project/internal/service/post.go:187.25,189.42 1 0
project/internal/service/post.go:189.42,191.4 1 0
project/internal/service/post.go:193.3,194.17 2 0
project/internal/service/post.go:194.17,195.63 1 0
project/internal/service/post.go:195.63,198.5 2 0
project/internal/service/post.go:199.4,200.28 2 0
project/internal/service/post.go:202.3,202.39 1 0
project/internal/service/post.go:203.8,206.3 2 0
project/internal/service/post.go:209.2,218.65 2 0
project/internal/service/post.go:218.65,219.62 1 0
project/internal/service/post.go:219.62,222.4 2 0
project/internal/service/post.go:223.3,223.56 1 0
project/internal/service/post.go:223.56,226.4 2 0
project/internal/service/post.go:227.3,228.22 2 0
project/internal/service/post.go:232.2,232.29 1 0
project/internal/service/post.go:232.29,233.53 1 0
project/internal/service/post.go:233.53,235.4 1 0
project/internal/service/post.go:237.2,237.24 1 0
project/internal/service/post.go:237.24,238.48 1 0
project/internal/service/post.go:238.48,240.4 1 0
project/internal/service/post.go:243.2,244.12 2 0
project/internal/service/post.go:248.86,253.16 3 0
project/internal/service/post.go:253.16,254.45 1 0
project/internal/service/post.go:254.45,257.4 2 0
project/internal/service/post.go:258.3,259.22 2 0
project/internal/service/post.go:263.2,263.43 1 0
project/internal/service/post.go:263.43,269.3 2 0
project/internal/service/post.go:272.2,272.74 1 0
project/internal/service/post.go:272.74,275.3 2 0
project/internal/service/post.go:278.2,279.42 2 0
project/internal/service/post.go:279.42,281.3 1 0
project/internal/service/post.go:282.2,282.41 1 0
project/internal/service/post.go:282.41,284.3 1 0
project/internal/service/post.go:287.2,287.28 1 0
project/internal/service/post.go:287.28,288.52 1 0
project/internal/service/post.go:288.52,291.4 1 0
project/internal/service/post.go:294.2,297.12 2 0
project/internal/service/post.go:301.128,312.16 4 0
project/internal/service/post.go:312.16,313.45 1 0
project/internal/service/post.go:313.45,316.4 2 0
project/internal/service/post.go:317.3,318.27 2 0
project/internal/service/post.go:322.2,323.16 2 0
project/internal/service/post.go:323.16,326.3 2 0
project/internal/service/post.go:328.2,328.19 1 0
project/internal/service/post.go:332.54,334.23 2 0
project/internal/service/post.go:334.23,336.3 1 0
project/internal/service/post.go:337.2,337.15 1 0
project/internal/service/profile.go:18.108,23.2 1 0
project/internal/service/profile.go:25.136,28.23 2 0
project/internal/service/profile.go:28.23,31.3 2 0
project/internal/service/profile.go:33.2,33.21 1 0
project/internal/service/profile.go:33.21,35.17 2 0
project/internal/service/profile.go:35.17,38.4 2 0
project/internal/service/profile.go:40.3,41.17 2 0
project/internal/service/profile.go:41.17,44.4 2 0
project/internal/service/profile.go:46.3,47.17 2 0
project/internal/service/profile.go:47.17,50.4 2 0
project/internal/service/profile.go:52.8,54.3 1 0
project/internal/service/profile.go:56.2,57.16 2 0
project/internal/service/profile.go:57.16,60.3 2 0
project/internal/service/profile.go:61.2,62.12 2 0
project/internal/service/profile.go:65.111,67.21 1 0
project/internal/service/profile.go:67.21,69.17 2 0
project/internal/service/profile.go:69.17,72.4 2 0
project/internal/service/profile.go:74.3,75.17 2 0
project/internal/service/profile.go:75.17,78.4 2 0
project/internal/service/profile.go:80.3,81.17 2 0
project/internal/service/profile.go:81.17,84.4 2 0
project/internal/service/profile.go:86.8,89.3 2 0
project/internal/service/profile.go:91.2,92.12 2 0
project/internal/service/profile.go:95.111,96.21 1 0
project/internal/service/profile.go:96.21,98.17 2 0
project/internal/service/profile.go:98.17,101.4 2 0
project/internal/service/profile.go:103.3,104.17 2 0
project/internal/service/profile.go:104.17,107.4 2 0
project/internal/service/profile.go:109.3,110.17 2 0
project/internal/service/profile.go:110.17,113.4 2 0
project/internal/service/profile.go:115.8,118.3 2 0
project/internal/service/profile.go:120.2,121.12 2 0
project/internal/service/profile.go:124.105,127.16 2 0
project/internal/service/profile.go:127.16,128.41 1 0
project/internal/service/profile.go:128.41,131.4 2 0
project/internal/service/profile.go:132.3,133.27 2 0
project/internal/service/profile.go:136.2,137.22 2 0
project/internal/service/upload.go:22.63,25.16 2 0
project/internal/service/upload.go:25.16,27.3 1 0
project/internal/service/upload.go:29.2,33.54 4 0
project/internal/service/upload.go:33.54,35.3 1 0
project/internal/service/upload.go:37.2,39.16 3 0
project/internal/service/upload.go:39.16,41.3 1 0
project/internal/service/upload.go:42.2,45.16 3 0
project/internal/service/upload.go:45.16,47.3 1 0
project/internal/service/upload.go:49.2,49.22 1 0
project/internal/service/upload.go:52.67,55.31 2 0
project/internal/service/upload.go:55.31,57.17 2 0
project/internal/service/upload.go:57.17,58.43 1 0
project/internal/service/upload.go:58.43,60.5 1 0
project/internal/service/upload.go:61.4,61.19 1 0
project/internal/service/upload.go:63.3,63.42 1 0
project/internal/service/upload.go:66.2,66.23 1 0
project/internal/service/upload.go:69.40,71.44 2 0
project/internal/service/upload.go:71.44,73.3 1 0
project/internal/service/upload.go:74.2,74.12 1 0
project/internal/service/upload.go:77.45,78.37 1 0
project/internal/service/upload.go:78.37,79.41 1 0
project/internal/service/upload.go:79.41,80.48 1 0
project/internal/service/upload.go:80.48,81.13 1 0
project/internal/service/upload.go:85.2,85.12 1 0
project/internal/service/upload.go:91.21,95.16 3 0
project/internal/service/upload.go:95.16,97.3 1 0
project/internal/service/upload.go:99.2,100.16 2 0
project/internal/service/upload.go:100.16,102.3 1 0
project/internal/service/upload.go:104.2,104.22 1 0
project/internal/service/upload.go:107.104,109.41 1 0
project/internal/service/upload.go:109.41,112.3 2 0
project/internal/service/upload.go:114.2,115.16 2 0
project/internal/service/upload.go:115.16,118.3 2 0
project/internal/service/upload.go:120.2,123.39 3 0
project/internal/service/upload.go:123.39,126.3 2 0
project/internal/service/upload.go:128.2,130.48 2 0
project/internal/service/upload.go:130.48,133.3 2 0
project/internal/service/upload.go:135.2,136.16 2 0
project/internal/service/upload.go:136.16,137.37 1 0
project/internal/service/upload.go:137.37,140.4 2 0
project/internal/service/upload.go:141.3,142.32 2 0
project/internal/service/upload.go:144.2,144.18 1 0
project/internal/service/upload.go:144.18,147.3 2 0
project/internal/service/upload.go:149.2,150.23 2 0
project/internal/service/mocks/mock_auth.go:28.67,32.2 3 1
project/internal/service/mocks/mock_auth.go:35.65,37.2 1 1
project/internal/service/mocks/mock_auth.go:40.104,46.2 5 1
project/internal/service/mocks/mock_auth.go:49.89,52.2 2 1
project/internal/service/mocks/mock_auth.go:55.112,61.2 5 1
project/internal/service/mocks/mock_auth.go:64.96,67.2 2 1
project/internal/service/mocks/mock_auth.go:70.84,76.2 5 1
project/internal/service/mocks/mock_auth.go:79.81,82.2 2 1
project/internal/service/mocks/mock_auth.go:85.83,90.2 4 1
project/internal/service/mocks/mock_auth.go:93.86,96.2 2 1
project/internal/service/mocks/mock_auth.go:99.98,105.2 5 1
project/internal/service/mocks/mock_auth.go:108.84,111.2 2 1
project/internal/service/mocks/mock_chat.go:27.67,31.2 3 1
project/internal/service/mocks/mock_chat.go:34.65,36.2 1 1
project/internal/service/mocks/mock_chat.go:39.119,45.2 5 1
project/internal/service/mocks/mock_chat.go:48.109,51.2 2 1
project/internal/service/mocks/mock_chat.go:54.160,60.2 5 1
project/internal/service/mocks/mock_chat.go:63.114,66.2 2 1
project/internal/service/mocks/mock_chat.go:69.109,75.2 5 1
project/internal/service/mocks/mock_chat.go:78.114,81.2 2 1
project/internal/service/mocks/mock_chat.go:84.135,90.2 5 1
project/internal/service/mocks/mock_chat.go:93.99,96.2 2 1
project/internal/service/mocks/mock_chat.go:110.63,114.2 3 0
project/internal/service/mocks/mock_chat.go:117.61,119.2 1 0
project/internal/service/mocks/mock_chat.go:122.119,128.2 5 0
project/internal/service/mocks/mock_chat.go:131.111,134.2 2 0
project/internal/service/mocks/mock_chat.go:137.107,143.2 5 0
project/internal/service/mocks/mock_chat.go:146.112,149.2 2 0
project/internal/service/mocks/mock_chat.go:152.113,158.2 5 0
project/internal/service/mocks/mock_chat.go:161.116,164.2 2 0
project/internal/service/mocks/mock_chat.go:167.117,173.2 5 0
project/internal/service/mocks/mock_chat.go:176.108,179.2 2 0
project/internal/service/mocks/mock_chat.go:182.84,188.2 5 0
project/internal/service/mocks/mock_chat.go:191.88,194.2 2 0
project/internal/service/mocks/mock_chat.go:197.95,203.2 5 0
project/internal/service/mocks/mock_chat.go:206.99,209.2 2 0
project/internal/service/mocks/mock_friend.go:27.71,31.2 3 0
project/internal/service/mocks/mock_friend.go:34.69,36.2 1 0
project/internal/service/mocks/mock_friend.go:39.98,44.2 4 0
project/internal/service/mocks/mock_friend.go:47.110,50.2 2 0
project/internal/service/mocks/mock_friend.go:53.138,60.2 6 0
project/internal/service/mocks/mock_friend.go:63.111,66.2 2 0
project/internal/service/mocks/mock_friend.go:69.122,76.2 6 0
project/internal/service/mocks/mock_friend.go:79.104,82.2 2 0
project/internal/service/mocks/mock_friend.go:85.125,91.2 5 0
project/internal/service/mocks/mock_friend.go:94.110,97.2 2 0
project/internal/service/mocks/mock_friend.go:100.136,107.2 6 0
project/internal/service/mocks/mock_friend.go:110.109,113.2 2 0
project/internal/service/mocks/mock_friend.go:116.98,121.2 4 0
project/internal/service/mocks/mock_friend.go:124.110,127.2 2 0
project/internal/service/mocks/mock_friend.go:130.91,135.2 4 0
project/internal/service/mocks/mock_friend.go:138.103,141.2 2 0
project/internal/service/mocks/mock_friend.go:144.96,149.2 4 0
project/internal/service/mocks/mock_friend.go:152.108,155.2 2 0
project/internal/service/mocks/mock_friend.go:169.67,173.2 3 0
project/internal/service/mocks/mock_friend.go:176.65,178.2 1 0
project/internal/service/mocks/mock_friend.go:181.95,187.2 5 0
project/internal/service/mocks/mock_friend.go:190.99,193.2 2 0
project/internal/service/mocks/mock_friend.go:196.103,201.2 4 0
project/internal/service/mocks/mock_friend.go:204.115,207.2 2 0
project/internal/service/mocks/mock_friend.go:210.93,215.2 4 0
project/internal/service/mocks/mock_friend.go:218.105,221.2 2 0
project/internal/service/mocks/mock_friend.go:224.112,230.2 5 0
project/internal/service/mocks/mock_friend.go:233.102,236.2 2 0
project/internal/service/mocks/mock_friend.go:239.140,246.2 6 0
project/internal/service/mocks/mock_friend.go:249.113,252.2 2 0
project/internal/service/mocks/mock_friend.go:255.123,261.2 5 0
project/internal/service/mocks/mock_friend.go:264.108,267.2 2 0
project/internal/service/mocks/mock_friend.go:270.134,277.2 6 0
project/internal/service/mocks/mock_friend.go:280.107,283.2 2 0
project/internal/service/mocks/mock_friend.go:286.124,293.2 6 0
project/internal/service/mocks/mock_friend.go:296.106,299.2 2 0
project/internal/service/mocks/mock_friend.go:302.131,307.2 4 0
project/internal/service/mocks/mock_friend.go:310.119,313.2 2 0
project/internal/service/mocks/mock_post.go:28.67,32.2 3 1
project/internal/service/mocks/mock_post.go:35.65,37.2 1 1
project/internal/service/mocks/mock_post.go:40.159,46.2 5 1
project/internal/service/mocks/mock_post.go:49.124,52.2 2 1
project/internal/service/mocks/mock_post.go:55.90,60.2 4 1
project/internal/service/mocks/mock_post.go:63.97,66.2 2 1
project/internal/service/mocks/mock_post.go:69.91,75.2 5 1
project/internal/service/mocks/mock_post.go:78.86,81.2 2 1
project/internal/service/mocks/mock_post.go:84.132,90.2 5 1
project/internal/service/mocks/mock_post.go:93.99,96.2 2 1
project/internal/service/mocks/mock_post.go:99.120,105.2 5 1
project/internal/service/mocks/mock_post.go:108.92,111.2 2 1
project/internal/service/mocks/mock_post.go:114.156,119.2 4 1
project/internal/service/mocks/mock_post.go:122.132,125.2 2 1
project/internal/service/mocks/mock_post.go:139.63,143.2 3 0
project/internal/service/mocks/mock_post.go:146.61,148.2 1 0
project/internal/service/mocks/mock_post.go:151.82,156.2 4 0
project/internal/service/mocks/mock_post.go:159.85,162.2 2 0
project/internal/service/mocks/mock_post.go:165.82,170.2 4 0
project/internal/service/mocks/mock_post.go:173.93,176.2 2 0
project/internal/service/mocks/mock_post.go:179.89,185.2 5 0
project/internal/service/mocks/mock_post.go:188.84,191.2 2 0
project/internal/service/mocks/mock_post.go:194.116,200.2 5 0
project/internal/service/mocks/mock_post.go:203.106,206.2 2 0
project/internal/service/mocks/mock_post.go:209.107,215.2 5 0
project/internal/service/mocks/mock_post.go:218.102,221.2 2 0
project/internal/service/mocks/mock_post.go:224.82,229.2 4 0
project/internal/service/mocks/mock_post.go:232.85,235.2 2 0
project/internal/service/mocks/mock_profile.go:28.73,32.2 3 1
project/internal/service/mocks/mock_profile.go:35.71,37.2 1 1
project/internal/service/mocks/mock_profile.go:40.107,46.2 5 1
project/internal/service/mocks/mock_profile.go:49.100,52.2 2 1
project/internal/service/mocks/mock_profile.go:55.113,60.2 4 1
project/internal/service/mocks/mock_profile.go:63.101,66.2 2 1
project/internal/service/mocks/mock_profile.go:69.113,74.2 4 1
project/internal/service/mocks/mock_profile.go:77.101,80.2 2 1
project/internal/service/mocks/mock_profile.go:83.138,88.2 4 1
project/internal/service/mocks/mock_profile.go:91.111,94.2 2 1
project/internal/service/mocks/mock_profile.go:108.69,112.2 3 0
project/internal/service/mocks/mock_profile.go:115.67,117.2 1 0
project/internal/service/mocks/mock_profile.go:120.96,126.2 5 0
project/internal/service/mocks/mock_profile.go:129.97,132.2 2 0
project/internal/service/mocks/mock_profile.go:135.96,141.2 5 0
project/internal/service/mocks/mock_profile.go:144.97,147.2 2 0
project/internal/service/mocks/mock_profile.go:150.104,156.2 5 0
project/internal/service/mocks/mock_profile.go:159.98,162.2 2 0
project/internal/service/mocks/mock_profile.go:165.126,171.2 5 0
project/internal/service/mocks/mock_profile.go:174.105,177.2 2 0
project/internal/service/mocks/mock_profile.go:180.99,185.2 4 0
project/internal/service/mocks/mock_profile.go:188.104,191.2 2 0
project/internal/service/mocks/mock_profile.go:194.99,199.2 4 0
project/internal/service/mocks/mock_profile.go:202.104,205.2 2 0
project/internal/service/mocks/mock_profile.go:208.105,213.2 4 0
project/internal/service/mocks/mock_profile.go:216.102,219.2 2 0
project/cmd/app/main.go:22.49,24.16 2 0
project/cmd/app/main.go:24.16,26.3 1 0
project/cmd/app/main.go:28.2,28.34 1 0
project/cmd/app/main.go:28.34,30.3 1 0
project/cmd/app/main.go:32.2,32.11 1 0
project/cmd/app/main.go:35.49,38.16 3 0
project/cmd/app/main.go:38.16,40.3 1 0
project/cmd/app/main.go:42.2,43.16 2 0
project/cmd/app/main.go:43.16,45.3 1 0
project/cmd/app/main.go:47.2,48.18 2 0
project/cmd/app/main.go:51.51,56.13 5 0
project/cmd/app/main.go:56.13,65.3 3 0
project/cmd/app/main.go:65.8,73.3 2 0
project/cmd/app/main.go:75.2,76.16 2 0
project/cmd/app/main.go:76.16,78.3 1 0
project/cmd/app/main.go:79.2,79.15 1 0
project/cmd/app/main.go:82.112,158.2 63 0
project/cmd/app/main.go:167.13,170.18 2 0
project/cmd/app/main.go:170.18,172.3 1 0
project/cmd/app/main.go:173.2,183.64 8 0
project/cmd/app/main.go:183.64,185.3 1 0
project/cmd/migration/migrate.go:14.13,16.18 2 0
project/cmd/migration/migrate.go:16.18,18.3 1 0
project/cmd/migration/migrate.go:20.2,24.16 2 0
project/cmd/migration/migrate.go:24.16,26.3 1 0
project/cmd/migration/migrate.go:28.2,28.22 1 0
project/cmd/migration/migrate.go:28.22,29.21 1 0
project/cmd/migration/migrate.go:30.15,31.74 1 0
project/cmd/migration/migrate.go:31.74,33.5 1 0
project/cmd/migration/migrate.go:34.4,34.55 1 0
project/cmd/migration/migrate.go:36.11,37.72 1 0
project/cmd/migration/migrate.go:37.72,39.5 1 0
project/cmd/migration/migrate.go:40.4,40.51 1 0
project/cmd/migration/migrate.go:43.8,44.71 1 0
project/cmd/migration/migrate.go:44.71,46.4 1 0
project/cmd/migration/migrate.go:47.3,47.50 1 0
project/config/config.go:21.26,23.46 1 0
project/config/config.go:23.46,25.3 1 0
project/config/config.go:27.2,56.15 17 0
project/docs/docs.go:1800.13,1802.2 1 0
project/domain/errors.go:60.46,61.9 1 0
project/domain/errors.go:62.70,63.39 1 0
project/domain/errors.go:64.39,65.41 1 0
project/domain/errors.go:66.34,67.51 1 0
project/domain/errors.go:68.39,69.44 1 0
project/domain/errors.go:70.35,71.44 1 0
project/domain/errors.go:72.40,73.43 1 0
project/domain/errors.go:74.29,75.51 1 0
project/domain/errors.go:76.10,77.51 1 0
project/domain/loghelper.go:10.39,12.29 2 0
project/domain/loghelper.go:12.29,14.3 1 0
project/domain/loghelper.go:15.2,15.17 1 0
project/domain/loghelper.go:18.51,19.53 1 1
project/domain/loghelper.go:19.53,21.3 1 0
project/domain/loghelper.go:22.2,22.21 1 1
project/domain/loghelper.go:25.65,27.2 1 1
project/domain/loghelper.go:29.77,32.2 2 1
project/domain/loghelper.go:34.65,36.2 1 1
project/domain/loghelper.go:38.61,45.2 2 0
project/domain/paginate.go:11.70,12.21 1 1
project/domain/paginate.go:12.21,14.3 1 1
project/domain/paginate.go:15.2,15.49 1 1
project/domain/paginate.go:15.49,17.3 1 1
project/domain/paginate.go:18.2,19.29 2 1
project/internal/handler/JSONHelper.go:18.78,25.17 3 0
project/internal/handler/JSONHelper.go:25.17,27.3 1 0
project/internal/handler/JSONHelper.go:30.54,33.2 2 0
project/internal/handler/JSONHelper.go:35.87,38.56 2 0
project/internal/handler/JSONHelper.go:38.56,42.3 3 0
project/internal/handler/JSONHelper.go:43.2,43.12 1 0
project/internal/handler/JSONHelper.go:46.68,48.2 1 0
project/internal/handler/auth.go:18.89,23.2 1 0
project/internal/handler/auth.go:25.78,27.16 2 0
project/internal/handler/auth.go:27.16,30.3 2 0
project/internal/handler/auth.go:31.2,33.21 2 0
project/internal/handler/auth.go:49.83,52.16 3 0
project/internal/handler/auth.go:52.16,55.3 2 0
project/internal/handler/auth.go:56.2,57.16 2 0
project/internal/handler/auth.go:57.16,60.3 2 0
project/internal/handler/auth.go:62.2,66.55 2 0
project/internal/handler/auth.go:66.55,68.3 1 0
project/internal/handler/auth.go:69.2,69.62 1 0
project/internal/handler/auth.go:72.94,74.16 2 0
project/internal/handler/auth.go:74.16,76.3 1 0
project/internal/handler/auth.go:77.2,94.12 5 0
project/internal/handler/auth.go:108.71,110.61 2 0
project/internal/handler/auth.go:110.61,114.3 3 0
project/internal/handler/auth.go:115.2,116.16 2 0
project/internal/handler/auth.go:116.16,119.3 2 0
project/internal/handler/auth.go:121.2,122.16 2 0
project/internal/handler/auth.go:122.16,125.3 2 0
project/internal/handler/auth.go:127.2,128.83 2 0
project/internal/handler/auth.go:140.72,143.16 2 0
project/internal/handler/auth.go:143.16,147.3 3 0
project/internal/handler/auth.go:148.2,149.16 2 0
project/internal/handler/auth.go:149.16,152.3 2 0
project/internal/handler/auth.go:154.2,174.58 7 0
project/internal/handler/auth.go:189.74,191.61 2 0
project/internal/handler/auth.go:191.61,195.3 3 0
project/internal/handler/auth.go:196.2,197.16 2 0
project/internal/handler/auth.go:197.16,200.3 2 0
project/internal/handler/auth.go:202.2,203.16 2 0
project/internal/handler/auth.go:203.16,206.3 2 0
project/internal/handler/auth.go:208.2,209.104 2 0
project/internal/handler/chat.go:18.66,22.2 1 0
project/internal/handler/chat.go:39.89,43.16 4 0
project/internal/handler/chat.go:43.16,47.3 3 0
project/internal/handler/chat.go:48.2,51.16 3 0
project/internal/handler/chat.go:51.16,54.3 2 0
project/internal/handler/chat.go:56.2,57.82 2 0
project/internal/handler/chat.go:57.82,59.3 1 0
project/internal/handler/chat.go:61.2,61.129 1 0
project/internal/handler/chat.go:77.85,81.16 4 0
project/internal/handler/chat.go:81.16,85.3 3 0
project/internal/handler/chat.go:87.2,90.76 3 0
project/internal/handler/chat.go:90.76,94.3 3 0
project/internal/handler/chat.go:96.2,97.16 2 0
project/internal/handler/chat.go:97.16,99.3 1 0
project/internal/handler/chat.go:101.2,101.71 1 0
project/internal/handler/chat.go:101.71,104.3 2 0
project/internal/handler/chat.go:106.2,106.164 1 0
project/internal/handler/chat.go:125.79,129.16 4 0
project/internal/handler/chat.go:129.16,133.3 3 0
project/internal/handler/chat.go:135.2,136.65 2 0
project/internal/handler/chat.go:136.65,140.3 3 0
project/internal/handler/chat.go:142.2,145.16 3 0
project/internal/handler/chat.go:145.16,147.3 1 0
project/internal/handler/chat.go:149.2,150.16 2 0
project/internal/handler/chat.go:150.16,152.3 1 0
project/internal/handler/chat.go:171.78,175.76 3 0
project/internal/handler/chat.go:175.76,179.3 3 0
project/internal/handler/chat.go:181.2,182.16 2 0
project/internal/handler/chat.go:182.16,184.3 1 0
project/internal/handler/chat.go:186.2,187.16 2 0
project/internal/handler/chat.go:187.16,189.3 1 0
project/internal/handler/friend.go:18.74,22.2 1 0
project/internal/handler/friend.go:44.83,47.16 3 0
[...]
project/internal/service/chat.go:137.17,140.4 2 0
project/internal/service/chat.go:142.3,142.40 1 0
project/internal/service/chat.go:142.40,144.4 1 0
project/internal/service/chat.go:146.3,146.61 1 0
project/internal/service/chat.go:149.2,150.23 2 0
project/internal/service/chat.go:153.133,157.16 3 0
project/internal/service/chat.go:157.16,160.3 2 0
project/internal/service/chat.go:162.2,163.19 2 0
project/internal/service/friend.go:16.104,21.2 1 0
project/internal/service/friend.go:24.92,26.24 1 0
project/internal/service/friend.go:26.24,29.3 2 0
project/internal/service/friend.go:31.2,37.16 3 0
project/internal/service/friend.go:37.16,38.41 1 0
project/internal/service/friend.go:38.41,41.4 2 0
project/internal/service/friend.go:42.3,43.22 2 0
project/internal/service/friend.go:47.2,48.55 2 0
project/internal/service/friend.go:48.55,51.3 2 0
project/internal/service/friend.go:54.2,54.23 1 0
project/internal/service/friend.go:55.33,57.33 2 0
project/internal/service/friend.go:58.32,61.17 2 0
project/internal/service/friend.go:61.17,64.4 2 0
project/internal/service/friend.go:66.3,66.39 1 0
project/internal/service/friend.go:66.39,69.4 2 0
project/internal/service/friend.go:69.9,72.4 2 0
project/internal/service/friend.go:73.32,75.32 2 0
project/internal/service/friend.go:79.2,80.16 2 0
project/internal/service/friend.go:80.16,83.3 2 0
project/internal/service/friend.go:85.2,86.12 2 0
project/internal/service/friend.go:90.94,97.16 3 0
project/internal/service/friend.go:97.16,98.41 1 0
project/internal/service/friend.go:98.41,101.4 2 0
project/internal/service/friend.go:102.3,103.22 2 0
project/internal/service/friend.go:107.2,107.88 1 0
project/internal/service/friend.go:107.88,110.3 2 0
project/internal/service/friend.go:112.2,113.16 2 0
project/internal/service/friend.go:113.16,116.3 2 0
project/internal/service/friend.go:118.2,119.12 2 0
project/internal/service/friend.go:123.94,130.16 3 0
project/internal/service/friend.go:130.16,131.41 1 0
project/internal/service/friend.go:131.41,134.4 2 0
project/internal/service/friend.go:135.3,136.22 2 0
project/internal/service/friend.go:140.2,140.88 1 0
project/internal/service/friend.go:140.88,143.3 2 0
project/internal/service/friend.go:146.2,147.16 2 0
project/internal/service/friend.go:147.16,150.3 2 0
project/internal/service/friend.go:152.2,153.12 2 0
project/internal/service/friend.go:157.87,164.16 3 0
project/internal/service/friend.go:164.16,167.3 2 0
project/internal/service/friend.go:169.2,169.17 1 0
project/internal/service/friend.go:169.17,172.3 2 0
project/internal/service/friend.go:174.2,175.16 2 0
project/internal/service/friend.go:175.16,178.3 2 0
project/internal/service/friend.go:180.2,181.12 2 0
project/internal/service/friend.go:185.135,195.16 4 0
project/internal/service/friend.go:195.16,198.3 2 0
project/internal/service/friend.go:200.2,200.21 1 0
project/internal/service/friend.go:204.151,214.16 4 0
project/internal/service/friend.go:214.16,217.3 2 0
project/internal/service/friend.go:219.2,219.22 1 0
project/internal/service/friend.go:223.149,233.16 4 0
project/internal/service/friend.go:233.16,236.3 2 0
project/internal/service/friend.go:238.2,238.22 1 0
project/internal/service/friend.go:242.121,248.55 3 0
project/internal/service/friend.go:248.55,251.3 2 0
project/internal/service/friend.go:253.2,254.20 2 0
project/internal/service/post.go:18.96,23.2 1 0
project/internal/service/post.go:26.116,31.16 4 0
project/internal/service/post.go:31.16,34.3 2 0
project/internal/service/post.go:36.2,36.19 1 0
project/internal/service/post.go:40.87,44.16 3 0
project/internal/service/post.go:44.16,45.45 1 0
project/internal/service/post.go:45.45,48.4 2 0
project/internal/service/post.go:49.3,50.27 2 0
project/internal/service/post.go:53.2,53.18 1 0
project/internal/service/post.go:57.179,66.23 3 0
project/internal/service/post.go:66.23,69.3 2 0
project/internal/service/post.go:71.2,75.30 3 0
project/internal/service/post.go:75.30,77.17 2 0
project/internal/service/post.go:77.17,80.4 2 0
project/internal/service/post.go:81.3,81.46 1 0
project/internal/service/post.go:85.2,86.25 2 0
project/internal/service/post.go:86.25,88.17 2 0
project/internal/service/post.go:88.17,89.32 1 0
project/internal/service/post.go:89.32,91.5 1 0
project/internal/service/post.go:92.4,93.33 2 0
project/internal/service/post.go:95.3,95.36 1 0
project/internal/service/post.go:99.2,107.58 2 0
project/internal/service/post.go:107.58,108.31 1 0
project/internal/service/post.go:108.31,110.4 1 0
project/internal/service/post.go:111.3,111.26 1 0
project/internal/service/post.go:111.26,113.4 1 0
project/internal/service/post.go:114.3,115.27 2 0
project/internal/service/post.go:118.2,124.18 2 0
project/internal/service/post.go:128.176,136.23 3 0
project/internal/service/post.go:136.23,139.3 2 0
project/internal/service/post.go:141.2,145.16 3 0
project/internal/service/post.go:145.16,146.45 1 0
project/internal/service/post.go:146.45,149.4 2 0
project/internal/service/post.go:150.3,151.22 2 0
project/internal/service/post.go:155.2,155.43 1 0
project/internal/service/post.go:155.43,161.3 2 0
project/internal/service/post.go:164.2,169.30 4 0
project/internal/service/post.go:169.30,171.43 1 0
project/internal/service/post.go:171.43,173.4 1 0
project/internal/service/post.go:174.3,175.17 2 0
project/internal/service/post.go:175.17,178.4 2 0
project/internal/service/post.go:179.3,179.49 1 0
project/internal/service/post.go:180.8,183.3 2 0
project/internal/service/post.go:186.2,187.25 2 0
project/internal/service/post.go:187.25,189.42 1 0
project/internal/service/post.go:189.42,191.4 1 0
project/internal/service/post.go:193.3,194.17 2 0
project/internal/service/post.go:194.17,195.63 1 0
project/internal/service/post.go:195.63,198.5 2 0
project/internal/service/post.go:199.4,200.28 2 0
project/internal/service/post.go:202.3,202.39 1 0
project/internal/service/post.go:203.8,206.3 2 0
project/internal/service/post.go:209.2,218.65 2 0
project/internal/service/post.go:218.65,219.62 1 0
project/internal/service/post.go:219.62,222.4 2 0
project/internal/service/post.go:223.3,223.56 1 0
project/internal/service/post.go:223.56,226.4 2 0
project/internal/service/post.go:227.3,228.22 2 0
project/internal/service/post.go:232.2,232.29 1 0
project/internal/service/post.go:232.29,233.53 1 0
project/internal/service/post.go:233.53,235.4 1 0
project/internal/service/post.go:237.2,237.24 1 0
project/internal/service/post.go:237.24,238.48 1 0
project/internal/service/post.go:238.48,240.4 1 0
project/internal/service/post.go:243.2,244.12 2 0
project/internal/service/post.go:248.86,253.16 3 0
project/internal/service/post.go:253.16,254.45 1 0
project/internal/service/post.go:254.45,257.4 2 0
project/internal/service/post.go:258.3,259.22 2 0
project/internal/service/post.go:263.2,263.43 1 0
project/internal/service/post.go:263.43,269.3 2 0
project/internal/service/post.go:272.2,272.74 1 0
project/internal/service/post.go:272.74,275.3 2 0
project/internal/service/post.go:278.2,279.42 2 0
project/internal/service/post.go:279.42,281.3 1 0
project/internal/service/post.go:282.2,282.41 1 0
project/internal/service/post.go:282.41,284.3 1 0
project/internal/service/post.go:287.2,287.28 1 0
project/internal/service/post.go:287.28,288.52 1 0
project/internal/service/post.go:288.52,291.4 1 0
project/internal/service/post.go:294.2,297.12 2 0
project/internal/service/post.go:301.128,312.16 4 0
project/internal/service/post.go:312.16,313.45 1 0
project/internal/service/post.go:313.45,316.4 2 0
project/internal/service/post.go:317.3,318.27 2 0
project/internal/service/post.go:322.2,323.16 2 0
project/internal/service/post.go:323.16,326.3 2 0
project/internal/service/post.go:328.2,328.19 1 0
project/internal/service/post.go:332.54,334.23 2 0
project/internal/service/post.go:334.23,336.3 1 0
project/internal/service/post.go:337.2,337.15 1 0
project/internal/service/profile.go:18.108,23.2 1 0
project/internal/service/profile.go:25.136,28.23 2 0
project/internal/service/profile.go:28.23,31.3 2 0
project/internal/service/profile.go:33.2,33.21 1 0
project/internal/service/profile.go:33.21,35.17 2 0
project/internal/service/profile.go:35.17,38.4 2 0
project/internal/service/profile.go:40.3,41.17 2 0
project/internal/service/profile.go:41.17,44.4 2 0
project/internal/service/profile.go:46.3,47.17 2 0
project/internal/service/profile.go:47.17,50.4 2 0
project/internal/service/profile.go:52.8,54.3 1 0
project/internal/service/profile.go:56.2,57.16 2 0
project/internal/service/profile.go:57.16,60.3 2 0
project/internal/service/profile.go:61.2,62.12 2 0
project/internal/service/profile.go:65.111,67.21 1 0
project/internal/service/profile.go:67.21,69.17 2 0
project/internal/service/profile.go:69.17,72.4 2 0
project/internal/service/profile.go:74.3,75.17 2 0
project/internal/service/profile.go:75.17,78.4 2 0
project/internal/service/profile.go:80.3,81.17 2 0
project/internal/service/profile.go:81.17,84.4 2 0
project/internal/service/profile.go:86.8,89.3 2 0
project/internal/service/profile.go:91.2,92.12 2 0
project/internal/service/profile.go:95.111,96.21 1 0
project/internal/service/profile.go:96.21,98.17 2 0
project/internal/service/profile.go:98.17,101.4 2 0
project/internal/service/profile.go:103.3,104.17 2 0
project/internal/service/profile.go:104.17,107.4 2 0
project/internal/service/profile.go:109.3,110.17 2 0
project/internal/service/profile.go:110.17,113.4 2 0
project/internal/service/profile.go:115.8,118.3 2 0
project/internal/service/profile.go:120.2,121.12 2 0
project/internal/service/profile.go:124.105,127.16 2 0
project/internal/service/profile.go:127.16,128.41 1 0
project/internal/service/profile.go:128.41,131.4 2 0
project/internal/service/profile.go:132.3,133.27 2 0
project/internal/service/profile.go:136.2,137.22 2 0
project/internal/service/upload.go:22.63,25.16 2 0
project/internal/service/upload.go:25.16,27.3 1 0
project/internal/service/upload.go:29.2,33.54 4 0
project/internal/service/upload.go:33.54,35.3 1 0
project/internal/service/upload.go:37.2,39.16 3 0
project/internal/service/upload.go:39.16,41.3 1 0
project/internal/service/upload.go:42.2,45.16 3 0
project/internal/service/upload.go:45.16,47.3 1 0
project/internal/service/upload.go:49.2,49.22 1 0
project/internal/service/upload.go:52.67,55.31 2 0
project/internal/service/upload.go:55.31,57.17 2 0
project/internal/service/upload.go:57.17,58.43 1 0
project/internal/service/upload.go:58.43,60.5 1 0
project/internal/service/upload.go:61.4,61.19 1 0
project/internal/service/upload.go:63.3,63.42 1 0
project/internal/service/upload.go:66.2,66.23 1 0
project/internal/service/upload.go:69.40,71.44 2 0
project/internal/service/upload.go:71.44,73.3 1 0
project/internal/service/upload.go:74.2,74.12 1 0
project/internal/service/upload.go:77.45,78.37 1 0
project/internal/service/upload.go:78.37,79.41 1 0
project/internal/service/upload.go:79.41,80.48 1 0
project/internal/service/upload.go:80.48,81.13 1 0
project/internal/service/upload.go:85.2,85.12 1 0
project/internal/service/upload.go:91.21,95.16 3 0
project/internal/service/upload.go:95.16,97.3 1 0
project/internal/service/upload.go:99.2,100.16 2 0
project/internal/service/upload.go:100.16,102.3 1 0
project/internal/service/upload.go:104.2,104.22 1 0
project/internal/service/upload.go:107.104,109.41 1 0
project/internal/service/upload.go:109.41,112.3 2 0
project/internal/service/upload.go:114.2,115.16 2 0
project/internal/service/upload.go:115.16,118.3 2 0
project/internal/service/upload.go:120.2,123.39 3 0
project/internal/service/upload.go:123.39,126.3 2 0
project/internal/service/upload.go:128.2,130.48 2 0
project/internal/service/upload.go:130.48,133.3 2 0
project/internal/service/upload.go:135.2,136.16 2 0
project/internal/service/upload.go:136.16,137.37 1 0
project/internal/service/upload.go:137.37,140.4 2 0
project/internal/service/upload.go:141.3,142.32 2 0
project/internal/service/upload.go:144.2,144.18 1 0
project/internal/service/upload.go:144.18,147.3 2 0
project/internal/service/upload.go:149.2,150.23 2 0
project/internal/service/mocks/mock_auth.go:28.67,32.2 3 0
project/internal/service/mocks/mock_auth.go:35.65,37.2 1 0
project/internal/service/mocks/mock_auth.go:40.104,46.2 5 0
project/internal/service/mocks/mock_auth.go:49.89,52.2 2 0
project/internal/service/mocks/mock_auth.go:55.112,61.2 5 0
project/internal/service/mocks/mock_auth.go:64.96,67.2 2 0
project/internal/service/mocks/mock_auth.go:70.84,76.2 5 0
project/internal/service/mocks/mock_auth.go:79.81,82.2 2 0
project/internal/service/mocks/mock_auth.go:85.83,90.2 4 0
project/internal/service/mocks/mock_auth.go:93.86,96.2 2 0
project/internal/service/mocks/mock_auth.go:99.98,105.2 5 0
project/internal/service/mocks/mock_auth.go:108.84,111.2 2 0
project/internal/service/mocks/mock_chat.go:27.67,31.2 3 0
project/internal/service/mocks/mock_chat.go:34.65,36.2 1 0
project/internal/service/mocks/mock_chat.go:39.119,45.2 5 0
project/internal/service/mocks/mock_chat.go:48.109,51.2 2 0
project/internal/service/mocks/mock_chat.go:54.160,60.2 5 0
project/internal/service/mocks/mock_chat.go:63.114,66.2 2 0
project/internal/service/mocks/mock_chat.go:69.109,75.2 5 0
project/internal/service/mocks/mock_chat.go:78.114,81.2 2 0
project/internal/service/mocks/mock_chat.go:84.135,90.2 5 0
project/internal/service/mocks/mock_chat.go:93.99,96.2 2 0
project/internal/service/mocks/mock_chat.go:110.63,114.2 3 0
project/internal/service/mocks/mock_chat.go:117.61,119.2 1 0
project/internal/service/mocks/mock_chat.go:122.119,128.2 5 0
project/internal/service/mocks/mock_chat.go:131.111,134.2 2 0
project/internal/service/mocks/mock_chat.go:137.107,143.2 5 0
project/internal/service/mocks/mock_chat.go:146.112,149.2 2 0
project/internal/service/mocks/mock_chat.go:152.113,158.2 5 0
project/internal/service/mocks/mock_chat.go:161.116,164.2 2 0
project/internal/service/mocks/mock_chat.go:167.117,173.2 5 0
project/internal/service/mocks/mock_chat.go:176.108,179.2 2 0
project/internal/service/mocks/mock_chat.go:182.84,188.2 5 0
project/internal/service/mocks/mock_chat.go:191.88,194.2 2 0
project/internal/service/mocks/mock_chat.go:197.95,203.2 5 0
project/internal/service/mocks/mock_chat.go:206.99,209.2 2 0
project/internal/service/mocks/mock_friend.go:27.71,31.2 3 0
project/internal/service/mocks/mock_friend.go:34.69,36.2 1 0
project/internal/service/mocks/mock_friend.go:39.98,44.2 4 0
project/internal/service/mocks/mock_friend.go:47.110,50.2 2 0
project/internal/service/mocks/mock_friend.go:53.138,60.2 6 0
project/internal/service/mocks/mock_friend.go:63.111,66.2 2 0
project/internal/service/mocks/mock_friend.go:69.122,76.2 6 0
project/internal/service/mocks/mock_friend.go:79.104,82.2 2 0
project/internal/service/mocks/mock_friend.go:85.125,91.2 5 0
project/internal/service/mocks/mock_friend.go:94.110,97.2 2 0
project/internal/service/mocks/mock_friend.go:100.136,107.2 6 0
project/internal/service/mocks/mock_friend.go:110.109,113.2 2 0
project/internal/service/mocks/mock_friend.go:116.98,121.2 4 0
project/internal/service/mocks/mock_friend.go:124.110,127.2 2 0
project/internal/service/mocks/mock_friend.go:130.91,135.2 4 0
project/internal/service/mocks/mock_friend.go:138.103,141.2 2 0
project/internal/service/mocks/mock_friend.go:144.96,149.2 4 0
project/internal/service/mocks/mock_friend.go:152.108,155.2 2 0
project/internal/service/mocks/mock_friend.go:169.67,173.2 3 0
project/internal/service/mocks/mock_friend.go:176.65,178.2 1 0
project/internal/service/mocks/mock_friend.go:181.95,187.2 5 0
project/internal/service/mocks/mock_friend.go:190.99,193.2 2 0
project/internal/service/mocks/mock_friend.go:196.103,201.2 4 0
project/internal/service/mocks/mock_friend.go:204.115,207.2 2 0
project/internal/service/mocks/mock_friend.go:210.93,215.2 4 0
project/internal/service/mocks/mock_friend.go:218.105,221.2 2 0
project/internal/service/mocks/mock_friend.go:224.112,230.2 5 0
project/internal/service/mocks/mock_friend.go:233.102,236.2 2 0
project/internal/service/mocks/mock_friend.go:239.140,246.2 6 0
project/internal/service/mocks/mock_friend.go:249.113,252.2 2 0
project/internal/service/mocks/mock_friend.go:255.123,261.2 5 0
project/internal/service/mocks/mock_friend.go:264.108,267.2 2 0
project/internal/service/mocks/mock_friend.go:270.134,277.2 6 0
project/internal/service/mocks/mock_friend.go:280.107,283.2 2 0
project/internal/service/mocks/mock_friend.go:286.124,293.2 6 0
project/internal/service/mocks/mock_friend.go:296.106,299.2 2 0
project/internal/service/mocks/mock_friend.go:302.131,307.2 4 0
project/internal/service/mocks/mock_friend.go:310.119,313.2 2 0
project/internal/service/mocks/mock_post.go:28.67,32.2 3 0
project/internal/service/mocks/mock_post.go:35.65,37.2 1 0
project/internal/service/mocks/mock_post.go:40.159,46.2 5 0
project/internal/service/mocks/mock_post.go:49.124,52.2 2 0
project/internal/service/mocks/mock_post.go:55.90,60.2 4 0
project/internal/service/mocks/mock_post.go:63.97,66.2 2 0
project/internal/service/mocks/mock_post.go:69.91,75.2 5 0
project/internal/service/mocks/mock_post.go:78.86,81.2 2 0
project/internal/service/mocks/mock_post.go:84.132,90.2 5 0
project/internal/service/mocks/mock_post.go:93.99,96.2 2 0
project/internal/service/mocks/mock_post.go:99.120,105.2 5 0
project/internal/service/mocks/mock_post.go:108.92,111.2 2 0
project/internal/service/mocks/mock_post.go:114.156,119.2 4 0
project/internal/service/mocks/mock_post.go:122.132,125.2 2 0
project/internal/service/mocks/mock_post.go:139.63,143.2 3 0
project/internal/service/mocks/mock_post.go:146.61,148.2 1 0
project/internal/service/mocks/mock_post.go:151.82,156.2 4 0
project/internal/service/mocks/mock_post.go:159.85,162.2 2 0
project/internal/service/mocks/mock_post.go:165.82,170.2 4 0
project/internal/service/mocks/mock_post.go:173.93,176.2 2 0
project/internal/service/mocks/mock_post.go:179.89,185.2 5 0
project/internal/service/mocks/mock_post.go:188.84,191.2 2 0
project/internal/service/mocks/mock_post.go:194.116,200.2 5 0
project/internal/service/mocks/mock_post.go:203.106,206.2 2 0
project/internal/service/mocks/mock_post.go:209.107,215.2 5 0
project/internal/service/mocks/mock_post.go:218.102,221.2 2 0
project/internal/service/mocks/mock_post.go:224.82,229.2 4 0
project/internal/service/mocks/mock_post.go:232.85,235.2 2 0
project/internal/service/mocks/mock_profile.go:28.73,32.2 3 0
project/internal/service/mocks/mock_profile.go:35.71,37.2 1 0
project/internal/service/mocks/mock_profile.go:40.107,46.2 5 0
project/internal/service/mocks/mock_profile.go:49.100,52.2 2 0
project/internal/service/mocks/mock_profile.go:55.113,60.2 4 0
project/internal/service/mocks/mock_profile.go:63.101,66.2 2 0
project/internal/service/mocks/mock_profile.go:69.113,74.2 4 0
project/internal/service/mocks/mock_profile.go:77.101,80.2 2 0
project/internal/service/mocks/mock_profile.go:83.138,88.2 4 0
project/internal/service/mocks/mock_profile.go:91.111,94.2 2 0
project/internal/service/mocks/mock_profile.go:108.69,112.2 3 0
project/internal/service/mocks/mock_profile.go:115.67,117.2 1 0
project/internal/service/mocks/mock_profile.go:120.96,126.2 5 0
project/internal/service/mocks/mock_profile.go:129.97,132.2 2 0
project/internal/service/mocks/mock_profile.go:135.96,141.2 5 0
project/internal/service/mocks/mock_profile.go:144.97,147.2 2 0
project/internal/service/mocks/mock_profile.go:150.104,156.2 5 0
project/internal/service/mocks/mock_profile.go:159.98,162.2 2 0
project/internal/service/mocks/mock_profile.go:165.126,171.2 5 0
project/internal/service/mocks/mock_profile.go:174.105,177.2 2 0
project/internal/service/mocks/mock_profile.go:180.99,185.2 4 0
project/internal/service/mocks/mock_profile.go:188.104,191.2 2 0
project/internal/service/mocks/mock_profile.go:194.99,199.2 4 0
project/internal/service/mocks/mock_profile.go:202.104,205.2 2 0
project/internal/service/mocks/mock_profile.go:208.105,213.2 4 0
project/internal/service/mocks/mock_profile.go:216.102,219.2 2 0
