mode: set
project/cmd/dbconn/db.go:14.49,16.16 2 0
project/cmd/dbconn/db.go:16.16,18.3 1 0
project/cmd/dbconn/db.go:20.2,20.34 1 0
project/cmd/dbconn/db.go:20.34,22.3 1 0
project/cmd/dbconn/db.go:24.2,24.11 1 0
project/cmd/dbconn/db.go:27.54,31.36 1 0
project/cmd/dbconn/db.go:31.36,33.18 2 0
project/cmd/dbconn/db.go:33.18,35.5 1 0
project/cmd/dbconn/db.go:36.4,36.17 1 0
project/cmd/dbconn/db.go:38.55,41.4 2 0
project/cmd/dbconn/db.go:46.62,56.16 3 0
project/cmd/dbconn/db.go:56.16,58.3 1 0
project/cmd/dbconn/db.go:60.2,61.16 2 0
project/cmd/dbconn/db.go:61.16,63.3 1 0
project/cmd/dbconn/db.go:64.2,66.11 3 0
project/cmd/auth/main.go:23.13,36.16 10 0
project/cmd/auth/main.go:36.16,38.3 1 0
project/cmd/auth/main.go:39.2,44.16 5 0
project/cmd/auth/main.go:44.16,46.3 1 0
project/cmd/auth/main.go:48.2,50.12 3 0
project/cmd/auth/main.go:50.12,52.47 2 0
project/cmd/auth/main.go:52.47,54.4 1 0
project/cmd/auth/main.go:57.2,59.73 2 0
project/cmd/auth/main.go:59.73,63.3 3 0
project/cmd/auth/main.go:65.2,67.12 2 0
project/cmd/auth/main.go:67.12,68.59 1 0
project/cmd/auth/main.go:68.59,69.14 1 0
project/cmd/auth/main.go:72.2,73.9 2 0
project/cmd/friend/main.go:22.13,33.16 8 0
project/cmd/friend/main.go:33.16,35.3 1 0
project/cmd/friend/main.go:36.2,39.16 3 0
project/cmd/friend/main.go:39.16,41.3 1 0
project/cmd/friend/main.go:42.2,47.16 4 0
project/cmd/friend/main.go:47.16,49.3 1 0
project/cmd/friend/main.go:50.2,53.12 4 0
project/cmd/friend/main.go:53.12,55.47 2 0
project/cmd/friend/main.go:55.47,57.4 1 0
project/cmd/friend/main.go:61.2,63.73 2 0
project/cmd/friend/main.go:63.73,67.3 3 0
project/cmd/friend/main.go:69.2,71.12 2 0
project/cmd/friend/main.go:71.12,72.59 1 0
project/cmd/friend/main.go:72.59,73.14 1 0
project/cmd/friend/main.go:76.2,77.9 2 0
project/cmd/logger/logger.go:11.51,16.13 5 0
project/cmd/logger/logger.go:16.13,25.3 3 0
project/cmd/logger/logger.go:25.8,33.3 2 0
project/cmd/logger/logger.go:35.2,36.16 2 0
project/cmd/logger/logger.go:36.16,38.3 1 0
project/cmd/logger/logger.go:39.2,39.15 1 0
project/cmd/grpcclient/client.go:12.149,15.31 3 0
project/cmd/grpcclient/client.go:15.31,20.17 4 0
project/cmd/grpcclient/client.go:20.17,23.4 2 0
project/cmd/grpcclient/client.go:24.3,25.20 2 0
project/cmd/grpcclient/client.go:27.2,27.27 1 0
project/cmd/main/main.go:38.15,152.71 95 0
project/cmd/main/main.go:152.71,156.3 3 0
project/cmd/main/main.go:157.2,159.10 2 0
project/cmd/main/main.go:169.13,172.18 2 0
project/cmd/main/main.go:172.18,174.3 1 0
project/cmd/main/main.go:175.2,185.16 9 0
project/cmd/main/main.go:185.16,187.3 1 0
project/cmd/main/main.go:188.2,191.16 3 0
project/cmd/main/main.go:191.16,193.3 1 0
project/cmd/main/main.go:194.2,197.16 3 0
project/cmd/main/main.go:197.16,199.3 1 0
project/cmd/main/main.go:200.2,206.64 4 0
project/cmd/main/main.go:206.64,208.3 1 0
project/cmd/migration/migrate.go:19.62,29.16 3 0
project/cmd/migration/migrate.go:29.16,31.3 1 0
project/cmd/migration/migrate.go:33.2,34.16 2 0
project/cmd/migration/migrate.go:34.16,36.3 1 0
project/cmd/migration/migrate.go:37.2,39.11 3 0
project/cmd/migration/migrate.go:42.63,44.16 2 0
project/cmd/migration/migrate.go:44.16,46.3 1 0
project/cmd/migration/migrate.go:48.2,49.51 2 0
project/cmd/migration/migrate.go:49.51,51.3 1 0
project/cmd/migration/migrate.go:53.2,54.34 2 0
project/cmd/migration/migrate.go:54.34,56.3 1 0
project/cmd/migration/migrate.go:58.2,58.20 1 0
project/cmd/migration/migrate.go:61.49,65.16 3 0
project/cmd/migration/migrate.go:65.16,67.3 1 0
project/cmd/migration/migrate.go:69.2,69.51 1 0
project/cmd/migration/migrate.go:69.51,72.17 2 0
project/cmd/migration/migrate.go:72.17,74.4 1 0
project/cmd/migration/migrate.go:75.3,77.35 2 0
project/cmd/migration/migrate.go:77.35,79.12 2 0
project/cmd/migration/migrate.go:82.3,86.17 2 0
project/cmd/migration/migrate.go:86.17,88.4 1 0
project/cmd/migration/migrate.go:89.3,91.20 2 0
project/cmd/migration/migrate.go:91.20,94.4 2 0
project/cmd/migration/migrate.go:96.3,96.43 1 0
project/cmd/migration/migrate.go:99.2,99.12 1 0
project/cmd/migration/migrate.go:102.13,104.18 2 0
project/cmd/migration/migrate.go:104.18,106.3 1 0
project/cmd/migration/migrate.go:108.2,112.16 2 0
project/cmd/migration/migrate.go:112.16,114.3 1 0
project/cmd/migration/migrate.go:116.2,116.22 1 0
project/cmd/migration/migrate.go:116.22,117.21 1 0
project/cmd/migration/migrate.go:118.15,119.74 1 0
project/cmd/migration/migrate.go:119.74,121.5 1 0
project/cmd/migration/migrate.go:122.4,122.55 1 0
project/cmd/migration/migrate.go:124.11,125.72 1 0
project/cmd/migration/migrate.go:125.72,127.5 1 0
project/cmd/migration/migrate.go:128.4,128.51 1 0
project/cmd/migration/migrate.go:131.8,132.71 1 0
project/cmd/migration/migrate.go:132.71,134.4 1 0
project/cmd/migration/migrate.go:135.3,135.47 1 0
project/cmd/migration/migrate.go:135.47,137.4 1 0
project/cmd/migration/migrate.go:138.3,138.50 1 0
project/cmd/auth/main.go:23.13,36.16 10 0
project/cmd/auth/main.go:36.16,38.3 1 0
project/cmd/auth/main.go:39.2,44.16 5 0
project/cmd/auth/main.go:44.16,46.3 1 0
project/cmd/auth/main.go:48.2,50.12 3 0
project/cmd/auth/main.go:50.12,52.47 2 0
project/cmd/auth/main.go:52.47,54.4 1 0
project/cmd/auth/main.go:57.2,59.73 2 0
project/cmd/auth/main.go:59.73,63.3 3 0
project/cmd/auth/main.go:65.2,67.12 2 0
project/cmd/auth/main.go:67.12,68.59 1 0
project/cmd/auth/main.go:68.59,69.14 1 0
project/cmd/auth/main.go:72.2,73.9 2 0
project/cmd/dbconn/db.go:14.49,16.16 2 0
project/cmd/dbconn/db.go:16.16,18.3 1 0
project/cmd/dbconn/db.go:20.2,20.34 1 0
project/cmd/dbconn/db.go:20.34,22.3 1 0
project/cmd/dbconn/db.go:24.2,24.11 1 0
project/cmd/dbconn/db.go:27.54,31.36 1 0
project/cmd/dbconn/db.go:31.36,33.18 2 0
project/cmd/dbconn/db.go:33.18,35.5 1 0
project/cmd/dbconn/db.go:36.4,36.17 1 0
project/cmd/dbconn/db.go:38.55,41.4 2 0
project/cmd/dbconn/db.go:46.62,56.16 3 0
project/cmd/dbconn/db.go:56.16,58.3 1 0
project/cmd/dbconn/db.go:60.2,61.16 2 0
project/cmd/dbconn/db.go:61.16,63.3 1 0
project/cmd/dbconn/db.go:64.2,66.11 3 0
project/cmd/friend/main.go:22.13,33.16 8 0
project/cmd/friend/main.go:33.16,35.3 1 0
project/cmd/friend/main.go:36.2,39.16 3 0
project/cmd/friend/main.go:39.16,41.3 1 0
project/cmd/friend/main.go:42.2,47.16 4 0
project/cmd/friend/main.go:47.16,49.3 1 0
project/cmd/friend/main.go:50.2,53.12 4 0
project/cmd/friend/main.go:53.12,55.47 2 0
project/cmd/friend/main.go:55.47,57.4 1 0
project/cmd/friend/main.go:61.2,63.73 2 0
project/cmd/friend/main.go:63.73,67.3 3 0
project/cmd/friend/main.go:69.2,71.12 2 0
project/cmd/friend/main.go:71.12,72.59 1 0
project/cmd/friend/main.go:72.59,73.14 1 0
project/cmd/friend/main.go:76.2,77.9 2 0
project/cmd/grpcclient/client.go:12.149,15.31 3 0
project/cmd/grpcclient/client.go:15.31,20.17 4 0
project/cmd/grpcclient/client.go:20.17,23.4 2 0
project/cmd/grpcclient/client.go:24.3,25.20 2 0
project/cmd/grpcclient/client.go:27.2,27.27 1 0
project/cmd/logger/logger.go:11.51,16.13 5 0
project/cmd/logger/logger.go:16.13,25.3 3 0
project/cmd/logger/logger.go:25.8,33.3 2 0
project/cmd/logger/logger.go:35.2,36.16 2 0
project/cmd/logger/logger.go:36.16,38.3 1 0
project/cmd/logger/logger.go:39.2,39.15 1 0
project/cmd/main/main.go:38.15,152.71 95 0
project/cmd/main/main.go:152.71,156.3 3 0
project/cmd/main/main.go:157.2,159.10 2 0
project/cmd/main/main.go:169.13,172.18 2 0
project/cmd/main/main.go:172.18,174.3 1 0
project/cmd/main/main.go:175.2,185.16 9 0
project/cmd/main/main.go:185.16,187.3 1 0
project/cmd/main/main.go:188.2,191.16 3 0
project/cmd/main/main.go:191.16,193.3 1 0
project/cmd/main/main.go:194.2,197.16 3 0
project/cmd/main/main.go:197.16,199.3 1 0
project/cmd/main/main.go:200.2,206.64 4 0
project/cmd/main/main.go:206.64,208.3 1 0
project/cmd/migration/migrate.go:19.62,29.16 3 0
project/cmd/migration/migrate.go:29.16,31.3 1 0
project/cmd/migration/migrate.go:33.2,34.16 2 0
project/cmd/migration/migrate.go:34.16,36.3 1 0
project/cmd/migration/migrate.go:37.2,39.11 3 0
project/cmd/migration/migrate.go:42.63,44.16 2 0
project/cmd/migration/migrate.go:44.16,46.3 1 0
project/cmd/migration/migrate.go:48.2,49.51 2 0
project/cmd/migration/migrate.go:49.51,51.3 1 0
project/cmd/migration/migrate.go:53.2,54.34 2 0
project/cmd/migration/migrate.go:54.34,56.3 1 0
project/cmd/migration/migrate.go:58.2,58.20 1 0
project/cmd/migration/migrate.go:61.49,65.16 3 0
project/cmd/migration/migrate.go:65.16,67.3 1 0
project/cmd/migration/migrate.go:69.2,69.51 1 0
project/cmd/migration/migrate.go:69.51,72.17 2 0
project/cmd/migration/migrate.go:72.17,74.4 1 0
project/cmd/migration/migrate.go:75.3,77.35 2 0
project/cmd/migration/migrate.go:77.35,79.12 2 0
project/cmd/migration/migrate.go:82.3,86.17 2 0
project/cmd/migration/migrate.go:86.17,88.4 1 0
project/cmd/migration/migrate.go:89.3,91.20 2 0
project/cmd/migration/migrate.go:91.20,94.4 2 0
project/cmd/migration/migrate.go:96.3,96.43 1 0
project/cmd/migration/migrate.go:99.2,99.12 1 0
project/cmd/migration/migrate.go:102.13,104.18 2 0
project/cmd/migration/migrate.go:104.18,106.3 1 0
project/cmd/migration/migrate.go:108.2,112.16 2 0
project/cmd/migration/migrate.go:112.16,114.3 1 0
project/cmd/migration/migrate.go:116.2,116.22 1 0
project/cmd/migration/migrate.go:116.22,117.21 1 0
project/cmd/migration/migrate.go:118.15,119.74 1 0
project/cmd/migration/migrate.go:119.74,121.5 1 0
project/cmd/migration/migrate.go:122.4,122.55 1 0
project/cmd/migration/migrate.go:124.11,125.72 1 0
project/cmd/migration/migrate.go:125.72,127.5 1 0
project/cmd/migration/migrate.go:128.4,128.51 1 0
project/cmd/migration/migrate.go:131.8,132.71 1 0
project/cmd/migration/migrate.go:132.71,134.4 1 0
project/cmd/migration/migrate.go:135.3,135.47 1 0
project/cmd/migration/migrate.go:135.47,137.4 1 0
project/cmd/migration/migrate.go:138.3,138.50 1 0
project/cmd/profile/main.go:20.13,34.16 10 0
project/cmd/profile/main.go:34.16,36.3 1 0
project/cmd/profile/main.go:37.2,40.12 4 0
project/cmd/profile/main.go:40.12,42.47 2 0
project/cmd/profile/main.go:42.47,44.4 1 0
project/cmd/profile/main.go:47.2,49.73 2 0
project/cmd/profile/main.go:49.73,53.3 3 0
project/cmd/profile/main.go:55.2,57.12 2 0
project/cmd/profile/main.go:57.12,58.59 1 0
project/cmd/profile/main.go:58.59,59.14 1 0
project/cmd/profile/main.go:63.2,64.9 2 0
project/config/config.go:30.26,32.46 1 0
project/config/config.go:32.46,34.3 1 0
project/config/config.go:36.2,78.15 21 0
project/docs/docs.go:3448.13,3450.2 1 0
project/domain/errors.go:62.48,63.9 1 1
project/domain/errors.go:64.70,65.39 1 1
project/domain/errors.go:66.39,67.41 1 1
project/domain/errors.go:68.34,69.51 1 1
project/domain/errors.go:70.39,71.44 1 1
project/domain/errors.go:72.35,73.44 1 0
project/domain/errors.go:74.40,75.43 1 1
project/domain/errors.go:76.29,77.51 1 1
project/domain/errors.go:78.10,79.51 1 1
project/domain/errors.go:82.35,83.9 1 0
project/domain/errors.go:84.64,85.51 1 0
project/domain/errors.go:87.39,88.59 1 0
project/domain/errors.go:90.39,91.58 1 0
project/domain/errors.go:93.40,94.56 1 0
project/domain/errors.go:96.29,97.56 1 0
project/domain/errors.go:99.34,100.64 1 0
project/domain/errors.go:102.10,103.50 1 0
project/domain/errors.go:106.37,108.9 2 1
project/domain/errors.go:108.9,110.3 1 0
project/domain/errors.go:112.2,112.19 1 1
project/domain/errors.go:113.22,114.21 1 1
project/domain/errors.go:116.30,117.25 1 1
project/domain/errors.go:119.29,120.25 1 1
project/domain/errors.go:122.27,123.26 1 1
project/domain/errors.go:125.29,126.25 1 0
project/domain/errors.go:128.32,129.25 1 0
project/domain/errors.go:131.22,133.55 1 1
project/domain/errors.go:133.55,135.4 1 0
project/domain/errors.go:136.3,136.20 1 1
project/domain/errors.go:138.25,139.20 1 0
project/domain/errors.go:141.10,142.20 1 0
project/domain/loghelper.go:10.39,12.29 2 1
project/domain/loghelper.go:12.29,14.3 1 0
project/domain/loghelper.go:15.2,15.17 1 1
project/domain/loghelper.go:18.51,19.53 1 1
project/domain/loghelper.go:19.53,21.3 1 1
project/domain/loghelper.go:22.2,22.21 1 1
project/domain/loghelper.go:25.65,27.2 1 0
project/domain/loghelper.go:29.77,32.2 2 0
project/domain/loghelper.go:34.65,36.2 1 1
project/domain/loghelper.go:38.61,45.2 2 0
project/domain/paginate.go:11.74,12.21 1 0
project/domain/paginate.go:12.21,14.3 1 0
project/domain/paginate.go:15.2,15.56 1 0
project/domain/paginate.go:15.56,17.3 1 0
project/domain/paginate.go:18.2,19.29 2 0
project/domain/uploadHelper.go:14.62,16.16 2 0
project/domain/uploadHelper.go:16.16,18.3 1 0
project/domain/uploadHelper.go:19.2,22.16 3 0
project/domain/uploadHelper.go:22.16,24.3 1 0
project/domain/uploadHelper.go:26.2,30.8 1 0
project/domain/uploadHelper.go:32.77,35.28 2 1
project/domain/uploadHelper.go:35.28,37.17 2 0
project/domain/uploadHelper.go:37.17,39.4 1 0
project/domain/uploadHelper.go:40.3,40.27 1 0
project/domain/uploadHelper.go:43.2,43.19 1 1
project/internal/grpc/auth.go:17.66,21.2 1 0
project/internal/grpc/auth.go:22.107,26.16 3 0
project/internal/grpc/auth.go:26.16,28.3 1 0
project/internal/grpc/auth.go:30.2,30.47 1 0
project/internal/grpc/auth.go:33.101,40.16 3 0
project/internal/grpc/auth.go:40.16,42.3 1 0
project/internal/grpc/auth.go:44.2,44.47 1 0
project/internal/grpc/auth.go:47.107,49.16 2 0
project/internal/grpc/auth.go:49.16,51.3 1 0
project/internal/grpc/auth.go:53.2,53.30 1 0
project/internal/grpc/auth.go:56.116,58.16 2 0
project/internal/grpc/auth.go:58.16,60.3 1 0
project/internal/grpc/auth.go:62.2,65.8 1 0
project/internal/grpc/auth.go:68.109,70.16 2 0
project/internal/grpc/auth.go:70.16,72.3 1 0
project/internal/grpc/auth.go:74.2,77.8 1 0
project/internal/grpc/auth.go:80.111,82.16 2 0
project/internal/grpc/auth.go:82.16,84.3 1 0
project/internal/grpc/auth.go:86.2,88.8 1 0
project/internal/grpc/auth.go:91.114,93.16 2 0
project/internal/grpc/auth.go:93.16,95.3 1 0
project/internal/grpc/auth.go:97.2,99.8 1 0
project/internal/grpc/friend.go:17.72,21.2 1 0
project/internal/grpc/friend.go:23.125,25.16 2 0
project/internal/grpc/friend.go:25.16,27.3 1 0
project/internal/grpc/friend.go:28.2,28.30 1 0
project/internal/grpc/friend.go:31.114,33.16 2 0
project/internal/grpc/friend.go:33.16,35.3 1 0
project/internal/grpc/friend.go:36.2,36.30 1 0
project/internal/grpc/friend.go:39.114,41.16 2 0
project/internal/grpc/friend.go:41.16,43.3 1 0
project/internal/grpc/friend.go:44.2,44.30 1 0
project/internal/grpc/friend.go:47.107,49.16 2 0
project/internal/grpc/friend.go:49.16,51.3 1 0
project/internal/grpc/friend.go:52.2,52.30 1 0
project/internal/grpc/friend.go:55.117,57.16 2 0
project/internal/grpc/friend.go:57.16,59.3 1 0
project/internal/grpc/friend.go:60.2,60.54 1 0
project/internal/grpc/friend.go:63.119,65.16 2 0
project/internal/grpc/friend.go:65.16,67.3 1 0
project/internal/grpc/friend.go:68.2,68.54 1 0
project/internal/grpc/friend.go:71.155,73.16 2 0
project/internal/grpc/friend.go:73.16,75.3 1 0
project/internal/grpc/friend.go:76.2,76.54 1 0
project/internal/grpc/friend.go:79.131,81.16 2 0
project/internal/grpc/friend.go:81.16,83.3 1 0
project/internal/grpc/friend.go:84.2,84.54 1 0
project/internal/grpc/friend.go:87.127,89.16 2 0
project/internal/grpc/friend.go:89.16,91.3 1 0
project/internal/grpc/friend.go:92.2,92.54 1 0
project/internal/grpc/friend.go:95.143,97.16 2 0
project/internal/grpc/friend.go:97.16,99.3 1 0
project/internal/grpc/friend.go:100.2,100.71 1 0
project/internal/grpc/friend.go:103.144,105.16 2 0
project/internal/grpc/friend.go:105.16,107.3 1 0
project/internal/grpc/friend.go:108.2,113.8 1 0
project/internal/grpc/middleware.go:16.59,24.10 1 0
project/internal/grpc/middleware.go:24.10,43.3 7 0
project/internal/grpc/middleware.go:46.59,52.25 1 0
project/internal/grpc/middleware.go:52.25,56.50 3 0
project/internal/grpc/middleware.go:56.50,58.4 1 0
project/internal/grpc/middleware.go:59.3,60.47 2 0
project/internal/grpc/middleware.go:60.47,63.4 2 0
project/internal/grpc/middleware.go:64.3,69.27 5 0
project/internal/grpc/profile.go:17.75,21.2 1 0
project/internal/grpc/profile.go:22.117,24.16 2 0
project/internal/grpc/profile.go:24.16,26.3 1 0
project/internal/grpc/profile.go:27.2,27.30 1 0
project/internal/grpc/profile.go:30.117,32.16 2 0
project/internal/grpc/profile.go:32.16,34.3 1 0
project/internal/grpc/profile.go:35.2,35.30 1 0
project/internal/grpc/profile.go:38.115,40.16 2 0
project/internal/grpc/profile.go:40.16,42.3 1 0
project/internal/grpc/profile.go:43.2,43.30 1 0
project/internal/grpc/profile.go:46.115,48.16 2 0
project/internal/grpc/profile.go:48.16,50.3 1 0
project/internal/grpc/profile.go:51.2,51.30 1 0
project/internal/grpc/profile.go:54.143,56.16 2 0
project/internal/grpc/profile.go:56.16,58.3 1 0
project/internal/grpc/profile.go:60.2,62.8 1 0
project/internal/grpc/profile.go:65.123,67.16 2 0
project/internal/grpc/profile.go:67.16,69.3 1 0
project/internal/grpc/profile.go:70.2,70.30 1 0
project/internal/grpc/profile.go:73.170,75.16 2 0
project/internal/grpc/profile.go:75.16,77.3 1 0
project/internal/grpc/profile.go:79.2,79.56 1 0
project/internal/grpc/profile.go:82.161,84.16 2 0
project/internal/grpc/profile.go:84.16,86.3 1 0
project/internal/grpc/profile.go:88.2,88.58 1 0
project/internal/grpc/profile.go:91.176,93.16 2 0
project/internal/grpc/profile.go:93.16,95.3 1 0
project/internal/grpc/profile.go:97.2,97.63 1 0
project/internal/handler/JSONHelper.go:18.80,25.17 3 1
project/internal/handler/JSONHelper.go:25.17,27.3 1 0
project/internal/handler/JSONHelper.go:30.54,33.2 2 1
project/internal/handler/JSONHelper.go:35.87,38.56 2 1
project/internal/handler/JSONHelper.go:38.56,42.3 3 0
project/internal/handler/JSONHelper.go:43.2,43.12 1 1
project/internal/handler/JSONHelper.go:46.68,48.2 1 0
project/internal/handler/application.go:20.94,24.2 1 0
project/internal/handler/application.go:41.90,44.61 2 0
project/internal/handler/application.go:44.61,48.3 3 0
project/internal/handler/application.go:49.2,50.28 2 0
project/internal/handler/application.go:50.28,52.3 1 0
project/internal/handler/application.go:53.2,53.75 1 0
project/internal/handler/application.go:53.75,65.3 4 0
project/internal/handler/application.go:67.2,68.16 2 0
project/internal/handler/application.go:68.16,71.3 2 0
project/internal/handler/application.go:72.2,72.78 1 0
project/internal/handler/application.go:87.86,89.76 2 0
project/internal/handler/application.go:89.76,93.3 3 0
project/internal/handler/application.go:95.2,96.16 2 0
project/internal/handler/application.go:96.16,99.3 2 0
project/internal/handler/application.go:101.2,102.33 2 0
project/internal/handler/application.go:121.92,125.16 4 0
project/internal/handler/application.go:125.16,128.3 2 0
project/internal/handler/application.go:130.2,131.61 2 0
project/internal/handler/application.go:131.61,134.3 2 0
project/internal/handler/application.go:136.2,136.101 1 0
project/internal/handler/application.go:136.101,139.3 2 0
project/internal/handler/application.go:141.2,141.52 1 0
project/internal/handler/application.go:160.94,164.16 4 0
project/internal/handler/application.go:164.16,167.3 2 0
project/internal/handler/application.go:169.2,170.61 2 0
project/internal/handler/application.go:170.61,173.3 2 0
project/internal/handler/application.go:175.2,175.105 1 0
project/internal/handler/application.go:175.105,178.3 2 0
project/internal/handler/application.go:179.2,179.52 1 0
project/internal/handler/auth.go:20.91,25.2 1 0
project/internal/handler/auth.go:27.78,29.16 2 0
project/internal/handler/auth.go:29.16,32.3 2 0
project/internal/handler/auth.go:33.2,34.16 2 0
project/internal/handler/auth.go:34.16,37.3 2 0
project/internal/handler/auth.go:39.2,39.77 1 0
project/internal/handler/auth.go:56.83,59.16 3 1
project/internal/handler/auth.go:59.16,62.3 2 0
project/internal/handler/auth.go:63.2,64.16 2 1
project/internal/handler/auth.go:64.16,68.3 3 0
project/internal/handler/auth.go:69.2,70.16 2 1
project/internal/handler/auth.go:70.16,74.3 3 0
project/internal/handler/auth.go:76.2,81.55 2 0
project/internal/handler/auth.go:81.55,83.3 1 0
project/internal/handler/auth.go:84.2,84.62 1 0
project/internal/handler/auth.go:87.96,89.16 2 1
project/internal/handler/auth.go:89.16,92.3 2 1
project/internal/handler/auth.go:93.2,94.16 2 1
project/internal/handler/auth.go:94.16,96.3 1 0
project/internal/handler/auth.go:97.2,114.12 5 1
project/internal/handler/auth.go:128.71,130.61 2 1
project/internal/handler/auth.go:130.61,134.3 3 0
project/internal/handler/auth.go:135.2,136.16 2 1
project/internal/handler/auth.go:136.16,140.3 3 1
project/internal/handler/auth.go:142.2,144.16 3 1
project/internal/handler/auth.go:144.16,147.3 2 1
project/internal/handler/auth.go:149.2,150.85 2 1
project/internal/handler/auth.go:162.72,165.16 2 1
project/internal/handler/auth.go:165.16,169.3 3 1
project/internal/handler/auth.go:170.2,171.16 2 1
project/internal/handler/auth.go:171.16,175.3 3 1
project/internal/handler/auth.go:177.2,197.58 7 1
project/internal/handler/auth.go:212.74,214.61 2 1
project/internal/handler/auth.go:214.61,218.3 3 0
project/internal/handler/auth.go:219.2,220.16 2 1
project/internal/handler/auth.go:220.16,224.3 3 1
project/internal/handler/auth.go:225.2,228.16 3 1
project/internal/handler/auth.go:228.16,231.3 2 1
project/internal/handler/auth.go:233.2,234.106 2 1
project/internal/handler/chat.go:18.66,22.2 1 0
project/internal/handler/chat.go:39.89,43.16 4 1
project/internal/handler/chat.go:43.16,47.3 3 1
project/internal/handler/chat.go:48.2,51.16 3 1
project/internal/handler/chat.go:51.16,54.3 2 0
project/internal/handler/chat.go:56.2,57.82 2 1
project/internal/handler/chat.go:57.82,59.3 1 0
project/internal/handler/chat.go:61.2,61.131 1 1
project/internal/handler/chat.go:77.85,81.16 4 1
project/internal/handler/chat.go:81.16,85.3 3 1
project/internal/handler/chat.go:87.2,90.76 3 1
project/internal/handler/chat.go:90.76,94.3 3 0
project/internal/handler/chat.go:96.2,97.16 2 1
project/internal/handler/chat.go:97.16,99.3 1 0
project/internal/handler/chat.go:101.2,101.71 1 1
project/internal/handler/chat.go:101.71,104.3 2 0
project/internal/handler/chat.go:106.2,106.168 1 1
project/internal/handler/chat.go:125.79,129.16 4 1
project/internal/handler/chat.go:129.16,133.3 3 1
project/internal/handler/chat.go:135.2,136.65 2 1
project/internal/handler/chat.go:136.65,140.3 3 1
project/internal/handler/chat.go:142.2,145.16 3 1
project/internal/handler/chat.go:145.16,147.3 1 0
project/internal/handler/chat.go:149.2,150.16 2 1
project/internal/handler/chat.go:150.16,152.3 1 1
project/internal/handler/chat.go:171.78,175.76 3 1
project/internal/handler/chat.go:175.76,179.3 3 1
project/internal/handler/chat.go:181.2,182.16 2 1
project/internal/handler/chat.go:182.16,184.3 1 0
project/internal/handler/chat.go:186.2,187.16 2 1
project/internal/handler/chat.go:187.16,189.3 1 1
project/internal/handler/chat.go:210.87,214.16 4 1
project/internal/handler/chat.go:214.16,218.3 3 1
project/internal/handler/chat.go:220.2,221.61 2 1
project/internal/handler/chat.go:221.61,225.3 3 1
project/internal/handler/chat.go:227.2,229.16 3 1
project/internal/handler/chat.go:229.16,232.3 2 0
project/internal/handler/chat.go:234.2,235.65 2 1
project/internal/handler/community.go:17.86,21.2 1 0
project/internal/handler/community.go:39.84,41.16 2 0
project/internal/handler/community.go:41.16,45.3 3 0
project/internal/handler/community.go:47.2,51.9 4 0
project/internal/handler/community.go:51.9,55.3 3 0
project/internal/handler/community.go:57.2,58.75 2 0
project/internal/handler/community.go:58.75,60.17 2 0
project/internal/handler/community.go:60.17,65.4 3 0
project/internal/handler/community.go:67.2,67.72 1 0
project/internal/handler/community.go:67.72,69.17 2 0
project/internal/handler/community.go:69.17,74.4 3 0
project/internal/handler/community.go:77.2,83.16 3 0
project/internal/handler/community.go:83.16,86.3 2 0
project/internal/handler/community.go:89.2,94.63 2 0
project/internal/handler/community.go:94.63,96.3 1 0
project/internal/handler/community.go:118.84,121.16 3 0
project/internal/handler/community.go:121.16,125.3 3 0
project/internal/handler/community.go:127.2,128.16 2 0
project/internal/handler/community.go:128.16,132.3 3 0
project/internal/handler/community.go:134.2,138.9 4 0
project/internal/handler/community.go:138.9,142.3 3 0
project/internal/handler/community.go:144.2,145.75 2 0
project/internal/handler/community.go:145.75,148.17 2 0
project/internal/handler/community.go:148.17,153.4 3 0
project/internal/handler/community.go:155.2,155.72 1 0
project/internal/handler/community.go:155.72,157.17 2 0
project/internal/handler/community.go:157.17,162.4 3 0
project/internal/handler/community.go:165.2,171.16 3 0
project/internal/handler/community.go:171.16,174.3 2 0
project/internal/handler/community.go:176.2,176.70 1 0
project/internal/handler/community.go:193.84,196.16 3 0
project/internal/handler/community.go:196.16,200.3 3 0
project/internal/handler/community.go:202.2,203.9 2 0
project/internal/handler/community.go:203.9,207.3 3 0
project/internal/handler/community.go:209.2,210.16 2 0
project/internal/handler/community.go:210.16,213.3 2 0
project/internal/handler/community.go:215.2,215.70 1 0
project/internal/handler/community.go:230.81,233.16 3 0
project/internal/handler/community.go:233.16,237.3 3 0
project/internal/handler/community.go:239.2,242.16 3 0
project/internal/handler/community.go:242.16,245.3 2 0
project/internal/handler/community.go:247.2,247.64 1 0
project/internal/handler/community.go:247.64,249.3 1 0
project/internal/handler/community.go:264.87,266.76 2 0
project/internal/handler/community.go:266.76,270.3 3 0
project/internal/handler/community.go:272.2,273.9 2 0
project/internal/handler/community.go:273.9,277.3 3 0
project/internal/handler/community.go:279.2,280.16 2 0
project/internal/handler/community.go:280.16,283.3 2 0
project/internal/handler/community.go:285.2,285.66 1 0
project/internal/handler/community.go:285.66,287.3 1 0
project/internal/handler/community.go:302.88,304.76 2 0
project/internal/handler/community.go:304.76,308.3 3 0
project/internal/handler/community.go:310.2,311.9 2 0
project/internal/handler/community.go:311.9,315.3 3 0
project/internal/handler/community.go:317.2,318.16 2 0
project/internal/handler/community.go:318.16,321.3 2 0
project/internal/handler/community.go:323.2,323.66 1 0
project/internal/handler/community.go:323.66,325.3 1 0
project/internal/handler/community.go:342.91,345.16 3 0
project/internal/handler/community.go:345.16,349.3 3 0
project/internal/handler/community.go:351.2,352.76 2 0
project/internal/handler/community.go:352.76,356.3 3 0
project/internal/handler/community.go:358.2,359.16 2 0
project/internal/handler/community.go:359.16,362.3 2 0
project/internal/handler/community.go:364.2,364.66 1 0
project/internal/handler/community.go:364.66,366.3 1 0
project/internal/handler/community.go:381.98,384.16 3 0
project/internal/handler/community.go:384.16,388.3 3 0
project/internal/handler/community.go:390.2,391.16 2 0
project/internal/handler/community.go:391.16,394.3 2 0
project/internal/handler/community.go:396.2,396.67 1 0
project/internal/handler/community.go:396.67,398.3 1 0
project/internal/handler/community.go:414.90,416.76 2 0
project/internal/handler/community.go:416.76,420.3 3 0
project/internal/handler/community.go:422.2,423.9 2 0
project/internal/handler/community.go:423.9,427.3 3 0
project/internal/handler/community.go:429.2,430.16 2 0
project/internal/handler/community.go:430.16,433.3 2 0
project/internal/handler/community.go:435.2,435.66 1 0
project/internal/handler/community.go:435.66,437.3 1 0
project/internal/handler/community.go:454.92,457.16 3 0
project/internal/handler/community.go:457.16,461.3 3 0
project/internal/handler/community.go:463.2,464.76 2 0
project/internal/handler/community.go:464.76,468.3 3 0
project/internal/handler/community.go:470.2,471.16 2 0
project/internal/handler/community.go:471.16,474.3 2 0
project/internal/handler/community.go:476.2,476.66 1 0
project/internal/handler/community.go:476.66,478.3 1 0
project/internal/handler/community.go:493.78,496.16 3 0
project/internal/handler/community.go:496.16,500.3 3 0
project/internal/handler/community.go:502.2,503.9 2 0
project/internal/handler/community.go:503.9,507.3 3 0
project/internal/handler/community.go:509.2,510.16 2 0
project/internal/handler/community.go:510.16,513.3 2 0
project/internal/handler/community.go:515.2,515.63 1 0
project/internal/handler/community.go:530.80,533.16 3 0
project/internal/handler/community.go:533.16,537.3 3 0
project/internal/handler/community.go:539.2,540.9 2 0
project/internal/handler/community.go:540.9,544.3 3 0
project/internal/handler/community.go:546.2,547.16 2 0
project/internal/handler/community.go:547.16,550.3 2 0
project/internal/handler/community.go:552.2,552.65 1 0
project/internal/handler/community.go:572.92,575.16 2 0
project/internal/handler/community.go:575.16,579.3 3 0
project/internal/handler/community.go:580.2,581.20 2 0
project/internal/handler/community.go:581.20,583.3 1 0
project/internal/handler/community.go:585.2,590.64 5 0
project/internal/handler/community.go:590.64,594.3 3 0
project/internal/handler/community.go:595.2,597.16 3 0
project/internal/handler/community.go:597.16,601.3 3 0
project/internal/handler/community.go:603.2,604.16 2 0
project/internal/handler/community.go:604.16,606.3 1 0
project/internal/handler/friend.go:20.76,24.2 1 0
project/internal/handler/friend.go:46.83,49.16 3 1
project/internal/handler/friend.go:49.16,53.3 3 1
project/internal/handler/friend.go:55.2,56.9 2 1
project/internal/handler/friend.go:56.9,60.3 3 1
project/internal/handler/friend.go:62.2,63.16 2 1
project/internal/handler/friend.go:63.16,67.3 3 1
project/internal/handler/friend.go:69.2,69.62 1 1
project/internal/handler/friend.go:85.85,88.16 3 1
project/internal/handler/friend.go:88.16,92.3 3 1
project/internal/handler/friend.go:94.2,95.9 2 1
project/internal/handler/friend.go:95.9,99.3 3 1
project/internal/handler/friend.go:101.2,102.16 2 1
project/internal/handler/friend.go:102.16,106.3 3 1
project/internal/handler/friend.go:108.2,108.66 1 1
project/internal/handler/friend.go:124.85,127.16 3 1
project/internal/handler/friend.go:127.16,131.3 3 1
project/internal/handler/friend.go:133.2,134.9 2 1
project/internal/handler/friend.go:134.9,138.3 3 1
project/internal/handler/friend.go:140.2,141.16 2 1
project/internal/handler/friend.go:141.16,145.3 3 1
project/internal/handler/friend.go:147.2,147.66 1 1
project/internal/handler/friend.go:163.78,166.16 3 1
project/internal/handler/friend.go:166.16,170.3 3 1
project/internal/handler/friend.go:172.2,173.9 2 1
project/internal/handler/friend.go:173.9,177.3 3 1
project/internal/handler/friend.go:179.2,180.16 2 1
project/internal/handler/friend.go:180.16,184.3 3 1
project/internal/handler/friend.go:186.2,186.58 1 1
project/internal/handler/friend.go:201.76,203.76 2 1
project/internal/handler/friend.go:203.76,207.3 3 0
project/internal/handler/friend.go:209.2,210.9 2 1
project/internal/handler/friend.go:210.9,214.3 3 0
project/internal/handler/friend.go:216.2,217.16 2 1
project/internal/handler/friend.go:217.16,221.3 3 0
project/internal/handler/friend.go:223.2,223.96 1 1
project/internal/handler/friend.go:223.96,225.3 1 0
project/internal/handler/friend.go:240.77,242.76 2 1
project/internal/handler/friend.go:242.76,246.3 3 0
project/internal/handler/friend.go:248.2,249.9 2 1
project/internal/handler/friend.go:249.9,253.3 3 0
project/internal/handler/friend.go:255.2,256.16 2 1
project/internal/handler/friend.go:256.16,260.3 3 0
project/internal/handler/friend.go:262.2,262.94 1 0
project/internal/handler/friend.go:262.94,264.3 1 0
project/internal/handler/friend.go:279.83,281.76 2 1
project/internal/handler/friend.go:281.76,285.3 3 0
project/internal/handler/friend.go:287.2,288.9 2 1
project/internal/handler/friend.go:288.9,292.3 3 0
project/internal/handler/friend.go:294.2,295.16 2 1
project/internal/handler/friend.go:295.16,299.3 3 0
project/internal/handler/friend.go:301.2,301.97 1 0
project/internal/handler/friend.go:301.97,303.3 1 0
project/internal/handler/friend.go:318.81,320.76 2 1
project/internal/handler/friend.go:320.76,324.3 3 0
project/internal/handler/friend.go:326.2,327.9 2 1
project/internal/handler/friend.go:327.9,331.3 3 0
project/internal/handler/friend.go:333.2,334.16 2 1
project/internal/handler/friend.go:334.16,338.3 3 0
project/internal/handler/friend.go:340.2,340.97 1 0
project/internal/handler/friend.go:340.97,342.3 1 0
project/internal/handler/friend.go:356.85,359.16 3 1
project/internal/handler/friend.go:359.16,363.3 3 1
project/internal/handler/friend.go:365.2,366.9 2 1
project/internal/handler/friend.go:366.9,370.3 3 1
project/internal/handler/friend.go:372.2,373.16 2 1
project/internal/handler/friend.go:373.16,377.3 3 1
project/internal/handler/friend.go:379.2,383.63 2 1
project/internal/handler/friend.go:383.63,385.3 1 0
project/internal/handler/friend.go:400.84,403.16 3 1
project/internal/handler/friend.go:403.16,407.3 3 1
project/internal/handler/friend.go:409.2,410.16 2 1
project/internal/handler/friend.go:410.16,413.3 2 1
project/internal/handler/friend.go:414.2,415.60 2 1
project/internal/handler/friend.go:415.60,417.3 1 0
project/internal/handler/friend.go:434.92,437.20 2 1
project/internal/handler/friend.go:437.20,441.3 3 0
project/internal/handler/friend.go:442.2,443.20 2 1
project/internal/handler/friend.go:443.20,445.3 1 0
project/internal/handler/friend.go:447.2,452.64 5 1
project/internal/handler/friend.go:452.64,456.3 3 0
project/internal/handler/friend.go:457.2,459.16 3 1
project/internal/handler/friend.go:459.16,463.3 3 0
project/internal/handler/friend.go:465.2,466.16 2 0
project/internal/handler/friend.go:466.16,468.3 1 0
project/internal/handler/middleware.go:25.69,29.2 1 0
project/internal/handler/middleware.go:31.78,32.71 1 0
project/internal/handler/middleware.go:32.71,38.28 5 0
project/internal/handler/middleware.go:38.28,41.4 2 0
project/internal/handler/middleware.go:43.3,43.23 1 0
project/internal/handler/middleware.go:47.80,48.71 1 0
project/internal/handler/middleware.go:48.71,57.3 7 0
project/internal/handler/middleware.go:71.51,73.16 2 0
project/internal/handler/middleware.go:73.16,75.3 1 0
project/internal/handler/middleware.go:76.2,78.16 3 0
project/internal/handler/middleware.go:78.16,80.3 1 0
project/internal/handler/middleware.go:81.2,81.12 1 0
project/internal/handler/middleware.go:85.72,86.71 1 0
project/internal/handler/middleware.go:86.71,87.37 1 0
project/internal/handler/middleware.go:87.37,90.4 2 0
project/internal/handler/middleware.go:92.3,96.17 4 0
project/internal/handler/middleware.go:96.17,97.42 1 0
project/internal/handler/middleware.go:97.42,99.5 1 0
project/internal/handler/middleware.go:99.10,103.5 3 0
project/internal/handler/middleware.go:105.3,105.17 1 0
project/internal/handler/middleware.go:105.17,106.36 1 0
project/internal/handler/middleware.go:106.36,110.5 3 0
project/internal/handler/middleware.go:110.10,116.52 5 0
project/internal/handler/middleware.go:116.52,119.59 3 0
project/internal/handler/middleware.go:119.59,123.7 3 0
project/internal/handler/middleware.go:126.5,127.11 2 0
project/internal/handler/middleware.go:129.9,130.87 1 0
project/internal/handler/middleware.go:130.87,134.5 3 0
project/internal/handler/middleware.go:136.3,137.9 2 0
project/internal/handler/middleware.go:141.86,142.71 1 0
project/internal/handler/middleware.go:142.71,144.63 2 0
project/internal/handler/middleware.go:144.63,146.4 1 0
project/internal/handler/middleware.go:148.3,157.33 5 0
project/internal/handler/middleware.go:157.33,167.40 4 0
project/internal/handler/middleware.go:167.40,170.19 2 0
project/internal/handler/middleware.go:170.19,173.6 1 0
project/internal/handler/middleware.go:175.9,177.4 1 0
project/internal/handler/middleware.go:186.49,189.2 2 0
project/internal/handler/middleware.go:190.73,192.9 2 0
project/internal/handler/middleware.go:192.9,194.3 1 0
project/internal/handler/middleware.go:195.2,195.20 1 0
project/internal/handler/middleware.go:197.88,198.46 1 0
project/internal/handler/middleware.go:198.46,199.72 1 0
project/internal/handler/middleware.go:199.72,218.4 10 0
project/internal/handler/post.go:17.68,21.2 1 1
project/internal/handler/post.go:48.78,50.76 2 1
project/internal/handler/post.go:50.76,54.3 3 1
project/internal/handler/post.go:56.2,59.16 3 1
project/internal/handler/post.go:59.16,62.3 2 1
project/internal/handler/post.go:64.2,64.60 1 1
project/internal/handler/post.go:64.60,66.3 1 0
project/internal/handler/post.go:81.72,84.16 3 1
project/internal/handler/post.go:84.16,88.3 3 1
project/internal/handler/post.go:89.2,91.16 3 1
project/internal/handler/post.go:91.16,94.3 2 1
project/internal/handler/post.go:96.2,96.59 1 1
project/internal/handler/post.go:96.59,98.3 1 0
project/internal/handler/post.go:117.75,119.16 2 1
project/internal/handler/post.go:119.16,123.3 3 0
project/internal/handler/post.go:125.2,129.9 4 1
project/internal/handler/post.go:129.9,133.3 3 0
project/internal/handler/post.go:135.2,136.64 2 1
project/internal/handler/post.go:136.64,138.17 2 0
project/internal/handler/post.go:138.17,142.4 3 0
project/internal/handler/post.go:144.2,144.54 1 1
project/internal/handler/post.go:144.54,146.17 2 0
project/internal/handler/post.go:146.17,150.4 3 0
project/internal/handler/post.go:153.2,154.26 2 1
project/internal/handler/post.go:154.26,156.17 2 0
project/internal/handler/post.go:156.17,160.4 3 0
project/internal/handler/post.go:161.3,162.21 2 0
project/internal/handler/post.go:165.2,166.16 2 1
project/internal/handler/post.go:166.16,169.3 2 0
project/internal/handler/post.go:171.2,176.63 2 1
project/internal/handler/post.go:176.63,178.3 1 0
project/internal/handler/post.go:199.75,202.16 3 1
project/internal/handler/post.go:202.16,206.3 3 1
project/internal/handler/post.go:208.2,209.16 2 1
project/internal/handler/post.go:209.16,213.3 3 0
project/internal/handler/post.go:215.2,218.9 3 1
project/internal/handler/post.go:218.9,222.3 3 0
project/internal/handler/post.go:224.2,225.64 2 1
project/internal/handler/post.go:225.64,227.17 2 0
project/internal/handler/post.go:227.17,231.4 3 0
project/internal/handler/post.go:233.2,233.54 1 1
project/internal/handler/post.go:233.54,235.17 2 0
project/internal/handler/post.go:235.17,239.4 3 0
project/internal/handler/post.go:242.2,243.16 2 1
project/internal/handler/post.go:243.16,246.3 2 0
project/internal/handler/post.go:248.2,248.65 1 1
project/internal/handler/post.go:266.75,269.16 3 1
project/internal/handler/post.go:269.16,273.3 3 1
project/internal/handler/post.go:275.2,276.9 2 1
project/internal/handler/post.go:276.9,280.3 3 1
project/internal/handler/post.go:282.2,283.16 2 1
project/internal/handler/post.go:283.16,286.3 2 0
project/internal/handler/post.go:288.2,288.65 1 1
project/internal/handler/post.go:305.77,308.16 3 1
project/internal/handler/post.go:308.16,312.3 3 1
project/internal/handler/post.go:314.2,315.76 2 1
project/internal/handler/post.go:315.76,319.3 3 1
project/internal/handler/post.go:320.2,322.16 3 1
project/internal/handler/post.go:322.16,325.3 2 0
project/internal/handler/post.go:327.2,327.60 1 1
project/internal/handler/post.go:327.60,329.3 1 0
project/internal/handler/post.go:345.81,349.16 4 0
project/internal/handler/post.go:349.16,353.3 3 0
project/internal/handler/post.go:355.2,358.16 3 0
project/internal/handler/post.go:358.16,361.3 2 0
project/internal/handler/post.go:363.2,364.52 2 0
project/internal/handler/post.go:381.82,384.16 3 0
project/internal/handler/post.go:384.16,388.3 3 0
project/internal/handler/post.go:390.2,391.76 2 0
project/internal/handler/post.go:391.76,395.3 3 0
project/internal/handler/post.go:397.2,399.16 3 0
project/internal/handler/post.go:399.16,402.3 2 0
project/internal/handler/post.go:404.2,404.60 1 0
project/internal/handler/post.go:404.60,406.3 1 0
project/internal/handler/profile.go:20.80,24.2 1 1
project/internal/handler/profile.go:40.82,42.16 2 1
project/internal/handler/profile.go:42.16,46.3 3 1
project/internal/handler/profile.go:48.2,49.23 2 1
project/internal/handler/profile.go:49.23,53.3 3 1
project/internal/handler/profile.go:55.2,56.85 2 1
project/internal/handler/profile.go:56.85,60.3 3 1
project/internal/handler/profile.go:62.2,65.16 4 1
project/internal/handler/profile.go:65.16,70.3 3 0
project/internal/handler/profile.go:71.2,72.16 2 1
project/internal/handler/profile.go:72.16,76.3 3 1
project/internal/handler/profile.go:78.2,79.70 2 1
project/internal/handler/profile.go:95.81,98.16 2 1
project/internal/handler/profile.go:98.16,102.3 3 1
project/internal/handler/profile.go:104.2,108.16 4 1
project/internal/handler/profile.go:108.16,113.3 3 0
project/internal/handler/profile.go:115.2,116.16 2 1
project/internal/handler/profile.go:116.16,120.3 3 1
project/internal/handler/profile.go:122.2,123.69 2 1
project/internal/handler/profile.go:139.81,141.16 2 1
project/internal/handler/profile.go:141.16,145.3 3 1
project/internal/handler/profile.go:147.2,151.16 4 1
project/internal/handler/profile.go:151.16,156.3 3 0
project/internal/handler/profile.go:158.2,159.16 2 1
project/internal/handler/profile.go:159.16,163.3 3 1
project/internal/handler/profile.go:165.2,166.69 2 1
project/internal/handler/profile.go:181.87,185.16 4 1
project/internal/handler/profile.go:185.16,189.3 3 1
project/internal/handler/profile.go:190.2,192.16 3 1
project/internal/handler/profile.go:192.16,196.3 3 1
project/internal/handler/profile.go:197.2,199.16 3 1
project/internal/handler/profile.go:199.16,201.3 1 1
project/internal/handler/profile.go:214.81,217.16 3 1
project/internal/handler/profile.go:217.16,221.3 3 1
project/internal/handler/profile.go:223.2,223.54 1 1
project/internal/handler/serveWs.go:15.50,19.2 1 0
project/internal/handler/serveWs.go:24.42,26.3 1 0
project/internal/handler/serveWs.go:39.71,41.16 2 0
project/internal/handler/serveWs.go:41.16,44.3 2 0
project/internal/handler/serveWs.go:46.2,47.48 2 0
project/internal/handler/test_utils.go:29.75,32.24 2 1
project/internal/handler/test_utils.go:32.24,36.3 3 1
project/internal/handler/test_utils.go:36.8,38.3 1 1
project/internal/handler/test_utils.go:41.2,41.24 1 1
project/internal/handler/test_utils.go:41.24,43.3 1 1
project/internal/handler/test_utils.go:46.2,51.42 4 1
project/internal/handler/test_utils.go:51.42,55.3 2 1
project/internal/handler/test_utils.go:57.2,60.30 2 1
project/internal/handler/test_utils.go:60.30,62.3 1 0
project/internal/handler/test_utils.go:62.8,62.31 1 1
project/internal/handler/test_utils.go:62.31,64.3 1 1
project/internal/handler/test_utils.go:66.2,66.12 1 1
project/internal/handler/uploads.go:10.67,12.37 1 0
project/internal/handler/uploads.go:12.37,14.3 1 0
project/internal/handler/uploads.go:16.2,17.16 2 0
project/internal/handler/uploads.go:17.16,18.45 1 0
project/internal/handler/uploads.go:21.2,21.71 1 0
project/internal/handler/uploads.go:21.71,23.17 2 0
project/internal/handler/uploads.go:23.17,26.4 2 0
project/internal/handler/uploads.go:28.3,28.34 1 0
project/internal/handler/grpc/mocks/mock_auth_server.go:29.79,33.2 3 0
project/internal/handler/grpc/mocks/mock_auth_server.go:36.77,38.2 1 0
project/internal/handler/grpc/mocks/mock_auth_server.go:41.141,44.25 3 0
project/internal/handler/grpc/mocks/mock_auth_server.go:44.25,46.3 1 0
project/internal/handler/grpc/mocks/mock_auth_server.go:47.2,50.19 4 0
project/internal/handler/grpc/mocks/mock_auth_server.go:54.112,58.2 3 0
project/internal/handler/grpc/mocks/mock_auth_server.go:61.143,64.25 3 0
project/internal/handler/grpc/mocks/mock_auth_server.go:64.25,66.3 1 0
project/internal/handler/grpc/mocks/mock_auth_server.go:67.2,70.19 4 0
project/internal/handler/grpc/mocks/mock_auth_server.go:74.113,78.2 3 0
project/internal/handler/grpc/mocks/mock_auth_server.go:81.148,84.25 3 0
project/internal/handler/grpc/mocks/mock_auth_server.go:84.25,86.3 1 0
project/internal/handler/grpc/mocks/mock_auth_server.go:87.2,90.19 4 0
project/internal/handler/grpc/mocks/mock_auth_server.go:94.112,98.2 3 0
project/internal/handler/grpc/mocks/mock_auth_server.go:101.146,104.25 3 0
project/internal/handler/grpc/mocks/mock_auth_server.go:104.25,106.3 1 0
project/internal/handler/grpc/mocks/mock_auth_server.go:107.2,110.19 4 0
project/internal/handler/grpc/mocks/mock_auth_server.go:114.114,118.2 3 0
project/internal/handler/grpc/mocks/mock_auth_server.go:121.133,124.25 3 0
project/internal/handler/grpc/mocks/mock_auth_server.go:124.25,126.3 1 0
project/internal/handler/grpc/mocks/mock_auth_server.go:127.2,130.19 4 0
project/internal/handler/grpc/mocks/mock_auth_server.go:134.107,138.2 3 0
project/internal/handler/grpc/mocks/mock_auth_server.go:141.139,144.25 3 0
project/internal/handler/grpc/mocks/mock_auth_server.go:144.25,146.3 1 0
project/internal/handler/grpc/mocks/mock_auth_server.go:147.2,150.19 4 0
project/internal/handler/grpc/mocks/mock_auth_server.go:154.108,158.2 3 0
project/internal/handler/grpc/mocks/mock_auth_server.go:161.139,164.25 3 0
project/internal/handler/grpc/mocks/mock_auth_server.go:164.25,166.3 1 0
project/internal/handler/grpc/mocks/mock_auth_server.go:167.2,170.19 4 0
project/internal/handler/grpc/mocks/mock_auth_server.go:174.110,178.2 3 0
project/internal/handler/grpc/mocks/mock_auth_server.go:192.79,196.2 3 0
project/internal/handler/grpc/mocks/mock_auth_server.go:199.77,201.2 1 0
project/internal/handler/grpc/mocks/mock_auth_server.go:204.119,210.2 5 0
project/internal/handler/grpc/mocks/mock_auth_server.go:213.94,216.2 2 0
project/internal/handler/grpc/mocks/mock_auth_server.go:219.121,225.2 5 0
project/internal/handler/grpc/mocks/mock_auth_server.go:228.95,231.2 2 0
project/internal/handler/grpc/mocks/mock_auth_server.go:234.126,240.2 5 0
project/internal/handler/grpc/mocks/mock_auth_server.go:243.94,246.2 2 0
project/internal/handler/grpc/mocks/mock_auth_server.go:249.124,255.2 5 0
project/internal/handler/grpc/mocks/mock_auth_server.go:258.96,261.2 2 0
project/internal/handler/grpc/mocks/mock_auth_server.go:264.111,270.2 5 0
project/internal/handler/grpc/mocks/mock_auth_server.go:273.89,276.2 2 0
project/internal/handler/grpc/mocks/mock_auth_server.go:279.117,285.2 5 0
project/internal/handler/grpc/mocks/mock_auth_server.go:288.90,291.2 2 0
project/internal/handler/grpc/mocks/mock_auth_server.go:294.117,300.2 5 0
project/internal/handler/grpc/mocks/mock_auth_server.go:303.92,306.2 2 0
project/internal/handler/grpc/mocks/mock_auth_server.go:309.75,312.2 2 0
project/internal/handler/grpc/mocks/mock_auth_server.go:315.101,318.2 2 0
project/internal/handler/grpc/mocks/mock_auth_server.go:332.91,336.2 3 0
project/internal/handler/grpc/mocks/mock_auth_server.go:339.89,341.2 1 0
project/internal/handler/grpc/mocks/mock_auth_server.go:344.81,347.2 2 0
project/internal/handler/grpc/mocks/mock_auth_server.go:350.107,353.2 2 0
project/internal/repository/db/application.go:14.64,16.2 1 0
project/internal/repository/db/application.go:19.118,27.16 3 0
project/internal/repository/db/application.go:27.16,29.3 1 0
project/internal/repository/db/application.go:30.2,33.18 3 0
project/internal/repository/db/application.go:33.18,36.17 3 0
project/internal/repository/db/application.go:36.17,38.4 1 0
project/internal/repository/db/application.go:40.3,40.27 1 0
project/internal/repository/db/application.go:43.2,43.18 1 0
project/internal/repository/db/application.go:46.124,54.28 3 0
project/internal/repository/db/application.go:54.28,56.3 1 0
project/internal/repository/db/application.go:57.2,59.16 3 0
project/internal/repository/db/application.go:59.16,61.3 1 0
project/internal/repository/db/application.go:62.2,65.18 3 0
project/internal/repository/db/application.go:65.18,68.17 3 0
project/internal/repository/db/application.go:68.17,70.4 1 0
project/internal/repository/db/application.go:72.3,72.27 1 0
project/internal/repository/db/application.go:75.2,75.18 1 0
project/internal/repository/db/application.go:78.105,85.2 3 0
project/internal/repository/db/application.go:87.109,94.2 3 0
project/internal/repository/db/application.go:96.108,103.28 3 0
project/internal/repository/db/application.go:103.28,105.3 1 0
project/internal/repository/db/application.go:106.2,115.16 3 0
project/internal/repository/db/application.go:115.16,117.3 1 0
project/internal/repository/db/application.go:118.2,118.16 1 0
project/internal/repository/db/application.go:120.74,122.28 2 0
project/internal/repository/db/application.go:122.28,124.3 1 0
project/internal/repository/db/application.go:125.2,132.12 3 0
project/internal/repository/db/chat.go:19.50,21.2 1 0
project/internal/repository/db/chat.go:22.119,28.15 5 0
project/internal/repository/db/chat.go:28.15,31.3 2 0
project/internal/repository/db/chat.go:33.2,34.25 2 0
project/internal/repository/db/chat.go:34.25,36.3 1 0
project/internal/repository/db/chat.go:37.2,39.16 3 0
project/internal/repository/db/chat.go:39.16,41.3 1 0
project/internal/repository/db/chat.go:42.2,55.16 6 0
project/internal/repository/db/chat.go:55.16,59.3 3 0
project/internal/repository/db/chat.go:60.2,60.36 1 0
project/internal/repository/db/chat.go:60.36,63.3 2 0
project/internal/repository/db/chat.go:65.2,67.16 3 0
project/internal/repository/db/chat.go:67.16,70.3 2 0
project/internal/repository/db/chat.go:72.2,74.16 3 0
project/internal/repository/db/chat.go:74.16,77.3 2 0
project/internal/repository/db/chat.go:79.2,79.35 1 0
project/internal/repository/db/chat.go:79.35,82.3 2 0
project/internal/repository/db/chat.go:83.2,84.20 2 0
project/internal/repository/db/chat.go:87.105,92.15 5 0
project/internal/repository/db/chat.go:92.15,95.3 2 0
project/internal/repository/db/chat.go:96.2,100.16 5 0
project/internal/repository/db/chat.go:100.16,103.3 2 0
project/internal/repository/db/chat.go:105.2,106.21 2 0
project/internal/repository/db/chat.go:109.88,115.15 5 0
project/internal/repository/db/chat.go:115.15,118.3 2 0
project/internal/repository/db/chat.go:119.2,123.16 5 0
project/internal/repository/db/chat.go:123.16,126.3 2 0
project/internal/repository/db/chat.go:128.2,129.20 2 0
project/internal/repository/db/chat.go:133.136,140.15 5 0
project/internal/repository/db/chat.go:140.15,143.3 2 0
project/internal/repository/db/chat.go:144.2,207.16 4 0
project/internal/repository/db/chat.go:207.16,210.3 2 0
project/internal/repository/db/chat.go:211.2,215.18 4 0
project/internal/repository/db/chat.go:215.18,237.17 10 0
project/internal/repository/db/chat.go:237.17,240.4 2 0
project/internal/repository/db/chat.go:242.3,244.17 3 0
project/internal/repository/db/chat.go:244.17,246.4 1 0
project/internal/repository/db/chat.go:249.2,250.28 2 0
project/internal/repository/db/chat.go:250.28,252.3 1 0
project/internal/repository/db/chat.go:253.2,253.35 1 0
project/internal/repository/db/chat.go:253.35,256.3 2 0
project/internal/repository/db/chat.go:258.2,259.31 2 0
project/internal/repository/db/chat.go:262.152,268.15 5 0
project/internal/repository/db/chat.go:268.15,271.3 2 0
project/internal/repository/db/chat.go:272.2,286.16 4 0
project/internal/repository/db/chat.go:286.16,289.3 2 0
project/internal/repository/db/chat.go:290.2,293.18 3 0
project/internal/repository/db/chat.go:293.18,300.17 3 0
project/internal/repository/db/chat.go:300.17,303.4 2 0
project/internal/repository/db/chat.go:305.3,305.36 1 0
project/internal/repository/db/chat.go:308.2,308.35 1 0
project/internal/repository/db/chat.go:308.35,311.3 2 0
project/internal/repository/db/chat.go:313.2,314.21 2 0
project/internal/repository/db/chat.go:317.138,323.15 5 0
project/internal/repository/db/chat.go:323.15,326.3 2 0
project/internal/repository/db/chat.go:328.2,379.16 9 0
project/internal/repository/db/chat.go:379.16,380.36 1 0
project/internal/repository/db/chat.go:380.36,382.4 1 0
project/internal/repository/db/chat.go:383.3,384.54 2 0
project/internal/repository/db/chat.go:387.2,394.28 7 0
project/internal/repository/db/chat.go:397.134,403.15 5 0
project/internal/repository/db/chat.go:403.15,406.3 2 0
project/internal/repository/db/chat.go:407.2,416.16 4 0
project/internal/repository/db/chat.go:416.16,419.3 2 0
project/internal/repository/db/chat.go:421.2,422.12 2 0
project/internal/repository/db/community.go:19.60,21.2 1 0
project/internal/repository/db/community.go:23.104,29.15 5 0
project/internal/repository/db/community.go:29.15,32.3 2 0
project/internal/repository/db/community.go:34.2,53.16 4 0
project/internal/repository/db/community.go:53.16,56.3 2 0
project/internal/repository/db/community.go:58.2,59.12 2 0
project/internal/repository/db/community.go:62.104,68.15 5 0
project/internal/repository/db/community.go:68.15,71.3 2 0
project/internal/repository/db/community.go:73.2,90.35 4 0
project/internal/repository/db/community.go:90.35,93.3 2 0
project/internal/repository/db/community.go:94.2,94.16 1 0
project/internal/repository/db/community.go:94.16,97.3 2 0
project/internal/repository/db/community.go:99.2,100.12 2 0
project/internal/repository/db/community.go:103.102,109.15 5 0
project/internal/repository/db/community.go:109.15,112.3 2 0
project/internal/repository/db/community.go:114.2,117.16 4 0
project/internal/repository/db/community.go:117.16,120.3 2 0
project/internal/repository/db/community.go:122.2,123.16 2 0
project/internal/repository/db/community.go:123.16,126.3 2 0
project/internal/repository/db/community.go:128.2,128.23 1 0
project/internal/repository/db/community.go:128.23,131.3 2 0
project/internal/repository/db/community.go:133.2,134.12 2 0
project/internal/repository/db/community.go:137.107,143.15 5 0
project/internal/repository/db/community.go:143.15,146.3 2 0
project/internal/repository/db/community.go:148.2,177.35 5 0
project/internal/repository/db/community.go:177.35,180.3 2 0
project/internal/repository/db/community.go:181.2,181.16 1 0
project/internal/repository/db/community.go:181.16,184.3 2 0
project/internal/repository/db/community.go:186.2,187.24 2 0
project/internal/repository/db/community.go:190.140,196.15 5 0
project/internal/repository/db/community.go:196.15,199.3 2 0
project/internal/repository/db/community.go:201.2,217.16 4 0
project/internal/repository/db/community.go:217.16,220.3 2 0
project/internal/repository/db/community.go:221.2,224.18 3 0
project/internal/repository/db/community.go:224.18,233.17 3 0
project/internal/repository/db/community.go:233.17,236.4 2 0
project/internal/repository/db/community.go:237.3,237.47 1 0
project/internal/repository/db/community.go:240.2,241.25 2 0
project/internal/repository/db/community.go:244.141,250.15 5 0
project/internal/repository/db/community.go:250.15,253.3 2 0
project/internal/repository/db/community.go:255.2,276.16 4 0
project/internal/repository/db/community.go:276.16,279.3 2 0
project/internal/repository/db/community.go:280.2,283.18 3 0
project/internal/repository/db/community.go:283.18,292.17 3 0
project/internal/repository/db/community.go:292.17,295.4 2 0
project/internal/repository/db/community.go:296.3,296.47 1 0
project/internal/repository/db/community.go:299.2,300.25 2 0
project/internal/repository/db/community.go:303.150,309.15 5 0
project/internal/repository/db/community.go:309.15,312.3 2 0
project/internal/repository/db/community.go:314.2,330.16 4 0
project/internal/repository/db/community.go:330.16,333.3 2 0
project/internal/repository/db/community.go:334.2,337.18 3 0
project/internal/repository/db/community.go:337.18,346.17 3 0
project/internal/repository/db/community.go:346.17,349.4 2 0
project/internal/repository/db/community.go:350.3,350.47 1 0
project/internal/repository/db/community.go:353.2,354.25 2 0
project/internal/repository/db/community.go:357.120,363.15 5 0
project/internal/repository/db/community.go:363.15,366.3 2 0
project/internal/repository/db/community.go:368.2,377.16 4 0
project/internal/repository/db/community.go:377.16,380.3 2 0
project/internal/repository/db/community.go:381.2,384.18 3 0
project/internal/repository/db/community.go:384.18,387.17 3 0
project/internal/repository/db/community.go:387.17,390.4 2 0
project/internal/repository/db/community.go:391.3,391.42 1 0
project/internal/repository/db/community.go:394.2,395.26 2 0
project/internal/repository/db/community.go:398.152,404.15 5 0
project/internal/repository/db/community.go:404.15,407.3 2 0
project/internal/repository/db/community.go:409.2,422.16 4 0
project/internal/repository/db/community.go:422.16,425.3 2 0
project/internal/repository/db/community.go:426.2,429.18 3 0
project/internal/repository/db/community.go:429.18,436.17 3 0
project/internal/repository/db/community.go:436.17,439.4 2 0
project/internal/repository/db/community.go:440.3,440.47 1 0
project/internal/repository/db/community.go:443.2,444.25 2 0
project/internal/repository/db/community.go:447.134,453.15 5 0
project/internal/repository/db/community.go:453.15,456.3 2 0
project/internal/repository/db/community.go:458.2,468.16 4 0
project/internal/repository/db/community.go:468.16,471.3 2 0
project/internal/repository/db/community.go:472.2,475.18 3 0
project/internal/repository/db/community.go:475.18,478.17 3 0
project/internal/repository/db/community.go:478.17,481.4 2 0
project/internal/repository/db/community.go:482.3,482.48 1 0
project/internal/repository/db/community.go:485.2,486.27 2 0
project/internal/repository/db/community.go:489.102,495.15 5 0
project/internal/repository/db/community.go:495.15,498.3 2 0
project/internal/repository/db/community.go:500.2,508.16 4 0
project/internal/repository/db/community.go:508.16,511.3 2 0
project/internal/repository/db/community.go:513.2,514.12 2 0
project/internal/repository/db/community.go:517.104,523.15 5 0
project/internal/repository/db/community.go:523.15,526.3 2 0
project/internal/repository/db/community.go:528.2,531.16 4 0
project/internal/repository/db/community.go:531.16,534.3 2 0
project/internal/repository/db/community.go:536.2,537.16 2 0
project/internal/repository/db/community.go:537.16,540.3 2 0
project/internal/repository/db/community.go:542.2,542.23 1 0
project/internal/repository/db/community.go:542.23,545.3 2 0
project/internal/repository/db/community.go:547.2,548.12 2 0
project/internal/repository/db/community.go:551.113,557.15 5 0
project/internal/repository/db/community.go:557.15,560.3 2 0
project/internal/repository/db/community.go:562.2,566.16 5 0
project/internal/repository/db/community.go:566.16,569.3 2 0
project/internal/repository/db/community.go:571.2,572.20 2 0
project/internal/repository/db/community.go:575.128,581.15 5 0
project/internal/repository/db/community.go:581.15,584.3 2 0
project/internal/repository/db/community.go:586.2,586.28 1 0
project/internal/repository/db/community.go:586.28,588.3 1 0
project/internal/repository/db/community.go:590.2,604.16 4 0
project/internal/repository/db/community.go:604.16,607.3 2 0
project/internal/repository/db/community.go:608.2,611.18 3 0
project/internal/repository/db/community.go:611.18,620.17 3 0
project/internal/repository/db/community.go:620.17,623.4 2 0
project/internal/repository/db/community.go:624.3,624.47 1 0
project/internal/repository/db/community.go:627.2,627.35 1 0
project/internal/repository/db/community.go:627.35,630.3 2 0
project/internal/repository/db/community.go:632.2,633.25 2 0
project/internal/repository/db/friend.go:18.54,20.2 1 0
project/internal/repository/db/friend.go:23.61,24.23 1 0
project/internal/repository/db/friend.go:24.23,26.3 1 0
project/internal/repository/db/friend.go:27.2,27.25 1 0
project/internal/repository/db/friend.go:31.107,39.15 5 0
project/internal/repository/db/friend.go:39.15,42.3 2 0
project/internal/repository/db/friend.go:44.2,55.16 5 0
project/internal/repository/db/friend.go:55.16,58.3 2 0
project/internal/repository/db/friend.go:60.2,61.12 2 0
project/internal/repository/db/friend.go:65.116,71.15 5 0
project/internal/repository/db/friend.go:71.15,74.3 2 0
project/internal/repository/db/friend.go:76.2,95.35 6 0
project/internal/repository/db/friend.go:95.35,98.3 2 0
project/internal/repository/db/friend.go:100.2,100.16 1 0
project/internal/repository/db/friend.go:100.16,103.3 2 0
project/internal/repository/db/friend.go:105.2,106.25 2 0
project/internal/repository/db/friend.go:110.145,119.15 5 0
project/internal/repository/db/friend.go:119.15,122.3 2 0
project/internal/repository/db/friend.go:124.2,134.16 5 0
project/internal/repository/db/friend.go:134.16,137.3 2 0
project/internal/repository/db/friend.go:139.2,140.16 2 0
project/internal/repository/db/friend.go:140.16,143.3 2 0
project/internal/repository/db/friend.go:144.2,144.23 1 0
project/internal/repository/db/friend.go:144.23,147.3 2 0
project/internal/repository/db/friend.go:149.2,150.12 2 0
project/internal/repository/db/friend.go:154.117,160.15 5 0
project/internal/repository/db/friend.go:160.15,163.3 2 0
project/internal/repository/db/friend.go:166.2,180.16 4 0
project/internal/repository/db/friend.go:180.16,183.3 2 0
project/internal/repository/db/friend.go:184.2,187.18 3 0
project/internal/repository/db/friend.go:187.18,192.17 3 0
project/internal/repository/db/friend.go:192.17,195.4 2 0
project/internal/repository/db/friend.go:196.3,196.42 1 0
project/internal/repository/db/friend.go:199.2,199.34 1 0
project/internal/repository/db/friend.go:199.34,202.3 2 0
project/internal/repository/db/friend.go:204.2,207.23 2 0
project/internal/repository/db/friend.go:210.93,217.15 5 0
project/internal/repository/db/friend.go:217.15,220.3 2 0
project/internal/repository/db/friend.go:223.2,235.16 4 0
project/internal/repository/db/friend.go:235.16,238.3 2 0
project/internal/repository/db/friend.go:239.2,242.18 3 0
project/internal/repository/db/friend.go:242.18,247.17 3 0
project/internal/repository/db/friend.go:247.17,250.4 2 0
project/internal/repository/db/friend.go:251.3,251.42 1 0
project/internal/repository/db/friend.go:254.2,254.34 1 0
project/internal/repository/db/friend.go:254.34,257.3 2 0
project/internal/repository/db/friend.go:259.2,262.23 2 0
project/internal/repository/db/friend.go:266.124,275.15 5 0
project/internal/repository/db/friend.go:275.15,278.3 2 0
project/internal/repository/db/friend.go:280.2,294.16 4 0
project/internal/repository/db/friend.go:294.16,297.3 2 0
project/internal/repository/db/friend.go:298.2,301.18 3 0
project/internal/repository/db/friend.go:301.18,306.17 3 0
project/internal/repository/db/friend.go:306.17,309.4 2 0
project/internal/repository/db/friend.go:310.3,310.42 1 0
project/internal/repository/db/friend.go:313.2,313.34 1 0
project/internal/repository/db/friend.go:313.34,316.3 2 0
project/internal/repository/db/friend.go:318.2,321.23 2 0
project/internal/repository/db/friend.go:325.118,334.15 5 0
project/internal/repository/db/friend.go:334.15,337.3 2 0
project/internal/repository/db/friend.go:339.2,353.16 4 0
project/internal/repository/db/friend.go:353.16,356.3 2 0
project/internal/repository/db/friend.go:357.2,360.18 3 0
project/internal/repository/db/friend.go:360.18,365.17 3 0
project/internal/repository/db/friend.go:365.17,368.4 2 0
project/internal/repository/db/friend.go:369.3,369.42 1 0
project/internal/repository/db/friend.go:372.2,372.34 1 0
project/internal/repository/db/friend.go:372.34,375.3 2 0
project/internal/repository/db/friend.go:377.2,380.23 2 0
project/internal/repository/db/friend.go:384.97,390.15 5 0
project/internal/repository/db/friend.go:390.15,393.3 2 0
project/internal/repository/db/friend.go:395.2,404.16 5 0
project/internal/repository/db/friend.go:404.16,407.3 2 0
project/internal/repository/db/friend.go:409.2,410.16 2 0
project/internal/repository/db/friend.go:410.16,413.3 2 0
project/internal/repository/db/friend.go:415.2,415.23 1 0
project/internal/repository/db/friend.go:415.23,418.3 2 0
project/internal/repository/db/friend.go:420.2,421.12 2 0
project/internal/repository/db/friend.go:425.99,431.15 5 0
project/internal/repository/db/friend.go:431.15,434.3 2 0
project/internal/repository/db/friend.go:436.2,448.16 6 0
project/internal/repository/db/friend.go:448.16,451.3 2 0
project/internal/repository/db/friend.go:453.2,454.20 2 0
project/internal/repository/db/friend.go:458.127,460.16 2 0
project/internal/repository/db/friend.go:460.16,461.51 1 0
project/internal/repository/db/friend.go:461.51,463.4 1 0
project/internal/repository/db/friend.go:464.3,464.17 1 0
project/internal/repository/db/friend.go:466.2,466.31 1 0
project/internal/repository/db/friend.go:470.120,477.15 5 0
project/internal/repository/db/friend.go:477.15,480.3 2 0
project/internal/repository/db/friend.go:482.2,509.16 4 0
project/internal/repository/db/friend.go:509.16,512.3 2 0
project/internal/repository/db/friend.go:514.2,515.21 2 0
project/internal/repository/db/friend.go:518.138,524.15 5 0
project/internal/repository/db/friend.go:524.15,527.3 2 0
project/internal/repository/db/friend.go:529.2,530.15 2 0
project/internal/repository/db/friend.go:531.30,532.23 1 0
project/internal/repository/db/friend.go:533.28,534.42 1 0
project/internal/repository/db/friend.go:535.27,536.126 1 0
project/internal/repository/db/friend.go:537.24,538.126 1 0
project/internal/repository/db/friend.go:539.27,540.41 1 0
project/internal/repository/db/friend.go:541.10,542.58 1 0
project/internal/repository/db/friend.go:545.2,557.16 4 0
project/internal/repository/db/friend.go:557.16,560.3 2 0
project/internal/repository/db/friend.go:561.2,564.18 3 0
project/internal/repository/db/friend.go:564.18,566.40 2 0
project/internal/repository/db/friend.go:566.40,569.4 2 0
project/internal/repository/db/friend.go:570.3,570.24 1 0
project/internal/repository/db/friend.go:572.2,572.35 1 0
project/internal/repository/db/friend.go:572.35,575.3 2 0
project/internal/repository/db/friend.go:577.2,577.17 1 0
project/internal/repository/db/message.go:16.56,18.2 1 0
project/internal/repository/db/message.go:19.138,24.15 5 0
project/internal/repository/db/message.go:24.15,27.3 2 0
project/internal/repository/db/message.go:28.2,38.16 5 0
project/internal/repository/db/message.go:38.16,41.3 2 0
project/internal/repository/db/message.go:42.2,44.18 2 0
project/internal/repository/db/message.go:44.18,53.17 3 0
project/internal/repository/db/message.go:53.17,56.4 2 0
project/internal/repository/db/message.go:57.3,57.35 1 0
project/internal/repository/db/message.go:60.2,60.35 1 0
project/internal/repository/db/message.go:60.35,63.3 2 0
project/internal/repository/db/message.go:65.2,66.22 2 0
project/internal/repository/db/message.go:69.104,75.15 5 0
project/internal/repository/db/message.go:75.15,78.3 2 0
project/internal/repository/db/message.go:79.2,83.16 5 0
project/internal/repository/db/message.go:83.16,86.3 2 0
project/internal/repository/db/message.go:88.2,89.23 2 0
project/internal/repository/db/post.go:19.50,21.2 1 0
project/internal/repository/db/post.go:24.121,30.15 5 0
project/internal/repository/db/post.go:30.15,33.3 2 0
project/internal/repository/db/post.go:35.2,60.16 3 0
project/internal/repository/db/post.go:60.16,63.3 2 0
project/internal/repository/db/post.go:64.2,68.18 3 0
project/internal/repository/db/post.go:68.18,85.17 6 0
project/internal/repository/db/post.go:85.17,88.4 2 0
project/internal/repository/db/post.go:91.3,91.19 1 0
project/internal/repository/db/post.go:91.19,95.22 3 0
project/internal/repository/db/post.go:95.22,97.5 1 0
project/internal/repository/db/post.go:98.4,98.24 1 0
project/internal/repository/db/post.go:98.24,100.5 1 0
project/internal/repository/db/post.go:104.3,105.17 2 0
project/internal/repository/db/post.go:105.17,108.4 2 0
project/internal/repository/db/post.go:110.3,113.30 3 0
project/internal/repository/db/post.go:116.2,116.35 1 0
project/internal/repository/db/post.go:116.35,119.3 2 0
project/internal/repository/db/post.go:121.2,121.19 1 0
project/internal/repository/db/post.go:125.107,131.15 5 0
project/internal/repository/db/post.go:131.15,134.3 2 0
project/internal/repository/db/post.go:136.2,175.35 8 0
project/internal/repository/db/post.go:175.35,178.3 2 0
project/internal/repository/db/post.go:180.2,180.16 1 0
project/internal/repository/db/post.go:180.16,183.3 2 0
project/internal/repository/db/post.go:186.2,186.18 1 0
project/internal/repository/db/post.go:186.18,190.21 3 0
project/internal/repository/db/post.go:190.21,192.4 1 0
project/internal/repository/db/post.go:193.3,193.23 1 0
project/internal/repository/db/post.go:193.23,195.4 1 0
project/internal/repository/db/post.go:199.2,200.16 2 0
project/internal/repository/db/post.go:200.16,202.3 1 0
project/internal/repository/db/post.go:204.2,208.19 4 0
project/internal/repository/db/post.go:212.84,218.15 5 0
project/internal/repository/db/post.go:218.15,221.3 2 0
project/internal/repository/db/post.go:224.2,225.16 2 0
project/internal/repository/db/post.go:225.16,228.3 2 0
project/internal/repository/db/post.go:230.2,230.15 1 0
project/internal/repository/db/post.go:230.15,231.17 1 0
project/internal/repository/db/post.go:231.17,234.4 2 0
project/internal/repository/db/post.go:237.2,249.16 4 0
project/internal/repository/db/post.go:249.16,252.3 2 0
project/internal/repository/db/post.go:255.2,255.88 1 0
project/internal/repository/db/post.go:255.88,257.3 1 0
project/internal/repository/db/post.go:258.2,258.78 1 0
project/internal/repository/db/post.go:258.78,260.3 1 0
project/internal/repository/db/post.go:263.2,263.36 1 0
project/internal/repository/db/post.go:263.36,266.3 2 0
project/internal/repository/db/post.go:268.2,269.12 2 0
project/internal/repository/db/post.go:273.84,279.15 5 0
project/internal/repository/db/post.go:279.15,282.3 2 0
project/internal/repository/db/post.go:284.2,285.16 2 0
project/internal/repository/db/post.go:285.16,288.3 2 0
project/internal/repository/db/post.go:290.2,290.15 1 0
project/internal/repository/db/post.go:290.15,291.17 1 0
project/internal/repository/db/post.go:291.17,294.4 2 0
project/internal/repository/db/post.go:297.2,308.35 4 0
project/internal/repository/db/post.go:308.35,311.3 2 0
project/internal/repository/db/post.go:312.2,312.16 1 0
project/internal/repository/db/post.go:312.16,315.3 2 0
project/internal/repository/db/post.go:318.2,318.90 1 0
project/internal/repository/db/post.go:318.90,320.3 1 0
project/internal/repository/db/post.go:322.2,322.80 1 0
project/internal/repository/db/post.go:322.80,324.3 1 0
project/internal/repository/db/post.go:327.2,327.36 1 0
project/internal/repository/db/post.go:327.36,330.3 2 0
project/internal/repository/db/post.go:332.2,333.12 2 0
project/internal/repository/db/post.go:337.145,343.15 5 0
project/internal/repository/db/post.go:343.15,346.3 2 0
project/internal/repository/db/post.go:348.2,373.16 4 0
project/internal/repository/db/post.go:373.16,376.3 2 0
project/internal/repository/db/post.go:377.2,380.18 3 0
project/internal/repository/db/post.go:380.18,397.17 6 0
project/internal/repository/db/post.go:397.17,400.4 2 0
project/internal/repository/db/post.go:403.3,403.19 1 0
project/internal/repository/db/post.go:403.19,407.22 3 0
project/internal/repository/db/post.go:407.22,409.5 1 0
project/internal/repository/db/post.go:410.4,410.24 1 0
project/internal/repository/db/post.go:410.24,412.5 1 0
project/internal/repository/db/post.go:416.3,417.17 2 0
project/internal/repository/db/post.go:417.17,419.4 1 0
project/internal/repository/db/post.go:421.3,423.30 3 0
project/internal/repository/db/post.go:426.2,427.19 2 0
project/internal/repository/db/post.go:431.89,437.15 5 0
project/internal/repository/db/post.go:437.15,440.3 2 0
project/internal/repository/db/post.go:442.2,442.30 1 0
project/internal/repository/db/post.go:442.30,445.3 2 0
project/internal/repository/db/post.go:447.2,448.16 2 0
project/internal/repository/db/post.go:448.16,451.3 2 0
project/internal/repository/db/post.go:452.2,452.15 1 0
project/internal/repository/db/post.go:452.15,453.17 1 0
project/internal/repository/db/post.go:453.17,456.4 2 0
project/internal/repository/db/post.go:459.2,466.16 4 0
project/internal/repository/db/post.go:466.16,469.3 2 0
project/internal/repository/db/post.go:471.2,472.16 2 0
project/internal/repository/db/post.go:472.16,475.3 2 0
project/internal/repository/db/post.go:477.2,477.23 1 0
project/internal/repository/db/post.go:477.23,480.3 2 0
project/internal/repository/db/post.go:482.2,482.36 1 0
project/internal/repository/db/post.go:482.36,485.3 2 0
project/internal/repository/db/post.go:487.2,488.12 2 0
project/internal/repository/db/post.go:492.140,498.15 5 0
project/internal/repository/db/post.go:498.15,501.3 2 0
project/internal/repository/db/post.go:503.2,528.16 4 0
project/internal/repository/db/post.go:528.16,531.3 2 0
project/internal/repository/db/post.go:532.2,535.18 3 0
project/internal/repository/db/post.go:535.18,552.17 6 0
project/internal/repository/db/post.go:552.17,555.4 2 0
project/internal/repository/db/post.go:558.3,558.19 1 0
project/internal/repository/db/post.go:558.19,562.22 3 0
project/internal/repository/db/post.go:562.22,564.5 1 0
project/internal/repository/db/post.go:565.4,565.24 1 0
project/internal/repository/db/post.go:565.24,567.5 1 0
project/internal/repository/db/post.go:571.3,572.17 2 0
project/internal/repository/db/post.go:572.17,574.4 1 0
project/internal/repository/db/post.go:576.3,578.30 3 0
project/internal/repository/db/post.go:581.2,582.19 2 0
project/internal/repository/db/post.go:588.102,590.16 2 0
project/internal/repository/db/post.go:590.16,592.3 1 0
project/internal/repository/db/post.go:593.2,594.16 2 0
project/internal/repository/db/post.go:594.16,596.3 1 0
project/internal/repository/db/post.go:598.2,598.33 1 0
project/internal/repository/db/post.go:602.98,611.16 3 0
project/internal/repository/db/post.go:611.16,613.3 1 0
project/internal/repository/db/post.go:614.2,617.18 3 0
project/internal/repository/db/post.go:617.18,619.46 2 0
project/internal/repository/db/post.go:619.46,621.4 1 0
project/internal/repository/db/post.go:622.3,622.46 1 0
project/internal/repository/db/post.go:625.2,625.25 1 0
project/internal/repository/db/post.go:629.93,638.16 3 0
project/internal/repository/db/post.go:638.16,640.3 1 0
project/internal/repository/db/post.go:641.2,645.18 3 0
project/internal/repository/db/post.go:645.18,647.46 2 0
project/internal/repository/db/post.go:647.46,649.4 1 0
project/internal/repository/db/post.go:650.3,650.36 1 0
project/internal/repository/db/post.go:653.2,653.20 1 0
project/internal/repository/db/post.go:657.123,658.27 1 0
project/internal/repository/db/post.go:658.27,660.3 1 0
project/internal/repository/db/post.go:662.2,662.41 1 0
project/internal/repository/db/post.go:662.41,663.42 1 0
project/internal/repository/db/post.go:663.42,665.4 1 0
project/internal/repository/db/post.go:666.3,666.51 1 0
project/internal/repository/db/post.go:666.51,668.4 1 0
project/internal/repository/db/post.go:669.3,674.17 3 0
project/internal/repository/db/post.go:674.17,676.4 1 0
project/internal/repository/db/post.go:679.2,679.12 1 0
project/internal/repository/db/post.go:683.113,684.22 1 0
project/internal/repository/db/post.go:684.22,686.3 1 0
project/internal/repository/db/post.go:687.2,687.31 1 0
project/internal/repository/db/post.go:687.31,688.37 1 0
project/internal/repository/db/post.go:688.37,690.4 1 0
project/internal/repository/db/post.go:691.3,691.41 1 0
project/internal/repository/db/post.go:691.41,693.4 1 0
project/internal/repository/db/post.go:695.3,700.17 3 0
project/internal/repository/db/post.go:700.17,702.4 1 0
project/internal/repository/db/post.go:705.2,705.12 1 0
project/internal/repository/db/post.go:709.125,716.16 3 0
project/internal/repository/db/post.go:716.16,718.3 1 0
project/internal/repository/db/post.go:720.2,720.66 1 0
project/internal/repository/db/post.go:724.115,731.16 3 0
project/internal/repository/db/post.go:731.16,733.3 1 0
project/internal/repository/db/post.go:735.2,735.56 1 0
project/internal/repository/db/post.go:738.101,744.15 5 0
project/internal/repository/db/post.go:744.15,747.3 2 0
project/internal/repository/db/post.go:749.2,761.16 4 0
project/internal/repository/db/post.go:761.16,764.3 2 0
project/internal/repository/db/post.go:766.2,767.12 2 0
project/internal/repository/db/profile.go:19.56,21.2 1 0
project/internal/repository/db/profile.go:23.95,29.15 5 0
project/internal/repository/db/profile.go:29.15,32.3 2 0
project/internal/repository/db/profile.go:34.2,38.16 3 0
project/internal/repository/db/profile.go:38.16,41.3 2 0
project/internal/repository/db/profile.go:42.2,42.12 1 0
project/internal/repository/db/profile.go:45.109,51.15 5 0
project/internal/repository/db/profile.go:51.15,54.3 2 0
project/internal/repository/db/profile.go:56.2,67.16 4 0
project/internal/repository/db/profile.go:67.16,69.3 1 0
project/internal/repository/db/profile.go:69.8,71.3 1 0
project/internal/repository/db/profile.go:72.2,72.12 1 0
project/internal/repository/db/profile.go:75.103,81.15 5 0
project/internal/repository/db/profile.go:81.15,84.3 2 0
project/internal/repository/db/profile.go:86.2,90.16 4 0
project/internal/repository/db/profile.go:90.16,92.3 1 0
project/internal/repository/db/profile.go:92.8,94.3 1 0
project/internal/repository/db/profile.go:96.2,96.12 1 0
project/internal/repository/db/profile.go:99.103,105.15 5 0
project/internal/repository/db/profile.go:105.15,108.3 2 0
project/internal/repository/db/profile.go:110.2,114.16 4 0
project/internal/repository/db/profile.go:114.16,116.3 1 0
project/internal/repository/db/profile.go:116.8,118.3 1 0
project/internal/repository/db/profile.go:120.2,120.12 1 0
project/internal/repository/db/profile.go:123.135,129.15 5 0
project/internal/repository/db/profile.go:129.15,132.3 2 0
project/internal/repository/db/profile.go:134.2,134.23 1 0
project/internal/repository/db/profile.go:134.23,136.3 1 0
project/internal/repository/db/profile.go:138.2,143.16 4 0
project/internal/repository/db/profile.go:143.16,146.3 2 0
project/internal/repository/db/profile.go:147.2,151.18 3 0
project/internal/repository/db/profile.go:151.18,154.17 3 0
project/internal/repository/db/profile.go:154.17,157.4 2 0
project/internal/repository/db/profile.go:158.3,158.25 1 0
project/internal/repository/db/profile.go:161.2,161.34 1 0
project/internal/repository/db/profile.go:161.34,164.3 2 0
project/internal/repository/db/profile.go:166.2,166.22 1 0
project/internal/repository/db/profile.go:169.124,175.15 5 0
project/internal/repository/db/profile.go:175.15,178.3 2 0
project/internal/repository/db/profile.go:180.2,180.23 1 0
project/internal/repository/db/profile.go:180.23,182.3 1 0
project/internal/repository/db/profile.go:184.2,189.16 4 0
project/internal/repository/db/profile.go:189.16,192.3 2 0
project/internal/repository/db/profile.go:193.2,197.18 3 0
project/internal/repository/db/profile.go:197.18,200.17 3 0
project/internal/repository/db/profile.go:200.17,203.4 2 0
project/internal/repository/db/profile.go:204.3,204.33 1 0
project/internal/repository/db/profile.go:207.2,207.34 1 0
project/internal/repository/db/profile.go:207.34,210.3 2 0
project/internal/repository/db/profile.go:212.2,212.22 1 0
project/internal/repository/db/profile.go:215.150,221.15 5 0
project/internal/repository/db/profile.go:221.15,224.3 2 0
project/internal/repository/db/profile.go:226.2,226.23 1 0
project/internal/repository/db/profile.go:226.23,228.3 1 0
project/internal/repository/db/profile.go:230.2,244.16 4 0
project/internal/repository/db/profile.go:244.16,247.3 2 0
project/internal/repository/db/profile.go:248.2,252.18 3 0
project/internal/repository/db/profile.go:252.18,255.17 3 0
project/internal/repository/db/profile.go:255.17,258.4 2 0
project/internal/repository/db/profile.go:259.3,259.33 1 0
project/internal/repository/db/profile.go:262.2,262.34 1 0
project/internal/repository/db/profile.go:262.34,265.3 2 0
project/internal/repository/db/profile.go:267.2,267.22 1 0
project/internal/repository/db/profile.go:270.108,276.15 5 0
project/internal/repository/db/profile.go:276.15,279.3 2 0
project/internal/repository/db/profile.go:281.2,295.16 5 0
project/internal/repository/db/profile.go:295.16,296.36 1 0
project/internal/repository/db/profile.go:296.36,299.4 2 0
project/internal/repository/db/profile.go:300.3,301.31 2 0
project/internal/repository/db/profile.go:304.2,305.21 2 0
project/internal/repository/db/profile.go:308.100,314.15 5 0
project/internal/repository/db/profile.go:314.15,317.3 2 0
[...]
project/internal/service/mocks/mock_community.go:370.107,373.2 2 0
project/internal/service/mocks/mock_community.go:376.105,382.2 5 0
project/internal/service/mocks/mock_community.go:385.94,388.2 2 0
project/internal/service/mocks/mock_community.go:391.126,397.2 5 0
project/internal/service/mocks/mock_community.go:400.125,403.2 2 0
project/internal/service/mocks/mock_community.go:406.144,412.2 5 0
project/internal/service/mocks/mock_community.go:415.118,418.2 2 0
project/internal/service/mocks/mock_community.go:421.133,427.2 5 0
project/internal/service/mocks/mock_community.go:430.116,433.2 2 0
project/internal/service/mocks/mock_community.go:436.132,442.2 5 0
project/internal/service/mocks/mock_community.go:445.115,448.2 2 0
project/internal/service/mocks/mock_community.go:451.142,457.2 5 0
project/internal/service/mocks/mock_community.go:460.125,463.2 2 0
project/internal/service/mocks/mock_community.go:466.118,472.2 5 0
project/internal/service/mocks/mock_community.go:475.117,478.2 2 0
project/internal/service/mocks/mock_community.go:481.105,487.2 5 0
project/internal/service/mocks/mock_community.go:490.107,493.2 2 0
project/internal/service/mocks/mock_community.go:496.94,501.2 4 0
project/internal/service/mocks/mock_community.go:504.104,507.2 2 0
project/internal/service/mocks/mock_community.go:510.96,515.2 4 0
project/internal/service/mocks/mock_community.go:518.106,521.2 2 0
project/internal/service/mocks/mock_community.go:524.102,529.2 4 0
project/internal/service/mocks/mock_community.go:532.100,535.2 2 0
project/internal/service/mocks/mock_friend.go:27.71,31.2 3 0
project/internal/service/mocks/mock_friend.go:34.69,36.2 1 0
project/internal/service/mocks/mock_friend.go:39.100,44.2 4 0
project/internal/service/mocks/mock_friend.go:47.110,50.2 2 0
project/internal/service/mocks/mock_friend.go:53.120,59.2 5 0
project/internal/service/mocks/mock_friend.go:62.99,65.2 2 0
project/internal/service/mocks/mock_friend.go:68.142,74.2 5 0
project/internal/service/mocks/mock_friend.go:77.100,80.2 2 0
project/internal/service/mocks/mock_friend.go:83.148,89.2 5 0
project/internal/service/mocks/mock_friend.go:92.106,95.2 2 0
project/internal/service/mocks/mock_friend.go:98.141,104.2 5 0
project/internal/service/mocks/mock_friend.go:107.99,110.2 2 0
project/internal/service/mocks/mock_friend.go:113.127,119.2 5 0
project/internal/service/mocks/mock_friend.go:122.110,125.2 2 0
project/internal/service/mocks/mock_friend.go:128.146,134.2 5 0
project/internal/service/mocks/mock_friend.go:137.104,140.2 2 0
project/internal/service/mocks/mock_friend.go:143.100,148.2 4 0
project/internal/service/mocks/mock_friend.go:151.110,154.2 2 0
project/internal/service/mocks/mock_friend.go:157.93,162.2 4 0
project/internal/service/mocks/mock_friend.go:165.103,168.2 2 0
project/internal/service/mocks/mock_friend.go:171.226,177.2 5 0
project/internal/service/mocks/mock_friend.go:180.150,183.2 2 0
project/internal/service/mocks/mock_friend.go:186.108,191.2 4 0
project/internal/service/mocks/mock_friend.go:194.118,197.2 2 0
project/internal/service/mocks/mock_friend.go:211.67,215.2 3 0
project/internal/service/mocks/mock_friend.go:218.65,220.2 1 0
project/internal/service/mocks/mock_friend.go:223.97,229.2 5 0
project/internal/service/mocks/mock_friend.go:232.99,235.2 2 0
project/internal/service/mocks/mock_friend.go:238.118,244.2 5 0
project/internal/service/mocks/mock_friend.go:247.97,250.2 2 0
project/internal/service/mocks/mock_friend.go:253.105,258.2 4 0
project/internal/service/mocks/mock_friend.go:261.115,264.2 2 0
project/internal/service/mocks/mock_friend.go:267.95,272.2 4 0
project/internal/service/mocks/mock_friend.go:275.105,278.2 2 0
project/internal/service/mocks/mock_friend.go:281.91,287.2 5 0
project/internal/service/mocks/mock_friend.go:290.90,293.2 2 0
project/internal/service/mocks/mock_friend.go:296.114,302.2 5 0
project/internal/service/mocks/mock_friend.go:305.102,308.2 2 0
project/internal/service/mocks/mock_friend.go:311.116,317.2 5 0
project/internal/service/mocks/mock_friend.go:320.115,323.2 2 0
project/internal/service/mocks/mock_friend.go:326.125,332.2 5 0
project/internal/service/mocks/mock_friend.go:335.108,338.2 2 0
project/internal/service/mocks/mock_friend.go:341.110,347.2 5 0
project/internal/service/mocks/mock_friend.go:350.109,353.2 2 0
project/internal/service/mocks/mock_friend.go:356.109,362.2 5 0
project/internal/service/mocks/mock_friend.go:365.108,368.2 2 0
project/internal/service/mocks/mock_friend.go:371.136,377.2 5 0
project/internal/service/mocks/mock_friend.go:380.108,383.2 2 0
project/internal/service/mocks/mock_friend.go:386.143,391.2 4 0
project/internal/service/mocks/mock_friend.go:394.129,397.2 2 0
project/internal/service/mocks/mock_friend_grpc.go:29.83,33.2 3 0
project/internal/service/mocks/mock_friend_grpc.go:36.81,38.2 1 0
project/internal/service/mocks/mock_friend_grpc.go:41.145,44.25 3 0
project/internal/service/mocks/mock_friend_grpc.go:44.25,46.3 1 0
project/internal/service/mocks/mock_friend_grpc.go:47.2,50.19 4 0
project/internal/service/mocks/mock_friend_grpc.go:54.123,58.2 3 0
project/internal/service/mocks/mock_friend_grpc.go:61.175,64.25 3 0
project/internal/service/mocks/mock_friend_grpc.go:64.25,66.3 1 0
project/internal/service/mocks/mock_friend_grpc.go:67.2,70.19 4 0
project/internal/service/mocks/mock_friend_grpc.go:74.122,78.2 3 0
project/internal/service/mocks/mock_friend_grpc.go:81.150,84.25 3 0
project/internal/service/mocks/mock_friend_grpc.go:84.25,86.3 1 0
project/internal/service/mocks/mock_friend_grpc.go:87.2,90.19 4 0
project/internal/service/mocks/mock_friend_grpc.go:94.115,98.2 3 0
project/internal/service/mocks/mock_friend_grpc.go:101.162,104.25 3 0
project/internal/service/mocks/mock_friend_grpc.go:104.25,106.3 1 0
project/internal/service/mocks/mock_friend_grpc.go:107.2,110.19 4 0
project/internal/service/mocks/mock_friend_grpc.go:114.121,118.2 3 0
project/internal/service/mocks/mock_friend_grpc.go:121.148,124.25 3 0
project/internal/service/mocks/mock_friend_grpc.go:124.25,126.3 1 0
project/internal/service/mocks/mock_friend_grpc.go:127.2,130.19 4 0
project/internal/service/mocks/mock_friend_grpc.go:134.114,138.2 3 0
project/internal/service/mocks/mock_friend_grpc.go:141.174,144.25 3 0
project/internal/service/mocks/mock_friend_grpc.go:144.25,146.3 1 0
project/internal/service/mocks/mock_friend_grpc.go:147.2,150.19 4 0
project/internal/service/mocks/mock_friend_grpc.go:154.123,158.2 3 0
project/internal/service/mocks/mock_friend_grpc.go:161.158,164.25 3 0
project/internal/service/mocks/mock_friend_grpc.go:164.25,166.3 1 0
project/internal/service/mocks/mock_friend_grpc.go:167.2,170.19 4 0
project/internal/service/mocks/mock_friend_grpc.go:174.119,178.2 3 0
project/internal/service/mocks/mock_friend_grpc.go:181.145,184.25 3 0
project/internal/service/mocks/mock_friend_grpc.go:184.25,186.3 1 0
project/internal/service/mocks/mock_friend_grpc.go:187.2,190.19 4 0
project/internal/service/mocks/mock_friend_grpc.go:194.123,198.2 3 0
project/internal/service/mocks/mock_friend_grpc.go:201.138,204.25 3 0
project/internal/service/mocks/mock_friend_grpc.go:204.25,206.3 1 0
project/internal/service/mocks/mock_friend_grpc.go:207.2,210.19 4 0
project/internal/service/mocks/mock_friend_grpc.go:214.116,218.2 3 0
project/internal/service/mocks/mock_friend_grpc.go:221.186,224.25 3 0
project/internal/service/mocks/mock_friend_grpc.go:224.25,226.3 1 0
project/internal/service/mocks/mock_friend_grpc.go:227.2,230.19 4 0
project/internal/service/mocks/mock_friend_grpc.go:234.148,238.2 3 0
project/internal/service/mocks/mock_friend_grpc.go:241.156,244.25 3 0
project/internal/service/mocks/mock_friend_grpc.go:244.25,246.3 1 0
project/internal/service/mocks/mock_friend_grpc.go:247.2,250.19 4 0
project/internal/service/mocks/mock_friend_grpc.go:254.121,258.2 3 0
project/internal/service/mocks/mock_friend_grpc.go:272.83,276.2 3 0
project/internal/service/mocks/mock_friend_grpc.go:279.81,281.2 1 0
project/internal/service/mocks/mock_friend_grpc.go:284.123,290.2 5 0
project/internal/service/mocks/mock_friend_grpc.go:293.105,296.2 2 0
project/internal/service/mocks/mock_friend_grpc.go:299.153,305.2 5 0
project/internal/service/mocks/mock_friend_grpc.go:308.104,311.2 2 0
project/internal/service/mocks/mock_friend_grpc.go:314.128,320.2 5 0
project/internal/service/mocks/mock_friend_grpc.go:323.97,326.2 2 0
project/internal/service/mocks/mock_friend_grpc.go:329.140,335.2 5 0
project/internal/service/mocks/mock_friend_grpc.go:338.103,341.2 2 0
project/internal/service/mocks/mock_friend_grpc.go:344.126,350.2 5 0
project/internal/service/mocks/mock_friend_grpc.go:353.96,356.2 2 0
project/internal/service/mocks/mock_friend_grpc.go:359.152,365.2 5 0
project/internal/service/mocks/mock_friend_grpc.go:368.105,371.2 2 0
project/internal/service/mocks/mock_friend_grpc.go:374.136,380.2 5 0
project/internal/service/mocks/mock_friend_grpc.go:383.101,386.2 2 0
project/internal/service/mocks/mock_friend_grpc.go:389.123,395.2 5 0
project/internal/service/mocks/mock_friend_grpc.go:398.105,401.2 2 0
project/internal/service/mocks/mock_friend_grpc.go:404.116,410.2 5 0
project/internal/service/mocks/mock_friend_grpc.go:413.98,416.2 2 0
project/internal/service/mocks/mock_friend_grpc.go:419.164,425.2 5 0
project/internal/service/mocks/mock_friend_grpc.go:428.130,431.2 2 0
project/internal/service/mocks/mock_friend_grpc.go:434.134,440.2 5 0
project/internal/service/mocks/mock_friend_grpc.go:443.103,446.2 2 0
project/internal/service/mocks/mock_friend_grpc.go:449.79,452.2 2 0
project/internal/service/mocks/mock_friend_grpc.go:455.105,458.2 2 0
project/internal/service/mocks/mock_friend_grpc.go:472.95,476.2 3 0
project/internal/service/mocks/mock_friend_grpc.go:479.93,481.2 1 0
project/internal/service/mocks/mock_friend_grpc.go:484.85,487.2 2 0
project/internal/service/mocks/mock_friend_grpc.go:490.111,493.2 2 0
project/internal/service/mocks/mock_post.go:27.67,31.2 3 0
project/internal/service/mocks/mock_post.go:34.65,36.2 1 0
project/internal/service/mocks/mock_post.go:39.172,45.2 5 0
project/internal/service/mocks/mock_post.go:48.137,51.2 2 0
project/internal/service/mocks/mock_post.go:54.92,59.2 4 0
project/internal/service/mocks/mock_post.go:62.97,65.2 2 0
project/internal/service/mocks/mock_post.go:68.155,74.2 5 0
project/internal/service/mocks/mock_post.go:77.117,80.2 2 0
project/internal/service/mocks/mock_post.go:83.109,89.2 5 0
project/internal/service/mocks/mock_post.go:92.94,95.2 2 0
project/internal/service/mocks/mock_post.go:98.154,104.2 5 0
project/internal/service/mocks/mock_post.go:107.111,110.2 2 0
project/internal/service/mocks/mock_post.go:113.138,119.2 5 0
project/internal/service/mocks/mock_post.go:122.100,125.2 2 0
project/internal/service/mocks/mock_post.go:128.101,133.2 4 0
project/internal/service/mocks/mock_post.go:136.111,139.2 2 0
project/internal/service/mocks/mock_post.go:142.149,147.2 4 0
project/internal/service/mocks/mock_post.go:150.132,153.2 2 0
project/internal/service/mocks/mock_post.go:167.63,171.2 3 0
project/internal/service/mocks/mock_post.go:174.61,176.2 1 0
project/internal/service/mocks/mock_post.go:179.82,184.2 4 0
project/internal/service/mocks/mock_post.go:187.85,190.2 2 0
project/internal/service/mocks/mock_post.go:193.82,198.2 4 0
project/internal/service/mocks/mock_post.go:201.93,204.2 2 0
project/internal/service/mocks/mock_post.go:207.131,213.2 5 0
project/internal/service/mocks/mock_post.go:216.122,219.2 2 0
project/internal/service/mocks/mock_post.go:222.105,228.2 5 0
project/internal/service/mocks/mock_post.go:231.92,234.2 2 0
project/internal/service/mocks/mock_post.go:237.138,243.2 5 0
project/internal/service/mocks/mock_post.go:246.118,249.2 2 0
project/internal/service/mocks/mock_post.go:252.119,258.2 5 0
project/internal/service/mocks/mock_post.go:261.110,264.2 2 0
project/internal/service/mocks/mock_post.go:267.99,272.2 4 0
project/internal/service/mocks/mock_post.go:275.109,278.2 2 0
project/internal/service/mocks/mock_post.go:281.82,286.2 4 0
project/internal/service/mocks/mock_post.go:289.85,292.2 2 0
project/internal/service/mocks/mock_profile.go:27.73,31.2 3 0
project/internal/service/mocks/mock_profile.go:34.71,36.2 1 0
project/internal/service/mocks/mock_profile.go:39.95,44.2 4 0
project/internal/service/mocks/mock_profile.go:47.96,50.2 2 0
project/internal/service/mocks/mock_profile.go:53.92,58.2 4 0
project/internal/service/mocks/mock_profile.go:61.102,64.2 2 0
project/internal/service/mocks/mock_profile.go:67.150,73.2 5 0
project/internal/service/mocks/mock_profile.go:76.127,79.2 2 0
project/internal/service/mocks/mock_profile.go:82.121,88.2 5 0
project/internal/service/mocks/mock_profile.go:91.112,94.2 2 0
project/internal/service/mocks/mock_profile.go:97.124,103.2 5 0
project/internal/service/mocks/mock_profile.go:106.107,109.2 2 0
project/internal/service/mocks/mock_profile.go:112.135,118.2 5 0
project/internal/service/mocks/mock_profile.go:121.110,124.2 2 0
project/internal/service/mocks/mock_profile.go:127.106,132.2 4 0
project/internal/service/mocks/mock_profile.go:135.101,138.2 2 0
project/internal/service/mocks/mock_profile.go:141.106,146.2 4 0
project/internal/service/mocks/mock_profile.go:149.101,152.2 2 0
project/internal/service/mocks/mock_profile.go:155.131,160.2 4 0
project/internal/service/mocks/mock_profile.go:163.111,166.2 2 0
project/internal/service/mocks/mock_profile.go:180.83,184.2 3 0
project/internal/service/mocks/mock_profile.go:187.81,189.2 1 0
project/internal/service/mocks/mock_profile.go:192.107,197.2 4 0
project/internal/service/mocks/mock_profile.go:200.110,203.2 2 0
project/internal/service/mocks/mock_profile.go:206.90,211.2 4 0
project/internal/service/mocks/mock_profile.go:214.100,217.2 2 0
project/internal/service/mocks/mock_profile.go:220.178,226.2 5 0
project/internal/service/mocks/mock_profile.go:229.157,232.2 2 0
project/internal/service/mocks/mock_profile.go:235.107,240.2 4 0
project/internal/service/mocks/mock_profile.go:243.110,246.2 2 0
project/internal/service/mocks/mock_profile.go:260.69,264.2 3 0
project/internal/service/mocks/mock_profile.go:267.67,269.2 1 0
project/internal/service/mocks/mock_profile.go:272.93,277.2 4 0
project/internal/service/mocks/mock_profile.go:280.94,283.2 2 0
project/internal/service/mocks/mock_profile.go:286.101,292.2 5 0
project/internal/service/mocks/mock_profile.go:295.100,298.2 2 0
project/internal/service/mocks/mock_profile.go:301.98,307.2 5 0
project/internal/service/mocks/mock_profile.go:310.97,313.2 2 0
project/internal/service/mocks/mock_profile.go:316.98,322.2 5 0
project/internal/service/mocks/mock_profile.go:325.97,328.2 2 0
project/internal/service/mocks/mock_profile.go:331.148,337.2 5 0
project/internal/service/mocks/mock_profile.go:340.125,343.2 2 0
project/internal/service/mocks/mock_profile.go:346.106,352.2 5 0
project/internal/service/mocks/mock_profile.go:355.98,358.2 2 0
project/internal/service/mocks/mock_profile.go:361.122,367.2 5 0
project/internal/service/mocks/mock_profile.go:370.105,373.2 2 0
project/internal/service/mocks/mock_profile.go:376.133,382.2 5 0
project/internal/service/mocks/mock_profile.go:385.108,388.2 2 0
project/internal/service/mocks/mock_profile.go:391.101,396.2 4 0
project/internal/service/mocks/mock_profile.go:399.104,402.2 2 0
project/internal/service/mocks/mock_profile.go:405.101,410.2 4 0
project/internal/service/mocks/mock_profile.go:413.104,416.2 2 0
project/internal/service/mocks/mock_profile.go:419.107,424.2 4 0
project/internal/service/mocks/mock_profile.go:427.102,430.2 2 0
project/internal/service/mocks/mock_profile_grpc.go:29.85,33.2 3 0
project/internal/service/mocks/mock_profile_grpc.go:36.83,38.2 1 0
project/internal/service/mocks/mock_profile_grpc.go:41.149,44.25 3 0
project/internal/service/mocks/mock_profile_grpc.go:44.25,46.3 1 0
project/internal/service/mocks/mock_profile_grpc.go:47.2,50.19 4 0
project/internal/service/mocks/mock_profile_grpc.go:54.118,58.2 3 0
project/internal/service/mocks/mock_profile_grpc.go:61.155,64.25 3 0
project/internal/service/mocks/mock_profile_grpc.go:64.25,66.3 1 0
project/internal/service/mocks/mock_profile_grpc.go:67.2,70.19 4 0
project/internal/service/mocks/mock_profile_grpc.go:74.125,78.2 3 0
project/internal/service/mocks/mock_profile_grpc.go:81.208,84.25 3 0
project/internal/service/mocks/mock_profile_grpc.go:84.25,86.3 1 0
project/internal/service/mocks/mock_profile_grpc.go:87.2,90.19 4 0
project/internal/service/mocks/mock_profile_grpc.go:94.134,98.2 3 0
project/internal/service/mocks/mock_profile_grpc.go:101.175,104.25 3 0
project/internal/service/mocks/mock_profile_grpc.go:104.25,106.3 1 0
project/internal/service/mocks/mock_profile_grpc.go:107.2,110.19 4 0
project/internal/service/mocks/mock_profile_grpc.go:114.123,118.2 3 0
project/internal/service/mocks/mock_profile_grpc.go:121.193,124.25 3 0
project/internal/service/mocks/mock_profile_grpc.go:124.25,126.3 1 0
project/internal/service/mocks/mock_profile_grpc.go:127.2,130.19 4 0
project/internal/service/mocks/mock_profile_grpc.go:134.129,138.2 3 0
project/internal/service/mocks/mock_profile_grpc.go:141.202,144.25 3 0
project/internal/service/mocks/mock_profile_grpc.go:144.25,146.3 1 0
project/internal/service/mocks/mock_profile_grpc.go:147.2,150.19 4 0
project/internal/service/mocks/mock_profile_grpc.go:154.132,158.2 3 0
project/internal/service/mocks/mock_profile_grpc.go:161.147,164.25 3 0
project/internal/service/mocks/mock_profile_grpc.go:164.25,166.3 1 0
project/internal/service/mocks/mock_profile_grpc.go:167.2,170.19 4 0
project/internal/service/mocks/mock_profile_grpc.go:174.117,178.2 3 0
project/internal/service/mocks/mock_profile_grpc.go:181.147,184.25 3 0
project/internal/service/mocks/mock_profile_grpc.go:184.25,186.3 1 0
project/internal/service/mocks/mock_profile_grpc.go:187.2,190.19 4 0
project/internal/service/mocks/mock_profile_grpc.go:194.117,198.2 3 0
project/internal/service/mocks/mock_profile_grpc.go:201.149,204.25 3 0
project/internal/service/mocks/mock_profile_grpc.go:204.25,206.3 1 0
project/internal/service/mocks/mock_profile_grpc.go:207.2,210.19 4 0
project/internal/service/mocks/mock_profile_grpc.go:214.118,218.2 3 0
project/internal/service/mocks/mock_profile_grpc.go:232.85,236.2 3 0
project/internal/service/mocks/mock_profile_grpc.go:239.83,241.2 1 0
project/internal/service/mocks/mock_profile_grpc.go:244.127,250.2 5 0
project/internal/service/mocks/mock_profile_grpc.go:253.100,256.2 2 0
project/internal/service/mocks/mock_profile_grpc.go:259.133,265.2 5 0
project/internal/service/mocks/mock_profile_grpc.go:268.107,271.2 2 0
project/internal/service/mocks/mock_profile_grpc.go:274.186,280.2 5 0
project/internal/service/mocks/mock_profile_grpc.go:283.116,286.2 2 0
project/internal/service/mocks/mock_profile_grpc.go:289.153,295.2 5 0
project/internal/service/mocks/mock_profile_grpc.go:298.105,301.2 2 0
project/internal/service/mocks/mock_profile_grpc.go:304.171,310.2 5 0
project/internal/service/mocks/mock_profile_grpc.go:313.111,316.2 2 0
project/internal/service/mocks/mock_profile_grpc.go:319.180,325.2 5 0
project/internal/service/mocks/mock_profile_grpc.go:328.114,331.2 2 0
project/internal/service/mocks/mock_profile_grpc.go:334.125,340.2 5 0
project/internal/service/mocks/mock_profile_grpc.go:343.99,346.2 2 0
project/internal/service/mocks/mock_profile_grpc.go:349.125,355.2 5 0
project/internal/service/mocks/mock_profile_grpc.go:358.99,361.2 2 0
project/internal/service/mocks/mock_profile_grpc.go:364.127,370.2 5 0
project/internal/service/mocks/mock_profile_grpc.go:373.100,376.2 2 0
project/internal/service/mocks/mock_profile_grpc.go:379.81,382.2 2 0
project/internal/service/mocks/mock_profile_grpc.go:385.107,388.2 2 0
project/internal/service/mocks/mock_profile_grpc.go:402.97,406.2 3 0
project/internal/service/mocks/mock_profile_grpc.go:409.95,411.2 1 0
project/internal/service/mocks/mock_profile_grpc.go:414.87,417.2 2 0
project/internal/service/mocks/mock_profile_grpc.go:420.113,423.2 2 0
